ARM GAS  C:\Users\Mahrukh\AppData\Local\Temp\ccL4Gziy.s 			page 1


   1              		.syntax unified
   2              		.cpu cortex-m0plus
   3              		.fpu softvfp
   4              		.eabi_attribute 20, 1
   5              		.eabi_attribute 21, 1
   6              		.eabi_attribute 23, 3
   7              		.eabi_attribute 24, 1
   8              		.eabi_attribute 25, 1
   9              		.eabi_attribute 26, 1
  10              		.eabi_attribute 30, 1
  11              		.eabi_attribute 34, 0
  12              		.eabi_attribute 18, 4
  13              		.thumb
  14              		.syntax unified
  15              		.file	"main_cm0p.c"
  16              		.text
  17              	.Ltext0:
  18              		.cfi_sections	.debug_frame
  19              		.section	.text.main,"ax",%progbits
  20              		.align	2
  21              		.global	main
  22              		.code	16
  23              		.thumb_func
  24              		.type	main, %function
  25              	main:
  26              	.LFB549:
  27              		.file 1 "main_cm0p.c"
   1:main_cm0p.c   **** /******************************************************************************
   2:main_cm0p.c   **** * File Name: main_cm0p.c
   3:main_cm0p.c   **** *
   4:main_cm0p.c   **** * Version: 1.10
   5:main_cm0p.c   **** *
   6:main_cm0p.c   **** * Description: This file main application code for the CE223727 EmWin Graphics
   7:main_cm0p.c   **** *				library EInk Display, for the CM0+ processor.  The only action
   8:main_cm0p.c   **** *				this file performs is to start the CM4 processor.
   9:main_cm0p.c   **** *
  10:main_cm0p.c   **** * Hardware Dependency: CY8CKIT-028-EPD E-Ink Display Shield
  11:main_cm0p.c   **** *					   CY8CKIT-062-BLE PSoC6 BLE Pioneer Kit
  12:main_cm0p.c   **** *
  13:main_cm0p.c   **** *******************************************************************************
  14:main_cm0p.c   **** * Copyright (2018), Cypress Semiconductor Corporation. All rights reserved.
  15:main_cm0p.c   **** *******************************************************************************
  16:main_cm0p.c   **** * This software, including source code, documentation and related materials
  17:main_cm0p.c   **** * (“Software”), is owned by Cypress Semiconductor Corporation or one of its
  18:main_cm0p.c   **** * subsidiaries (“Cypress”) and is protected by and subject to worldwide patent
  19:main_cm0p.c   **** * protection (United States and foreign), United States copyright laws and
  20:main_cm0p.c   **** * international treaty provisions. Therefore, you may use this Software only
  21:main_cm0p.c   **** * as provided in the license agreement accompanying the software package from
  22:main_cm0p.c   **** * which you obtained this Software (“EULA”).
  23:main_cm0p.c   **** *
  24:main_cm0p.c   **** * If no EULA applies, Cypress hereby grants you a personal, nonexclusive,
  25:main_cm0p.c   **** * non-transferable license to copy, modify, and compile the Software source
  26:main_cm0p.c   **** * code solely for use in connection with Cypress’s integrated circuit products.
  27:main_cm0p.c   **** * Any reproduction, modification, translation, compilation, or representation
  28:main_cm0p.c   **** * of this Software except as specified above is prohibited without the express
  29:main_cm0p.c   **** * written permission of Cypress.
  30:main_cm0p.c   **** *
ARM GAS  C:\Users\Mahrukh\AppData\Local\Temp\ccL4Gziy.s 			page 2


  31:main_cm0p.c   **** * Disclaimer: THIS SOFTWARE IS PROVIDED AS-IS, WITH NO WARRANTY OF ANY KIND, 
  32:main_cm0p.c   **** * EXPRESS OR IMPLIED, INCLUDING, BUT NOT LIMITED TO, NONINFRINGEMENT, IMPLIED 
  33:main_cm0p.c   **** * WARRANTIES OF MERCHANTABILITY AND FITNESS FOR A PARTICULAR PURPOSE. Cypress 
  34:main_cm0p.c   **** * reserves the right to make changes to the Software without notice. Cypress 
  35:main_cm0p.c   **** * does not assume any liability arising out of the application or use of the 
  36:main_cm0p.c   **** * Software or any product or circuit described in the Software. Cypress does 
  37:main_cm0p.c   **** * not authorize its products for use in any products where a malfunction or 
  38:main_cm0p.c   **** * failure of the Cypress product may reasonably be expected to result in 
  39:main_cm0p.c   **** * significant property damage, injury or death (“High Risk Product”). By 
  40:main_cm0p.c   **** * including Cypress’s product in a High Risk Product, the manufacturer of such 
  41:main_cm0p.c   **** * system or application assumes all risk of such use and in doing so agrees to 
  42:main_cm0p.c   **** * indemnify Cypress against all liability.
  43:main_cm0p.c   **** *******************************************************************************/
  44:main_cm0p.c   **** #include "project.h"
  45:main_cm0p.c   **** 
  46:main_cm0p.c   **** int main(void)
  47:main_cm0p.c   **** {
  28              		.loc 1 47 0
  29              		.cfi_startproc
  30              		@ Volatile: function does not return.
  31              		@ args = 0, pretend = 0, frame = 0
  32              		@ frame_needed = 0, uses_anonymous_args = 0
  33 0000 10B5     		push	{r4, lr}
  34              		.cfi_def_cfa_offset 8
  35              		.cfi_offset 4, -8
  36              		.cfi_offset 14, -4
  48:main_cm0p.c   ****     /*__enable_irq(); */ /* Enable global interrupts. */
  49:main_cm0p.c   ****     
  50:main_cm0p.c   **** 	/* Enable CM4.  CY_CORTEX_M4_APPL_ADDR must be updated if CM4 memory layout is changed. */
  51:main_cm0p.c   ****     Cy_SysEnableCM4(CY_CORTEX_M4_APPL_ADDR); 
  37              		.loc 1 51 0
  38 0002 0348     		ldr	r0, .L3
  39 0004 FFF7FEFF 		bl	Cy_SysEnableCM4
  40              	.LVL0:
  41              	.L2:
  52:main_cm0p.c   **** 
  53:main_cm0p.c   ****     /* Place your initialization/startup code here (e.g. MyInst_Start()) */
  54:main_cm0p.c   **** 
  55:main_cm0p.c   ****     for(;;)
  56:main_cm0p.c   ****     {
  57:main_cm0p.c   ****         /* Place your application code here. */
  58:main_cm0p.c   **** 		Cy_SysPm_DeepSleep(CY_SYSPM_WAIT_FOR_INTERRUPT);
  42              		.loc 1 58 0 discriminator 1
  43 0008 0020     		movs	r0, #0
  44 000a FFF7FEFF 		bl	Cy_SysPm_CpuEnterDeepSleep
  45              	.LVL1:
  46 000e FBE7     		b	.L2
  47              	.L4:
  48              		.align	2
  49              	.L3:
  50 0010 00000810 		.word	268959744
  51              		.cfi_endproc
  52              	.LFE549:
  53              		.size	main, .-main
  54              		.text
  55              	.Letext0:
  56              		.file 2 "c:\\program files (x86)\\cypress\\psoc creator\\4.4\\psoc creator\\import\\gnu\\arm\\5.4.
ARM GAS  C:\Users\Mahrukh\AppData\Local\Temp\ccL4Gziy.s 			page 3


  57              		.file 3 "c:\\program files (x86)\\cypress\\psoc creator\\4.4\\psoc creator\\import\\gnu\\arm\\5.4.
  58              		.file 4 "Generated_Source\\PSoC6\\pdl\\drivers/peripheral/device/cy_device.h"
  59              		.file 5 "Generated_Source\\PSoC6\\pdl\\drivers/peripheral/syspm/cy_syspm.h"
  60              		.file 6 "Generated_Source\\PSoC6\\pdl\\drivers/peripheral/sar/cy_sar.h"
  61              		.file 7 "Generated_Source\\PSoC6\\pdl\\drivers/peripheral/scb/cy_scb_spi.h"
  62              		.file 8 "Generated_Source\\PSoC6\\pdl\\drivers/peripheral/tcpwm/cy_tcpwm_counter.h"
  63              		.file 9 "Generated_Source\\PSoC6\\pdl\\drivers/peripheral/tcpwm/cy_tcpwm_pwm.h"
  64              		.file 10 "Generated_Source\\PSoC6/ADC_1.h"
  65              		.file 11 "Generated_Source\\PSoC6/CY_EINK_SPIM.h"
  66              		.file 12 "Generated_Source\\PSoC6/CY_EINK_Timer.h"
  67              		.file 13 "Generated_Source\\PSoC6/PWM.h"
  68              		.file 14 "./system_psoc6.h"
  69              		.section	.debug_info,"",%progbits
  70              	.Ldebug_info0:
  71 0000 540A0000 		.4byte	0xa54
  72 0004 0400     		.2byte	0x4
  73 0006 00000000 		.4byte	.Ldebug_abbrev0
  74 000a 04       		.byte	0x4
  75 000b 01       		.uleb128 0x1
  76 000c BF080000 		.4byte	.LASF195
  77 0010 0C       		.byte	0xc
  78 0011 8F000000 		.4byte	.LASF196
  79 0015 07010000 		.4byte	.LASF197
  80 0019 00000000 		.4byte	.Ldebug_ranges0+0
  81 001d 00000000 		.4byte	0
  82 0021 00000000 		.4byte	.Ldebug_line0
  83 0025 02       		.uleb128 0x2
  84 0026 02       		.byte	0x2
  85 0027 05       		.byte	0x5
  86 0028 07080000 		.4byte	.LASF0
  87 002c 02       		.uleb128 0x2
  88 002d 01       		.byte	0x1
  89 002e 08       		.byte	0x8
  90 002f E5070000 		.4byte	.LASF1
  91 0033 02       		.uleb128 0x2
  92 0034 01       		.byte	0x1
  93 0035 06       		.byte	0x6
  94 0036 B00A0000 		.4byte	.LASF2
  95 003a 03       		.uleb128 0x3
  96 003b B6000000 		.4byte	.LASF3
  97 003f 02       		.byte	0x2
  98 0040 1D       		.byte	0x1d
  99 0041 2C000000 		.4byte	0x2c
 100 0045 03       		.uleb128 0x3
 101 0046 3C040000 		.4byte	.LASF4
 102 004a 02       		.byte	0x2
 103 004b 29       		.byte	0x29
 104 004c 25000000 		.4byte	0x25
 105 0050 03       		.uleb128 0x3
 106 0051 8D090000 		.4byte	.LASF5
 107 0055 02       		.byte	0x2
 108 0056 2B       		.byte	0x2b
 109 0057 5B000000 		.4byte	0x5b
 110 005b 02       		.uleb128 0x2
 111 005c 02       		.byte	0x2
 112 005d 07       		.byte	0x7
 113 005e D4030000 		.4byte	.LASF6
ARM GAS  C:\Users\Mahrukh\AppData\Local\Temp\ccL4Gziy.s 			page 4


 114 0062 02       		.uleb128 0x2
 115 0063 04       		.byte	0x4
 116 0064 05       		.byte	0x5
 117 0065 36030000 		.4byte	.LASF7
 118 0069 03       		.uleb128 0x3
 119 006a 06040000 		.4byte	.LASF8
 120 006e 02       		.byte	0x2
 121 006f 41       		.byte	0x41
 122 0070 74000000 		.4byte	0x74
 123 0074 02       		.uleb128 0x2
 124 0075 04       		.byte	0x4
 125 0076 07       		.byte	0x7
 126 0077 CA040000 		.4byte	.LASF9
 127 007b 02       		.uleb128 0x2
 128 007c 08       		.byte	0x8
 129 007d 05       		.byte	0x5
 130 007e 20020000 		.4byte	.LASF10
 131 0082 02       		.uleb128 0x2
 132 0083 08       		.byte	0x8
 133 0084 07       		.byte	0x7
 134 0085 88010000 		.4byte	.LASF11
 135 0089 04       		.uleb128 0x4
 136 008a 04       		.byte	0x4
 137 008b 05       		.byte	0x5
 138 008c 696E7400 		.ascii	"int\000"
 139 0090 02       		.uleb128 0x2
 140 0091 04       		.byte	0x4
 141 0092 07       		.byte	0x7
 142 0093 8E040000 		.4byte	.LASF12
 143 0097 03       		.uleb128 0x3
 144 0098 CE090000 		.4byte	.LASF13
 145 009c 03       		.byte	0x3
 146 009d 18       		.byte	0x18
 147 009e 3A000000 		.4byte	0x3a
 148 00a2 03       		.uleb128 0x3
 149 00a3 04020000 		.4byte	.LASF14
 150 00a7 03       		.byte	0x3
 151 00a8 20       		.byte	0x20
 152 00a9 45000000 		.4byte	0x45
 153 00ad 03       		.uleb128 0x3
 154 00ae 9B040000 		.4byte	.LASF15
 155 00b2 03       		.byte	0x3
 156 00b3 24       		.byte	0x24
 157 00b4 50000000 		.4byte	0x50
 158 00b8 03       		.uleb128 0x3
 159 00b9 8A080000 		.4byte	.LASF16
 160 00bd 03       		.byte	0x3
 161 00be 30       		.byte	0x30
 162 00bf 69000000 		.4byte	0x69
 163 00c3 02       		.uleb128 0x2
 164 00c4 04       		.byte	0x4
 165 00c5 07       		.byte	0x7
 166 00c6 97060000 		.4byte	.LASF17
 167 00ca 05       		.uleb128 0x5
 168 00cb B8000000 		.4byte	0xb8
 169 00cf 02       		.uleb128 0x2
 170 00d0 08       		.byte	0x8
ARM GAS  C:\Users\Mahrukh\AppData\Local\Temp\ccL4Gziy.s 			page 5


 171 00d1 04       		.byte	0x4
 172 00d2 57090000 		.4byte	.LASF18
 173 00d6 06       		.uleb128 0x6
 174 00d7 B8       		.byte	0xb8
 175 00d8 04       		.byte	0x4
 176 00d9 34       		.byte	0x34
 177 00da E7040000 		.4byte	0x4e7
 178 00de 07       		.uleb128 0x7
 179 00df 5E010000 		.4byte	.LASF19
 180 00e3 04       		.byte	0x4
 181 00e4 37       		.byte	0x37
 182 00e5 B8000000 		.4byte	0xb8
 183 00e9 00       		.byte	0
 184 00ea 07       		.uleb128 0x7
 185 00eb FB030000 		.4byte	.LASF20
 186 00ef 04       		.byte	0x4
 187 00f0 38       		.byte	0x38
 188 00f1 B8000000 		.4byte	0xb8
 189 00f5 04       		.byte	0x4
 190 00f6 07       		.uleb128 0x7
 191 00f7 4D030000 		.4byte	.LASF21
 192 00fb 04       		.byte	0x4
 193 00fc 39       		.byte	0x39
 194 00fd B8000000 		.4byte	0xb8
 195 0101 08       		.byte	0x8
 196 0102 07       		.uleb128 0x7
 197 0103 B5070000 		.4byte	.LASF22
 198 0107 04       		.byte	0x4
 199 0108 3A       		.byte	0x3a
 200 0109 B8000000 		.4byte	0xb8
 201 010d 0C       		.byte	0xc
 202 010e 07       		.uleb128 0x7
 203 010f A6020000 		.4byte	.LASF23
 204 0113 04       		.byte	0x4
 205 0114 3B       		.byte	0x3b
 206 0115 B8000000 		.4byte	0xb8
 207 0119 10       		.byte	0x10
 208 011a 07       		.uleb128 0x7
 209 011b FC020000 		.4byte	.LASF24
 210 011f 04       		.byte	0x4
 211 0120 3C       		.byte	0x3c
 212 0121 B8000000 		.4byte	0xb8
 213 0125 14       		.byte	0x14
 214 0126 07       		.uleb128 0x7
 215 0127 F9040000 		.4byte	.LASF25
 216 012b 04       		.byte	0x4
 217 012c 3D       		.byte	0x3d
 218 012d B8000000 		.4byte	0xb8
 219 0131 18       		.byte	0x18
 220 0132 07       		.uleb128 0x7
 221 0133 86000000 		.4byte	.LASF26
 222 0137 04       		.byte	0x4
 223 0138 3E       		.byte	0x3e
 224 0139 B8000000 		.4byte	0xb8
 225 013d 1C       		.byte	0x1c
 226 013e 07       		.uleb128 0x7
 227 013f EA0B0000 		.4byte	.LASF27
ARM GAS  C:\Users\Mahrukh\AppData\Local\Temp\ccL4Gziy.s 			page 6


 228 0143 04       		.byte	0x4
 229 0144 3F       		.byte	0x3f
 230 0145 B8000000 		.4byte	0xb8
 231 0149 20       		.byte	0x20
 232 014a 07       		.uleb128 0x7
 233 014b 26070000 		.4byte	.LASF28
 234 014f 04       		.byte	0x4
 235 0150 40       		.byte	0x40
 236 0151 B8000000 		.4byte	0xb8
 237 0155 24       		.byte	0x24
 238 0156 07       		.uleb128 0x7
 239 0157 4D060000 		.4byte	.LASF29
 240 015b 04       		.byte	0x4
 241 015c 43       		.byte	0x43
 242 015d 97000000 		.4byte	0x97
 243 0161 28       		.byte	0x28
 244 0162 07       		.uleb128 0x7
 245 0163 69000000 		.4byte	.LASF30
 246 0167 04       		.byte	0x4
 247 0168 44       		.byte	0x44
 248 0169 97000000 		.4byte	0x97
 249 016d 29       		.byte	0x29
 250 016e 07       		.uleb128 0x7
 251 016f E00B0000 		.4byte	.LASF31
 252 0173 04       		.byte	0x4
 253 0174 45       		.byte	0x45
 254 0175 97000000 		.4byte	0x97
 255 0179 2A       		.byte	0x2a
 256 017a 07       		.uleb128 0x7
 257 017b 18070000 		.4byte	.LASF32
 258 017f 04       		.byte	0x4
 259 0180 46       		.byte	0x46
 260 0181 97000000 		.4byte	0x97
 261 0185 2B       		.byte	0x2b
 262 0186 07       		.uleb128 0x7
 263 0187 9D050000 		.4byte	.LASF33
 264 018b 04       		.byte	0x4
 265 018c 47       		.byte	0x47
 266 018d 97000000 		.4byte	0x97
 267 0191 2C       		.byte	0x2c
 268 0192 07       		.uleb128 0x7
 269 0193 D6090000 		.4byte	.LASF34
 270 0197 04       		.byte	0x4
 271 0198 48       		.byte	0x48
 272 0199 97000000 		.4byte	0x97
 273 019d 2D       		.byte	0x2d
 274 019e 07       		.uleb128 0x7
 275 019f AF020000 		.4byte	.LASF35
 276 01a3 04       		.byte	0x4
 277 01a4 49       		.byte	0x49
 278 01a5 97000000 		.4byte	0x97
 279 01a9 2E       		.byte	0x2e
 280 01aa 07       		.uleb128 0x7
 281 01ab 5A060000 		.4byte	.LASF36
 282 01af 04       		.byte	0x4
 283 01b0 4A       		.byte	0x4a
 284 01b1 97000000 		.4byte	0x97
ARM GAS  C:\Users\Mahrukh\AppData\Local\Temp\ccL4Gziy.s 			page 7


 285 01b5 2F       		.byte	0x2f
 286 01b6 07       		.uleb128 0x7
 287 01b7 73090000 		.4byte	.LASF37
 288 01bb 04       		.byte	0x4
 289 01bc 4B       		.byte	0x4b
 290 01bd 97000000 		.4byte	0x97
 291 01c1 30       		.byte	0x30
 292 01c2 07       		.uleb128 0x7
 293 01c3 EE040000 		.4byte	.LASF38
 294 01c7 04       		.byte	0x4
 295 01c8 4E       		.byte	0x4e
 296 01c9 97000000 		.4byte	0x97
 297 01cd 31       		.byte	0x31
 298 01ce 07       		.uleb128 0x7
 299 01cf A8000000 		.4byte	.LASF39
 300 01d3 04       		.byte	0x4
 301 01d4 4F       		.byte	0x4f
 302 01d5 97000000 		.4byte	0x97
 303 01d9 32       		.byte	0x32
 304 01da 07       		.uleb128 0x7
 305 01db 82040000 		.4byte	.LASF40
 306 01df 04       		.byte	0x4
 307 01e0 50       		.byte	0x50
 308 01e1 97000000 		.4byte	0x97
 309 01e5 33       		.byte	0x33
 310 01e6 07       		.uleb128 0x7
 311 01e7 AB060000 		.4byte	.LASF41
 312 01eb 04       		.byte	0x4
 313 01ec 51       		.byte	0x51
 314 01ed 97000000 		.4byte	0x97
 315 01f1 34       		.byte	0x34
 316 01f2 07       		.uleb128 0x7
 317 01f3 540A0000 		.4byte	.LASF42
 318 01f7 04       		.byte	0x4
 319 01f8 52       		.byte	0x52
 320 01f9 A2000000 		.4byte	0xa2
 321 01fd 36       		.byte	0x36
 322 01fe 07       		.uleb128 0x7
 323 01ff 7F030000 		.4byte	.LASF43
 324 0203 04       		.byte	0x4
 325 0204 53       		.byte	0x53
 326 0205 A2000000 		.4byte	0xa2
 327 0209 38       		.byte	0x38
 328 020a 07       		.uleb128 0x7
 329 020b CD0A0000 		.4byte	.LASF44
 330 020f 04       		.byte	0x4
 331 0210 54       		.byte	0x54
 332 0211 A2000000 		.4byte	0xa2
 333 0215 3A       		.byte	0x3a
 334 0216 07       		.uleb128 0x7
 335 0217 ED020000 		.4byte	.LASF45
 336 021b 04       		.byte	0x4
 337 021c 55       		.byte	0x55
 338 021d 97000000 		.4byte	0x97
 339 0221 3C       		.byte	0x3c
 340 0222 07       		.uleb128 0x7
 341 0223 A6030000 		.4byte	.LASF46
ARM GAS  C:\Users\Mahrukh\AppData\Local\Temp\ccL4Gziy.s 			page 8


 342 0227 04       		.byte	0x4
 343 0228 56       		.byte	0x56
 344 0229 97000000 		.4byte	0x97
 345 022d 3D       		.byte	0x3d
 346 022e 07       		.uleb128 0x7
 347 022f 5A080000 		.4byte	.LASF47
 348 0233 04       		.byte	0x4
 349 0234 57       		.byte	0x57
 350 0235 97000000 		.4byte	0x97
 351 0239 3E       		.byte	0x3e
 352 023a 07       		.uleb128 0x7
 353 023b 6F010000 		.4byte	.LASF48
 354 023f 04       		.byte	0x4
 355 0240 58       		.byte	0x58
 356 0241 97000000 		.4byte	0x97
 357 0245 3F       		.byte	0x3f
 358 0246 07       		.uleb128 0x7
 359 0247 31070000 		.4byte	.LASF49
 360 024b 04       		.byte	0x4
 361 024c 59       		.byte	0x59
 362 024d 97000000 		.4byte	0x97
 363 0251 40       		.byte	0x40
 364 0252 07       		.uleb128 0x7
 365 0253 11040000 		.4byte	.LASF50
 366 0257 04       		.byte	0x4
 367 0258 5A       		.byte	0x5a
 368 0259 97000000 		.4byte	0x97
 369 025d 41       		.byte	0x41
 370 025e 07       		.uleb128 0x7
 371 025f 02050000 		.4byte	.LASF51
 372 0263 04       		.byte	0x4
 373 0264 5B       		.byte	0x5b
 374 0265 97000000 		.4byte	0x97
 375 0269 42       		.byte	0x42
 376 026a 07       		.uleb128 0x7
 377 026b 0D070000 		.4byte	.LASF52
 378 026f 04       		.byte	0x4
 379 0270 5C       		.byte	0x5c
 380 0271 97000000 		.4byte	0x97
 381 0275 43       		.byte	0x43
 382 0276 07       		.uleb128 0x7
 383 0277 56030000 		.4byte	.LASF53
 384 027b 04       		.byte	0x4
 385 027c 5D       		.byte	0x5d
 386 027d 97000000 		.4byte	0x97
 387 0281 44       		.byte	0x44
 388 0282 07       		.uleb128 0x7
 389 0283 00000000 		.4byte	.LASF54
 390 0287 04       		.byte	0x4
 391 0288 5E       		.byte	0x5e
 392 0289 B8000000 		.4byte	0xb8
 393 028d 48       		.byte	0x48
 394 028e 07       		.uleb128 0x7
 395 028f 3F030000 		.4byte	.LASF55
 396 0293 04       		.byte	0x4
 397 0294 5F       		.byte	0x5f
 398 0295 B8000000 		.4byte	0xb8
ARM GAS  C:\Users\Mahrukh\AppData\Local\Temp\ccL4Gziy.s 			page 9


 399 0299 4C       		.byte	0x4c
 400 029a 07       		.uleb128 0x7
 401 029b 1A0C0000 		.4byte	.LASF56
 402 029f 04       		.byte	0x4
 403 02a0 60       		.byte	0x60
 404 02a1 97000000 		.4byte	0x97
 405 02a5 50       		.byte	0x50
 406 02a6 07       		.uleb128 0x7
 407 02a7 DE010000 		.4byte	.LASF57
 408 02ab 04       		.byte	0x4
 409 02ac 61       		.byte	0x61
 410 02ad 97000000 		.4byte	0x97
 411 02b1 51       		.byte	0x51
 412 02b2 07       		.uleb128 0x7
 413 02b3 F00A0000 		.4byte	.LASF58
 414 02b7 04       		.byte	0x4
 415 02b8 62       		.byte	0x62
 416 02b9 97000000 		.4byte	0x97
 417 02bd 52       		.byte	0x52
 418 02be 07       		.uleb128 0x7
 419 02bf 080C0000 		.4byte	.LASF59
 420 02c3 04       		.byte	0x4
 421 02c4 63       		.byte	0x63
 422 02c5 97000000 		.4byte	0x97
 423 02c9 53       		.byte	0x53
 424 02ca 07       		.uleb128 0x7
 425 02cb 68080000 		.4byte	.LASF60
 426 02cf 04       		.byte	0x4
 427 02d0 64       		.byte	0x64
 428 02d1 97000000 		.4byte	0x97
 429 02d5 54       		.byte	0x54
 430 02d6 07       		.uleb128 0x7
 431 02d7 F0010000 		.4byte	.LASF61
 432 02db 04       		.byte	0x4
 433 02dc 65       		.byte	0x65
 434 02dd 97000000 		.4byte	0x97
 435 02e1 55       		.byte	0x55
 436 02e2 07       		.uleb128 0x7
 437 02e3 B6040000 		.4byte	.LASF62
 438 02e7 04       		.byte	0x4
 439 02e8 66       		.byte	0x66
 440 02e9 97000000 		.4byte	0x97
 441 02ed 56       		.byte	0x56
 442 02ee 07       		.uleb128 0x7
 443 02ef 0E050000 		.4byte	.LASF63
 444 02f3 04       		.byte	0x4
 445 02f4 67       		.byte	0x67
 446 02f5 97000000 		.4byte	0x97
 447 02f9 57       		.byte	0x57
 448 02fa 07       		.uleb128 0x7
 449 02fb 24000000 		.4byte	.LASF64
 450 02ff 04       		.byte	0x4
 451 0300 68       		.byte	0x68
 452 0301 97000000 		.4byte	0x97
 453 0305 58       		.byte	0x58
 454 0306 07       		.uleb128 0x7
 455 0307 F3070000 		.4byte	.LASF65
ARM GAS  C:\Users\Mahrukh\AppData\Local\Temp\ccL4Gziy.s 			page 10


 456 030b 04       		.byte	0x4
 457 030c 69       		.byte	0x69
 458 030d 97000000 		.4byte	0x97
 459 0311 59       		.byte	0x59
 460 0312 07       		.uleb128 0x7
 461 0313 A0060000 		.4byte	.LASF66
 462 0317 04       		.byte	0x4
 463 0318 6E       		.byte	0x6e
 464 0319 AD000000 		.4byte	0xad
 465 031d 5A       		.byte	0x5a
 466 031e 07       		.uleb128 0x7
 467 031f 100A0000 		.4byte	.LASF67
 468 0323 04       		.byte	0x4
 469 0324 6F       		.byte	0x6f
 470 0325 AD000000 		.4byte	0xad
 471 0329 5C       		.byte	0x5c
 472 032a 07       		.uleb128 0x7
 473 032b 77000000 		.4byte	.LASF68
 474 032f 04       		.byte	0x4
 475 0330 70       		.byte	0x70
 476 0331 97000000 		.4byte	0x97
 477 0335 5E       		.byte	0x5e
 478 0336 07       		.uleb128 0x7
 479 0337 8F070000 		.4byte	.LASF69
 480 033b 04       		.byte	0x4
 481 033c 71       		.byte	0x71
 482 033d 97000000 		.4byte	0x97
 483 0341 5F       		.byte	0x5f
 484 0342 07       		.uleb128 0x7
 485 0343 FC060000 		.4byte	.LASF70
 486 0347 04       		.byte	0x4
 487 0348 72       		.byte	0x72
 488 0349 97000000 		.4byte	0x97
 489 034d 60       		.byte	0x60
 490 034e 07       		.uleb128 0x7
 491 034f 68070000 		.4byte	.LASF71
 492 0353 04       		.byte	0x4
 493 0354 73       		.byte	0x73
 494 0355 B8000000 		.4byte	0xb8
 495 0359 64       		.byte	0x64
 496 035a 07       		.uleb128 0x7
 497 035b AE010000 		.4byte	.LASF72
 498 035f 04       		.byte	0x4
 499 0360 76       		.byte	0x76
 500 0361 AD000000 		.4byte	0xad
 501 0365 68       		.byte	0x68
 502 0366 07       		.uleb128 0x7
 503 0367 A4040000 		.4byte	.LASF73
 504 036b 04       		.byte	0x4
 505 036c 77       		.byte	0x77
 506 036d AD000000 		.4byte	0xad
 507 0371 6A       		.byte	0x6a
 508 0372 07       		.uleb128 0x7
 509 0373 30050000 		.4byte	.LASF74
 510 0377 04       		.byte	0x4
 511 0378 78       		.byte	0x78
 512 0379 AD000000 		.4byte	0xad
ARM GAS  C:\Users\Mahrukh\AppData\Local\Temp\ccL4Gziy.s 			page 11


 513 037d 6C       		.byte	0x6c
 514 037e 07       		.uleb128 0x7
 515 037f 80050000 		.4byte	.LASF75
 516 0383 04       		.byte	0x4
 517 0384 79       		.byte	0x79
 518 0385 AD000000 		.4byte	0xad
 519 0389 6E       		.byte	0x6e
 520 038a 07       		.uleb128 0x7
 521 038b 24080000 		.4byte	.LASF76
 522 038f 04       		.byte	0x4
 523 0390 7B       		.byte	0x7b
 524 0391 97000000 		.4byte	0x97
 525 0395 70       		.byte	0x70
 526 0396 07       		.uleb128 0x7
 527 0397 63020000 		.4byte	.LASF77
 528 039b 04       		.byte	0x4
 529 039c 7C       		.byte	0x7c
 530 039d 97000000 		.4byte	0x97
 531 03a1 71       		.byte	0x71
 532 03a2 07       		.uleb128 0x7
 533 03a3 F20B0000 		.4byte	.LASF78
 534 03a7 04       		.byte	0x4
 535 03a8 7D       		.byte	0x7d
 536 03a9 97000000 		.4byte	0x97
 537 03ad 72       		.byte	0x72
 538 03ae 07       		.uleb128 0x7
 539 03af C9060000 		.4byte	.LASF79
 540 03b3 04       		.byte	0x4
 541 03b4 7E       		.byte	0x7e
 542 03b5 97000000 		.4byte	0x97
 543 03b9 73       		.byte	0x73
 544 03ba 07       		.uleb128 0x7
 545 03bb 78080000 		.4byte	.LASF80
 546 03bf 04       		.byte	0x4
 547 03c0 80       		.byte	0x80
 548 03c1 AD000000 		.4byte	0xad
 549 03c5 74       		.byte	0x74
 550 03c6 07       		.uleb128 0x7
 551 03c7 A3090000 		.4byte	.LASF81
 552 03cb 04       		.byte	0x4
 553 03cc 81       		.byte	0x81
 554 03cd AD000000 		.4byte	0xad
 555 03d1 76       		.byte	0x76
 556 03d2 07       		.uleb128 0x7
 557 03d3 91030000 		.4byte	.LASF82
 558 03d7 04       		.byte	0x4
 559 03d8 82       		.byte	0x82
 560 03d9 AD000000 		.4byte	0xad
 561 03dd 78       		.byte	0x78
 562 03de 07       		.uleb128 0x7
 563 03df CC000000 		.4byte	.LASF83
 564 03e3 04       		.byte	0x4
 565 03e4 83       		.byte	0x83
 566 03e5 AD000000 		.4byte	0xad
 567 03e9 7A       		.byte	0x7a
 568 03ea 07       		.uleb128 0x7
 569 03eb 490B0000 		.4byte	.LASF84
ARM GAS  C:\Users\Mahrukh\AppData\Local\Temp\ccL4Gziy.s 			page 12


 570 03ef 04       		.byte	0x4
 571 03f0 86       		.byte	0x86
 572 03f1 97000000 		.4byte	0x97
 573 03f5 7C       		.byte	0x7c
 574 03f6 07       		.uleb128 0x7
 575 03f7 910A0000 		.4byte	.LASF85
 576 03fb 04       		.byte	0x4
 577 03fc 87       		.byte	0x87
 578 03fd 97000000 		.4byte	0x97
 579 0401 7D       		.byte	0x7d
 580 0402 07       		.uleb128 0x7
 581 0403 38000000 		.4byte	.LASF86
 582 0407 04       		.byte	0x4
 583 0408 88       		.byte	0x88
 584 0409 97000000 		.4byte	0x97
 585 040d 7E       		.byte	0x7e
 586 040e 07       		.uleb128 0x7
 587 040f E7030000 		.4byte	.LASF87
 588 0413 04       		.byte	0x4
 589 0414 89       		.byte	0x89
 590 0415 97000000 		.4byte	0x97
 591 0419 7F       		.byte	0x7f
 592 041a 07       		.uleb128 0x7
 593 041b 6E040000 		.4byte	.LASF88
 594 041f 04       		.byte	0x4
 595 0420 8A       		.byte	0x8a
 596 0421 97000000 		.4byte	0x97
 597 0425 80       		.byte	0x80
 598 0426 07       		.uleb128 0x7
 599 0427 7A0A0000 		.4byte	.LASF89
 600 042b 04       		.byte	0x4
 601 042c 8D       		.byte	0x8d
 602 042d B8000000 		.4byte	0xb8
 603 0431 84       		.byte	0x84
 604 0432 07       		.uleb128 0x7
 605 0433 E1000000 		.4byte	.LASF90
 606 0437 04       		.byte	0x4
 607 0438 8E       		.byte	0x8e
 608 0439 B8000000 		.4byte	0xb8
 609 043d 88       		.byte	0x88
 610 043e 07       		.uleb128 0x7
 611 043f 340B0000 		.4byte	.LASF91
 612 0443 04       		.byte	0x4
 613 0444 8F       		.byte	0x8f
 614 0445 B8000000 		.4byte	0xb8
 615 0449 8C       		.byte	0x8c
 616 044a 07       		.uleb128 0x7
 617 044b 66060000 		.4byte	.LASF92
 618 044f 04       		.byte	0x4
 619 0450 90       		.byte	0x90
 620 0451 B8000000 		.4byte	0xb8
 621 0455 90       		.byte	0x90
 622 0456 07       		.uleb128 0x7
 623 0457 4F040000 		.4byte	.LASF93
 624 045b 04       		.byte	0x4
 625 045c 91       		.byte	0x91
 626 045d B8000000 		.4byte	0xb8
ARM GAS  C:\Users\Mahrukh\AppData\Local\Temp\ccL4Gziy.s 			page 13


 627 0461 94       		.byte	0x94
 628 0462 07       		.uleb128 0x7
 629 0463 2C060000 		.4byte	.LASF94
 630 0467 04       		.byte	0x4
 631 0468 92       		.byte	0x92
 632 0469 B8000000 		.4byte	0xb8
 633 046d 98       		.byte	0x98
 634 046e 07       		.uleb128 0x7
 635 046f AB0B0000 		.4byte	.LASF95
 636 0473 04       		.byte	0x4
 637 0474 93       		.byte	0x93
 638 0475 B8000000 		.4byte	0xb8
 639 0479 9C       		.byte	0x9c
 640 047a 07       		.uleb128 0x7
 641 047b BE010000 		.4byte	.LASF96
 642 047f 04       		.byte	0x4
 643 0480 94       		.byte	0x94
 644 0481 B8000000 		.4byte	0xb8
 645 0485 A0       		.byte	0xa0
 646 0486 07       		.uleb128 0x7
 647 0487 BA020000 		.4byte	.LASF97
 648 048b 04       		.byte	0x4
 649 048c 95       		.byte	0x95
 650 048d AD000000 		.4byte	0xad
 651 0491 A4       		.byte	0xa4
 652 0492 07       		.uleb128 0x7
 653 0493 17060000 		.4byte	.LASF98
 654 0497 04       		.byte	0x4
 655 0498 96       		.byte	0x96
 656 0499 AD000000 		.4byte	0xad
 657 049d A6       		.byte	0xa6
 658 049e 07       		.uleb128 0x7
 659 049f 83070000 		.4byte	.LASF99
 660 04a3 04       		.byte	0x4
 661 04a4 97       		.byte	0x97
 662 04a5 AD000000 		.4byte	0xad
 663 04a9 A8       		.byte	0xa8
 664 04aa 07       		.uleb128 0x7
 665 04ab 7F090000 		.4byte	.LASF100
 666 04af 04       		.byte	0x4
 667 04b0 98       		.byte	0x98
 668 04b1 AD000000 		.4byte	0xad
 669 04b5 AA       		.byte	0xaa
 670 04b6 07       		.uleb128 0x7
 671 04b7 3F050000 		.4byte	.LASF101
 672 04bb 04       		.byte	0x4
 673 04bc 99       		.byte	0x99
 674 04bd AD000000 		.4byte	0xad
 675 04c1 AC       		.byte	0xac
 676 04c2 07       		.uleb128 0x7
 677 04c3 E0060000 		.4byte	.LASF102
 678 04c7 04       		.byte	0x4
 679 04c8 9A       		.byte	0x9a
 680 04c9 AD000000 		.4byte	0xad
 681 04cd AE       		.byte	0xae
 682 04ce 07       		.uleb128 0x7
 683 04cf 3E070000 		.4byte	.LASF103
ARM GAS  C:\Users\Mahrukh\AppData\Local\Temp\ccL4Gziy.s 			page 14


 684 04d3 04       		.byte	0x4
 685 04d4 9D       		.byte	0x9d
 686 04d5 AD000000 		.4byte	0xad
 687 04d9 B0       		.byte	0xb0
 688 04da 07       		.uleb128 0x7
 689 04db 55000000 		.4byte	.LASF104
 690 04df 04       		.byte	0x4
 691 04e0 9E       		.byte	0x9e
 692 04e1 B8000000 		.4byte	0xb8
 693 04e5 B4       		.byte	0xb4
 694 04e6 00       		.byte	0
 695 04e7 03       		.uleb128 0x3
 696 04e8 BB050000 		.4byte	.LASF105
 697 04ec 04       		.byte	0x4
 698 04ed 9F       		.byte	0x9f
 699 04ee D6000000 		.4byte	0xd6
 700 04f2 02       		.uleb128 0x2
 701 04f3 01       		.byte	0x1
 702 04f4 08       		.byte	0x8
 703 04f5 63090000 		.4byte	.LASF106
 704 04f9 02       		.uleb128 0x2
 705 04fa 04       		.byte	0x4
 706 04fb 04       		.byte	0x4
 707 04fc 62070000 		.4byte	.LASF107
 708 0500 02       		.uleb128 0x2
 709 0501 08       		.byte	0x8
 710 0502 04       		.byte	0x4
 711 0503 8A030000 		.4byte	.LASF108
 712 0507 08       		.uleb128 0x8
 713 0508 01       		.byte	0x1
 714 0509 2C000000 		.4byte	0x2c
 715 050d 05       		.byte	0x5
 716 050e 2305     		.2byte	0x523
 717 0510 21050000 		.4byte	0x521
 718 0514 09       		.uleb128 0x9
 719 0515 380A0000 		.4byte	.LASF109
 720 0519 00       		.byte	0
 721 051a 09       		.uleb128 0x9
 722 051b B6090000 		.4byte	.LASF110
 723 051f 01       		.byte	0x1
 724 0520 00       		.byte	0
 725 0521 0A       		.uleb128 0xa
 726 0522 04       		.byte	0x4
 727 0523 02       		.uleb128 0x2
 728 0524 01       		.byte	0x1
 729 0525 02       		.byte	0x2
 730 0526 51090000 		.4byte	.LASF111
 731 052a 08       		.uleb128 0x8
 732 052b 01       		.byte	0x1
 733 052c 2C000000 		.4byte	0x2c
 734 0530 06       		.byte	0x6
 735 0531 1304     		.2byte	0x413
 736 0533 50050000 		.4byte	0x550
 737 0537 09       		.uleb128 0x9
 738 0538 1E030000 		.4byte	.LASF112
 739 053c 00       		.byte	0
 740 053d 09       		.uleb128 0x9
ARM GAS  C:\Users\Mahrukh\AppData\Local\Temp\ccL4Gziy.s 			page 15


 741 053e BD070000 		.4byte	.LASF113
 742 0542 01       		.byte	0x1
 743 0543 09       		.uleb128 0x9
 744 0544 67030000 		.4byte	.LASF114
 745 0548 02       		.byte	0x2
 746 0549 09       		.uleb128 0x9
 747 054a 880B0000 		.4byte	.LASF115
 748 054e 03       		.byte	0x3
 749 054f 00       		.byte	0
 750 0550 0B       		.uleb128 0xb
 751 0551 78020000 		.4byte	.LASF116
 752 0555 06       		.byte	0x6
 753 0556 1804     		.2byte	0x418
 754 0558 2A050000 		.4byte	0x52a
 755 055c 0C       		.uleb128 0xc
 756 055d 78       		.byte	0x78
 757 055e 06       		.byte	0x6
 758 055f 0205     		.2byte	0x502
 759 0561 29060000 		.4byte	0x629
 760 0565 0D       		.uleb128 0xd
 761 0566 E3090000 		.4byte	.LASF117
 762 056a 06       		.byte	0x6
 763 056b 0405     		.2byte	0x504
 764 056d B8000000 		.4byte	0xb8
 765 0571 00       		.byte	0
 766 0572 0D       		.uleb128 0xd
 767 0573 000B0000 		.4byte	.LASF118
 768 0577 06       		.byte	0x6
 769 0578 0505     		.2byte	0x505
 770 057a B8000000 		.4byte	0xb8
 771 057e 04       		.byte	0x4
 772 057f 0D       		.uleb128 0xd
 773 0580 C7030000 		.4byte	.LASF119
 774 0584 06       		.byte	0x6
 775 0585 0605     		.2byte	0x506
 776 0587 B8000000 		.4byte	0xb8
 777 058b 08       		.byte	0x8
 778 058c 0D       		.uleb128 0xd
 779 058d BC060000 		.4byte	.LASF120
 780 0591 06       		.byte	0x6
 781 0592 0705     		.2byte	0x507
 782 0594 B8000000 		.4byte	0xb8
 783 0598 0C       		.byte	0xc
 784 0599 0D       		.uleb128 0xd
 785 059a 5E050000 		.4byte	.LASF121
 786 059e 06       		.byte	0x6
 787 059f 0805     		.2byte	0x508
 788 05a1 B8000000 		.4byte	0xb8
 789 05a5 10       		.byte	0x10
 790 05a6 0D       		.uleb128 0xd
 791 05a7 BC0A0000 		.4byte	.LASF122
 792 05ab 06       		.byte	0x6
 793 05ac 0905     		.2byte	0x509
 794 05ae 50050000 		.4byte	0x550
 795 05b2 14       		.byte	0x14
 796 05b3 0D       		.uleb128 0xd
 797 05b4 AE070000 		.4byte	.LASF123
ARM GAS  C:\Users\Mahrukh\AppData\Local\Temp\ccL4Gziy.s 			page 16


 798 05b8 06       		.byte	0x6
 799 05b9 0A05     		.2byte	0x50a
 800 05bb B8000000 		.4byte	0xb8
 801 05bf 18       		.byte	0x18
 802 05c0 0D       		.uleb128 0xd
 803 05c1 CB050000 		.4byte	.LASF124
 804 05c5 06       		.byte	0x6
 805 05c6 0B05     		.2byte	0x50b
 806 05c8 29060000 		.4byte	0x629
 807 05cc 1C       		.byte	0x1c
 808 05cd 0D       		.uleb128 0xd
 809 05ce 1B080000 		.4byte	.LASF125
 810 05d2 06       		.byte	0x6
 811 05d3 0C05     		.2byte	0x50c
 812 05d5 B8000000 		.4byte	0xb8
 813 05d9 5C       		.byte	0x5c
 814 05da 0D       		.uleb128 0xd
 815 05db C0000000 		.4byte	.LASF126
 816 05df 06       		.byte	0x6
 817 05e0 0D05     		.2byte	0x50d
 818 05e2 B8000000 		.4byte	0xb8
 819 05e6 60       		.byte	0x60
 820 05e7 0D       		.uleb128 0xd
 821 05e8 4C070000 		.4byte	.LASF127
 822 05ec 06       		.byte	0x6
 823 05ed 0E05     		.2byte	0x50e
 824 05ef B8000000 		.4byte	0xb8
 825 05f3 64       		.byte	0x64
 826 05f4 0D       		.uleb128 0xd
 827 05f5 11080000 		.4byte	.LASF128
 828 05f9 06       		.byte	0x6
 829 05fa 0F05     		.2byte	0x50f
 830 05fc B8000000 		.4byte	0xb8
 831 0600 68       		.byte	0x68
 832 0601 0D       		.uleb128 0xd
 833 0602 D00B0000 		.4byte	.LASF129
 834 0606 06       		.byte	0x6
 835 0607 1005     		.2byte	0x510
 836 0609 B8000000 		.4byte	0xb8
 837 060d 6C       		.byte	0x6c
 838 060e 0D       		.uleb128 0xd
 839 060f EE060000 		.4byte	.LASF130
 840 0613 06       		.byte	0x6
 841 0614 1105     		.2byte	0x511
 842 0616 23050000 		.4byte	0x523
 843 061a 70       		.byte	0x70
 844 061b 0D       		.uleb128 0xd
 845 061c B3080000 		.4byte	.LASF131
 846 0620 06       		.byte	0x6
 847 0621 1205     		.2byte	0x512
 848 0623 B8000000 		.4byte	0xb8
 849 0627 74       		.byte	0x74
 850 0628 00       		.byte	0
 851 0629 0E       		.uleb128 0xe
 852 062a B8000000 		.4byte	0xb8
 853 062e 39060000 		.4byte	0x639
 854 0632 0F       		.uleb128 0xf
ARM GAS  C:\Users\Mahrukh\AppData\Local\Temp\ccL4Gziy.s 			page 17


 855 0633 C3000000 		.4byte	0xc3
 856 0637 0F       		.byte	0xf
 857 0638 00       		.byte	0
 858 0639 0B       		.uleb128 0xb
 859 063a 0C020000 		.4byte	.LASF132
 860 063e 06       		.byte	0x6
 861 063f 1305     		.2byte	0x513
 862 0641 5C050000 		.4byte	0x55c
 863 0645 10       		.uleb128 0x10
 864 0646 04       		.byte	0x4
 865 0647 4B060000 		.4byte	0x64b
 866 064b 11       		.uleb128 0x11
 867 064c 56060000 		.4byte	0x656
 868 0650 12       		.uleb128 0x12
 869 0651 B8000000 		.4byte	0xb8
 870 0655 00       		.byte	0
 871 0656 0B       		.uleb128 0xb
 872 0657 CF020000 		.4byte	.LASF133
 873 065b 07       		.byte	0x7
 874 065c F201     		.2byte	0x1f2
 875 065e 45060000 		.4byte	0x645
 876 0662 13       		.uleb128 0x13
 877 0663 4C020000 		.4byte	.LASF144
 878 0667 24       		.byte	0x24
 879 0668 07       		.byte	0x7
 880 0669 7402     		.2byte	0x274
 881 066b E5060000 		.4byte	0x6e5
 882 066f 0D       		.uleb128 0xd
 883 0670 C60A0000 		.4byte	.LASF134
 884 0674 07       		.byte	0x7
 885 0675 7702     		.2byte	0x277
 886 0677 CA000000 		.4byte	0xca
 887 067b 00       		.byte	0
 888 067c 0D       		.uleb128 0xd
 889 067d AA0A0000 		.4byte	.LASF135
 890 0681 07       		.byte	0x7
 891 0682 7902     		.2byte	0x279
 892 0684 21050000 		.4byte	0x521
 893 0688 04       		.byte	0x4
 894 0689 0D       		.uleb128 0xd
 895 068a 1A000000 		.4byte	.LASF136
 896 068e 07       		.byte	0x7
 897 068f 7A02     		.2byte	0x27a
 898 0691 B8000000 		.4byte	0xb8
 899 0695 08       		.byte	0x8
 900 0696 0D       		.uleb128 0xd
 901 0697 46040000 		.4byte	.LASF137
 902 069b 07       		.byte	0x7
 903 069c 7B02     		.2byte	0x27b
 904 069e CA000000 		.4byte	0xca
 905 06a2 0C       		.byte	0xc
 906 06a3 0D       		.uleb128 0xd
 907 06a4 A9050000 		.4byte	.LASF138
 908 06a8 07       		.byte	0x7
 909 06a9 7D02     		.2byte	0x27d
 910 06ab 21050000 		.4byte	0x521
 911 06af 10       		.byte	0x10
ARM GAS  C:\Users\Mahrukh\AppData\Local\Temp\ccL4Gziy.s 			page 18


 912 06b0 0D       		.uleb128 0xd
 913 06b1 64040000 		.4byte	.LASF139
 914 06b5 07       		.byte	0x7
 915 06b6 7E02     		.2byte	0x27e
 916 06b8 B8000000 		.4byte	0xb8
 917 06bc 14       		.byte	0x14
 918 06bd 0D       		.uleb128 0xd
 919 06be 2B0C0000 		.4byte	.LASF140
 920 06c2 07       		.byte	0x7
 921 06c3 7F02     		.2byte	0x27f
 922 06c5 CA000000 		.4byte	0xca
 923 06c9 18       		.byte	0x18
 924 06ca 0D       		.uleb128 0xd
 925 06cb 77050000 		.4byte	.LASF141
 926 06cf 07       		.byte	0x7
 927 06d0 8502     		.2byte	0x285
 928 06d2 56060000 		.4byte	0x656
 929 06d6 1C       		.byte	0x1c
 930 06d7 0D       		.uleb128 0xd
 931 06d8 A20A0000 		.4byte	.LASF142
 932 06dc 07       		.byte	0x7
 933 06dd 8802     		.2byte	0x288
 934 06df B8000000 		.4byte	0xb8
 935 06e3 20       		.byte	0x20
 936 06e4 00       		.byte	0
 937 06e5 0B       		.uleb128 0xb
 938 06e6 D6050000 		.4byte	.LASF143
 939 06ea 07       		.byte	0x7
 940 06eb 8B02     		.2byte	0x28b
 941 06ed 62060000 		.4byte	0x662
 942 06f1 14       		.uleb128 0x14
 943 06f2 7B060000 		.4byte	.LASF145
 944 06f6 4C       		.byte	0x4c
 945 06f7 08       		.byte	0x8
 946 06f8 2F       		.byte	0x2f
 947 06f9 E2070000 		.4byte	0x7e2
 948 06fd 07       		.uleb128 0x7
 949 06fe 68010000 		.4byte	.LASF146
 950 0702 08       		.byte	0x8
 951 0703 31       		.byte	0x31
 952 0704 B8000000 		.4byte	0xb8
 953 0708 00       		.byte	0
 954 0709 07       		.uleb128 0x7
 955 070a 9F010000 		.4byte	.LASF147
 956 070e 08       		.byte	0x8
 957 070f 33       		.byte	0x33
 958 0710 B8000000 		.4byte	0xb8
 959 0714 04       		.byte	0x4
 960 0715 07       		.uleb128 0x7
 961 0716 12000000 		.4byte	.LASF148
 962 071a 08       		.byte	0x8
 963 071b 34       		.byte	0x34
 964 071c B8000000 		.4byte	0xb8
 965 0720 08       		.byte	0x8
 966 0721 07       		.uleb128 0x7
 967 0722 F8000000 		.4byte	.LASF149
 968 0726 08       		.byte	0x8
ARM GAS  C:\Users\Mahrukh\AppData\Local\Temp\ccL4Gziy.s 			page 19


 969 0727 35       		.byte	0x35
 970 0728 B8000000 		.4byte	0xb8
 971 072c 0C       		.byte	0xc
 972 072d 07       		.uleb128 0x7
 973 072e 49080000 		.4byte	.LASF150
 974 0732 08       		.byte	0x8
 975 0733 37       		.byte	0x37
 976 0734 B8000000 		.4byte	0xb8
 977 0738 10       		.byte	0x10
 978 0739 07       		.uleb128 0x7
 979 073a A20B0000 		.4byte	.LASF151
 980 073e 08       		.byte	0x8
 981 073f 38       		.byte	0x38
 982 0740 B8000000 		.4byte	0xb8
 983 0744 14       		.byte	0x14
 984 0745 07       		.uleb128 0x7
 985 0746 710A0000 		.4byte	.LASF152
 986 074a 08       		.byte	0x8
 987 074b 39       		.byte	0x39
 988 074c B8000000 		.4byte	0xb8
 989 0750 18       		.byte	0x18
 990 0751 07       		.uleb128 0x7
 991 0752 DC040000 		.4byte	.LASF153
 992 0756 08       		.byte	0x8
 993 0757 3A       		.byte	0x3a
 994 0758 23050000 		.4byte	0x523
 995 075c 1C       		.byte	0x1c
 996 075d 07       		.uleb128 0x7
 997 075e E8090000 		.4byte	.LASF154
 998 0762 08       		.byte	0x8
 999 0763 3C       		.byte	0x3c
 1000 0764 B8000000 		.4byte	0xb8
 1001 0768 20       		.byte	0x20
 1002 0769 07       		.uleb128 0x7
 1003 076a B6030000 		.4byte	.LASF155
 1004 076e 08       		.byte	0x8
 1005 076f 3D       		.byte	0x3d
 1006 0770 B8000000 		.4byte	0xb8
 1007 0774 24       		.byte	0x24
 1008 0775 07       		.uleb128 0x7
 1009 0776 7B010000 		.4byte	.LASF156
 1010 077a 08       		.byte	0x8
 1011 077b 3F       		.byte	0x3f
 1012 077c B8000000 		.4byte	0xb8
 1013 0780 28       		.byte	0x28
 1014 0781 07       		.uleb128 0x7
 1015 0782 780B0000 		.4byte	.LASF157
 1016 0786 08       		.byte	0x8
 1017 0787 40       		.byte	0x40
 1018 0788 B8000000 		.4byte	0xb8
 1019 078c 2C       		.byte	0x2c
 1020 078d 07       		.uleb128 0x7
 1021 078e F9090000 		.4byte	.LASF158
 1022 0792 08       		.byte	0x8
 1023 0793 42       		.byte	0x42
 1024 0794 B8000000 		.4byte	0xb8
 1025 0798 30       		.byte	0x30
ARM GAS  C:\Users\Mahrukh\AppData\Local\Temp\ccL4Gziy.s 			page 20


 1026 0799 07       		.uleb128 0x7
 1027 079a D6070000 		.4byte	.LASF159
 1028 079e 08       		.byte	0x8
 1029 079f 43       		.byte	0x43
 1030 07a0 B8000000 		.4byte	0xb8
 1031 07a4 34       		.byte	0x34
 1032 07a5 07       		.uleb128 0x7
 1033 07a6 42060000 		.4byte	.LASF160
 1034 07aa 08       		.byte	0x8
 1035 07ab 45       		.byte	0x45
 1036 07ac B8000000 		.4byte	0xb8
 1037 07b0 38       		.byte	0x38
 1038 07b1 07       		.uleb128 0x7
 1039 07b2 50010000 		.4byte	.LASF161
 1040 07b6 08       		.byte	0x8
 1041 07b7 46       		.byte	0x46
 1042 07b8 B8000000 		.4byte	0xb8
 1043 07bc 3C       		.byte	0x3c
 1044 07bd 07       		.uleb128 0x7
 1045 07be 2E0A0000 		.4byte	.LASF162
 1046 07c2 08       		.byte	0x8
 1047 07c3 48       		.byte	0x48
 1048 07c4 B8000000 		.4byte	0xb8
 1049 07c8 40       		.byte	0x40
 1050 07c9 07       		.uleb128 0x7
 1051 07ca C10B0000 		.4byte	.LASF163
 1052 07ce 08       		.byte	0x8
 1053 07cf 49       		.byte	0x49
 1054 07d0 B8000000 		.4byte	0xb8
 1055 07d4 44       		.byte	0x44
 1056 07d5 07       		.uleb128 0x7
 1057 07d6 68090000 		.4byte	.LASF164
 1058 07da 08       		.byte	0x8
 1059 07db 4B       		.byte	0x4b
 1060 07dc B8000000 		.4byte	0xb8
 1061 07e0 48       		.byte	0x48
 1062 07e1 00       		.byte	0
 1063 07e2 03       		.uleb128 0x3
 1064 07e3 2E020000 		.4byte	.LASF165
 1065 07e7 08       		.byte	0x8
 1066 07e8 4C       		.byte	0x4c
 1067 07e9 F1060000 		.4byte	0x6f1
 1068 07ed 14       		.uleb128 0x14
 1069 07ee 06030000 		.4byte	.LASF166
 1070 07f2 64       		.byte	0x64
 1071 07f3 09       		.byte	0x9
 1072 07f4 2F       		.byte	0x2f
 1073 07f5 26090000 		.4byte	0x926
 1074 07f9 07       		.uleb128 0x7
 1075 07fa 5A070000 		.4byte	.LASF167
 1076 07fe 09       		.byte	0x9
 1077 07ff 31       		.byte	0x31
 1078 0800 B8000000 		.4byte	0xb8
 1079 0804 00       		.byte	0
 1080 0805 07       		.uleb128 0x7
 1081 0806 9F010000 		.4byte	.LASF147
 1082 080a 09       		.byte	0x9
ARM GAS  C:\Users\Mahrukh\AppData\Local\Temp\ccL4Gziy.s 			page 21


 1083 080b 33       		.byte	0x33
 1084 080c B8000000 		.4byte	0xb8
 1085 0810 04       		.byte	0x4
 1086 0811 07       		.uleb128 0x7
 1087 0812 9B000000 		.4byte	.LASF168
 1088 0816 09       		.byte	0x9
 1089 0817 34       		.byte	0x34
 1090 0818 B8000000 		.4byte	0xb8
 1091 081c 08       		.byte	0x8
 1092 081d 07       		.uleb128 0x7
 1093 081e 08060000 		.4byte	.LASF169
 1094 0822 09       		.byte	0x9
 1095 0823 35       		.byte	0x35
 1096 0824 B8000000 		.4byte	0xb8
 1097 0828 0C       		.byte	0xc
 1098 0829 07       		.uleb128 0x7
 1099 082a 12000000 		.4byte	.LASF148
 1100 082e 09       		.byte	0x9
 1101 082f 36       		.byte	0x36
 1102 0830 B8000000 		.4byte	0xb8
 1103 0834 10       		.byte	0x10
 1104 0835 07       		.uleb128 0x7
 1105 0836 610A0000 		.4byte	.LASF170
 1106 083a 09       		.byte	0x9
 1107 083b 37       		.byte	0x37
 1108 083c B8000000 		.4byte	0xb8
 1109 0840 14       		.byte	0x14
 1110 0841 07       		.uleb128 0x7
 1111 0842 690A0000 		.4byte	.LASF171
 1112 0846 09       		.byte	0x9
 1113 0847 38       		.byte	0x38
 1114 0848 B8000000 		.4byte	0xb8
 1115 084c 18       		.byte	0x18
 1116 084d 07       		.uleb128 0x7
 1117 084e 38080000 		.4byte	.LASF172
 1118 0852 09       		.byte	0x9
 1119 0853 39       		.byte	0x39
 1120 0854 23050000 		.4byte	0x523
 1121 0858 1C       		.byte	0x1c
 1122 0859 07       		.uleb128 0x7
 1123 085a A20B0000 		.4byte	.LASF151
 1124 085e 09       		.byte	0x9
 1125 085f 3A       		.byte	0x3a
 1126 0860 B8000000 		.4byte	0xb8
 1127 0864 20       		.byte	0x20
 1128 0865 07       		.uleb128 0x7
 1129 0866 710A0000 		.4byte	.LASF152
 1130 086a 09       		.byte	0x9
 1131 086b 3B       		.byte	0x3b
 1132 086c B8000000 		.4byte	0xb8
 1133 0870 24       		.byte	0x24
 1134 0871 07       		.uleb128 0x7
 1135 0872 DC040000 		.4byte	.LASF153
 1136 0876 09       		.byte	0x9
 1137 0877 3C       		.byte	0x3c
 1138 0878 23050000 		.4byte	0x523
 1139 087c 28       		.byte	0x28
ARM GAS  C:\Users\Mahrukh\AppData\Local\Temp\ccL4Gziy.s 			page 22


 1140 087d 07       		.uleb128 0x7
 1141 087e E8090000 		.4byte	.LASF154
 1142 0882 09       		.byte	0x9
 1143 0883 3E       		.byte	0x3e
 1144 0884 B8000000 		.4byte	0xb8
 1145 0888 2C       		.byte	0x2c
 1146 0889 07       		.uleb128 0x7
 1147 088a FB050000 		.4byte	.LASF173
 1148 088e 09       		.byte	0x9
 1149 088f 3F       		.byte	0x3f
 1150 0890 B8000000 		.4byte	0xb8
 1151 0894 30       		.byte	0x30
 1152 0895 07       		.uleb128 0x7
 1153 0896 E20A0000 		.4byte	.LASF174
 1154 089a 09       		.byte	0x9
 1155 089b 40       		.byte	0x40
 1156 089c B8000000 		.4byte	0xb8
 1157 08a0 34       		.byte	0x34
 1158 08a1 07       		.uleb128 0x7
 1159 08a2 A5070000 		.4byte	.LASF175
 1160 08a6 09       		.byte	0x9
 1161 08a7 41       		.byte	0x41
 1162 08a8 B8000000 		.4byte	0xb8
 1163 08ac 38       		.byte	0x38
 1164 08ad 07       		.uleb128 0x7
 1165 08ae 22050000 		.4byte	.LASF176
 1166 08b2 09       		.byte	0x9
 1167 08b3 42       		.byte	0x42
 1168 08b4 B8000000 		.4byte	0xb8
 1169 08b8 3C       		.byte	0x3c
 1170 08b9 07       		.uleb128 0x7
 1171 08ba D4010000 		.4byte	.LASF177
 1172 08be 09       		.byte	0x9
 1173 08bf 44       		.byte	0x44
 1174 08c0 B8000000 		.4byte	0xb8
 1175 08c4 40       		.byte	0x40
 1176 08c5 07       		.uleb128 0x7
 1177 08c6 780B0000 		.4byte	.LASF157
 1178 08ca 09       		.byte	0x9
 1179 08cb 45       		.byte	0x45
 1180 08cc B8000000 		.4byte	0xb8
 1181 08d0 44       		.byte	0x44
 1182 08d1 07       		.uleb128 0x7
 1183 08d2 F9090000 		.4byte	.LASF158
 1184 08d6 09       		.byte	0x9
 1185 08d7 47       		.byte	0x47
 1186 08d8 B8000000 		.4byte	0xb8
 1187 08dc 48       		.byte	0x48
 1188 08dd 07       		.uleb128 0x7
 1189 08de D6070000 		.4byte	.LASF159
 1190 08e2 09       		.byte	0x9
 1191 08e3 48       		.byte	0x48
 1192 08e4 B8000000 		.4byte	0xb8
 1193 08e8 4C       		.byte	0x4c
 1194 08e9 07       		.uleb128 0x7
 1195 08ea 42060000 		.4byte	.LASF160
 1196 08ee 09       		.byte	0x9
ARM GAS  C:\Users\Mahrukh\AppData\Local\Temp\ccL4Gziy.s 			page 23


 1197 08ef 4A       		.byte	0x4a
 1198 08f0 B8000000 		.4byte	0xb8
 1199 08f4 50       		.byte	0x50
 1200 08f5 07       		.uleb128 0x7
 1201 08f6 69050000 		.4byte	.LASF178
 1202 08fa 09       		.byte	0x9
 1203 08fb 4B       		.byte	0x4b
 1204 08fc B8000000 		.4byte	0xb8
 1205 0900 54       		.byte	0x54
 1206 0901 07       		.uleb128 0x7
 1207 0902 4B000000 		.4byte	.LASF179
 1208 0906 09       		.byte	0x9
 1209 0907 4D       		.byte	0x4d
 1210 0908 B8000000 		.4byte	0xb8
 1211 090c 58       		.byte	0x58
 1212 090d 07       		.uleb128 0x7
 1213 090e C10B0000 		.4byte	.LASF163
 1214 0912 09       		.byte	0x9
 1215 0913 4E       		.byte	0x4e
 1216 0914 B8000000 		.4byte	0xb8
 1217 0918 5C       		.byte	0x5c
 1218 0919 07       		.uleb128 0x7
 1219 091a 68090000 		.4byte	.LASF164
 1220 091e 09       		.byte	0x9
 1221 091f 50       		.byte	0x50
 1222 0920 B8000000 		.4byte	0xb8
 1223 0924 60       		.byte	0x60
 1224 0925 00       		.byte	0
 1225 0926 03       		.uleb128 0x3
 1226 0927 5E0B0000 		.4byte	.LASF180
 1227 092b 09       		.byte	0x9
 1228 092c 51       		.byte	0x51
 1229 092d ED070000 		.4byte	0x7ed
 1230 0931 06       		.uleb128 0x6
 1231 0932 14       		.byte	0x14
 1232 0933 0A       		.byte	0xa
 1233 0934 3B       		.byte	0x3b
 1234 0935 76090000 		.4byte	0x976
 1235 0939 07       		.uleb128 0x7
 1236 093a EF050000 		.4byte	.LASF181
 1237 093e 0A       		.byte	0xa
 1238 093f 3D       		.byte	0x3d
 1239 0940 B8000000 		.4byte	0xb8
 1240 0944 00       		.byte	0
 1241 0945 07       		.uleb128 0x7
 1242 0946 AF050000 		.4byte	.LASF182
 1243 094a 0A       		.byte	0xa
 1244 094b 3E       		.byte	0x3e
 1245 094c B8000000 		.4byte	0xb8
 1246 0950 04       		.byte	0x4
 1247 0951 07       		.uleb128 0x7
 1248 0952 A7080000 		.4byte	.LASF183
 1249 0956 0A       		.byte	0xa
 1250 0957 3F       		.byte	0x3f
 1251 0958 76090000 		.4byte	0x976
 1252 095c 08       		.byte	0x8
 1253 095d 07       		.uleb128 0x7
ARM GAS  C:\Users\Mahrukh\AppData\Local\Temp\ccL4Gziy.s 			page 24


 1254 095e 050A0000 		.4byte	.LASF184
 1255 0962 0A       		.byte	0xa
 1256 0963 40       		.byte	0x40
 1257 0964 B8000000 		.4byte	0xb8
 1258 0968 0C       		.byte	0xc
 1259 0969 07       		.uleb128 0x7
 1260 096a 9B020000 		.4byte	.LASF185
 1261 096e 0A       		.byte	0xa
 1262 096f 45       		.byte	0x45
 1263 0970 B8000000 		.4byte	0xb8
 1264 0974 10       		.byte	0x10
 1265 0975 00       		.byte	0
 1266 0976 10       		.uleb128 0x10
 1267 0977 04       		.byte	0x4
 1268 0978 7C090000 		.4byte	0x97c
 1269 097c 15       		.uleb128 0x15
 1270 097d 39060000 		.4byte	0x639
 1271 0981 03       		.uleb128 0x3
 1272 0982 0B0B0000 		.4byte	.LASF186
 1273 0986 0A       		.byte	0xa
 1274 0987 48       		.byte	0x48
 1275 0988 31090000 		.4byte	0x931
 1276 098c 16       		.uleb128 0x16
 1277 098d B1030000 		.4byte	.LASF198
 1278 0991 01       		.byte	0x1
 1279 0992 2E       		.byte	0x2e
 1280 0993 89000000 		.4byte	0x89
 1281 0997 00000000 		.4byte	.LFB549
 1282 099b 14000000 		.4byte	.LFE549-.LFB549
 1283 099f 01       		.uleb128 0x1
 1284 09a0 9C       		.byte	0x9c
 1285 09a1 CC090000 		.4byte	0x9cc
 1286 09a5 17       		.uleb128 0x17
 1287 09a6 08000000 		.4byte	.LVL0
 1288 09aa 3F0A0000 		.4byte	0xa3f
 1289 09ae BC090000 		.4byte	0x9bc
 1290 09b2 18       		.uleb128 0x18
 1291 09b3 01       		.uleb128 0x1
 1292 09b4 50       		.byte	0x50
 1293 09b5 05       		.uleb128 0x5
 1294 09b6 0C       		.byte	0xc
 1295 09b7 00000810 		.4byte	0x10080000
 1296 09bb 00       		.byte	0
 1297 09bc 19       		.uleb128 0x19
 1298 09bd 0E000000 		.4byte	.LVL1
 1299 09c1 4B0A0000 		.4byte	0xa4b
 1300 09c5 18       		.uleb128 0x18
 1301 09c6 01       		.uleb128 0x1
 1302 09c7 50       		.byte	0x50
 1303 09c8 01       		.uleb128 0x1
 1304 09c9 30       		.byte	0x30
 1305 09ca 00       		.byte	0
 1306 09cb 00       		.byte	0
 1307 09cc 1A       		.uleb128 0x1a
 1308 09cd 79070000 		.4byte	.LASF187
 1309 09d1 04       		.byte	0x4
 1310 09d2 A7       		.byte	0xa7
ARM GAS  C:\Users\Mahrukh\AppData\Local\Temp\ccL4Gziy.s 			page 25


 1311 09d3 D7090000 		.4byte	0x9d7
 1312 09d7 10       		.uleb128 0x10
 1313 09d8 04       		.byte	0x4
 1314 09d9 DD090000 		.4byte	0x9dd
 1315 09dd 15       		.uleb128 0x15
 1316 09de E7040000 		.4byte	0x4e7
 1317 09e2 1A       		.uleb128 0x1a
 1318 09e3 190A0000 		.4byte	.LASF188
 1319 09e7 0B       		.byte	0xb
 1320 09e8 5E       		.byte	0x5e
 1321 09e9 E5060000 		.4byte	0x6e5
 1322 09ed 1A       		.uleb128 0x1a
 1323 09ee 1F0B0000 		.4byte	.LASF189
 1324 09f2 0C       		.byte	0xc
 1325 09f3 1F       		.byte	0x1f
 1326 09f4 F8090000 		.4byte	0x9f8
 1327 09f8 15       		.uleb128 0x15
 1328 09f9 E2070000 		.4byte	0x7e2
 1329 09fd 1A       		.uleb128 0x1a
 1330 09fe 98090000 		.4byte	.LASF190
 1331 0a02 0D       		.byte	0xd
 1332 0a03 1F       		.byte	0x1f
 1333 0a04 080A0000 		.4byte	0xa08
 1334 0a08 15       		.uleb128 0x15
 1335 0a09 26090000 		.4byte	0x926
 1336 0a0d 1B       		.uleb128 0x1b
 1337 0a0e 93080000 		.4byte	.LASF191
 1338 0a12 0A       		.byte	0xa
 1339 0a13 6001     		.2byte	0x160
 1340 0a15 B8000000 		.4byte	0xb8
 1341 0a19 0E       		.uleb128 0xe
 1342 0a1a 290A0000 		.4byte	0xa29
 1343 0a1e 290A0000 		.4byte	0xa29
 1344 0a22 0F       		.uleb128 0xf
 1345 0a23 C3000000 		.4byte	0xc3
 1346 0a27 00       		.byte	0
 1347 0a28 00       		.byte	0
 1348 0a29 15       		.uleb128 0x15
 1349 0a2a 81090000 		.4byte	0x981
 1350 0a2e 1B       		.uleb128 0x1b
 1351 0a2f 4D050000 		.4byte	.LASF192
 1352 0a33 0A       		.byte	0xa
 1353 0a34 6401     		.2byte	0x164
 1354 0a36 3A0A0000 		.4byte	0xa3a
 1355 0a3a 15       		.uleb128 0x15
 1356 0a3b 190A0000 		.4byte	0xa19
 1357 0a3f 1C       		.uleb128 0x1c
 1358 0a40 8D050000 		.4byte	.LASF193
 1359 0a44 8D050000 		.4byte	.LASF193
 1360 0a48 0E       		.byte	0xe
 1361 0a49 1802     		.2byte	0x218
 1362 0a4b 1C       		.uleb128 0x1c
 1363 0a4c 21040000 		.4byte	.LASF194
 1364 0a50 21040000 		.4byte	.LASF194
 1365 0a54 05       		.byte	0x5
 1366 0a55 4806     		.2byte	0x648
 1367 0a57 00       		.byte	0
ARM GAS  C:\Users\Mahrukh\AppData\Local\Temp\ccL4Gziy.s 			page 26


 1368              		.section	.debug_abbrev,"",%progbits
 1369              	.Ldebug_abbrev0:
 1370 0000 01       		.uleb128 0x1
 1371 0001 11       		.uleb128 0x11
 1372 0002 01       		.byte	0x1
 1373 0003 25       		.uleb128 0x25
 1374 0004 0E       		.uleb128 0xe
 1375 0005 13       		.uleb128 0x13
 1376 0006 0B       		.uleb128 0xb
 1377 0007 03       		.uleb128 0x3
 1378 0008 0E       		.uleb128 0xe
 1379 0009 1B       		.uleb128 0x1b
 1380 000a 0E       		.uleb128 0xe
 1381 000b 55       		.uleb128 0x55
 1382 000c 17       		.uleb128 0x17
 1383 000d 11       		.uleb128 0x11
 1384 000e 01       		.uleb128 0x1
 1385 000f 10       		.uleb128 0x10
 1386 0010 17       		.uleb128 0x17
 1387 0011 00       		.byte	0
 1388 0012 00       		.byte	0
 1389 0013 02       		.uleb128 0x2
 1390 0014 24       		.uleb128 0x24
 1391 0015 00       		.byte	0
 1392 0016 0B       		.uleb128 0xb
 1393 0017 0B       		.uleb128 0xb
 1394 0018 3E       		.uleb128 0x3e
 1395 0019 0B       		.uleb128 0xb
 1396 001a 03       		.uleb128 0x3
 1397 001b 0E       		.uleb128 0xe
 1398 001c 00       		.byte	0
 1399 001d 00       		.byte	0
 1400 001e 03       		.uleb128 0x3
 1401 001f 16       		.uleb128 0x16
 1402 0020 00       		.byte	0
 1403 0021 03       		.uleb128 0x3
 1404 0022 0E       		.uleb128 0xe
 1405 0023 3A       		.uleb128 0x3a
 1406 0024 0B       		.uleb128 0xb
 1407 0025 3B       		.uleb128 0x3b
 1408 0026 0B       		.uleb128 0xb
 1409 0027 49       		.uleb128 0x49
 1410 0028 13       		.uleb128 0x13
 1411 0029 00       		.byte	0
 1412 002a 00       		.byte	0
 1413 002b 04       		.uleb128 0x4
 1414 002c 24       		.uleb128 0x24
 1415 002d 00       		.byte	0
 1416 002e 0B       		.uleb128 0xb
 1417 002f 0B       		.uleb128 0xb
 1418 0030 3E       		.uleb128 0x3e
 1419 0031 0B       		.uleb128 0xb
 1420 0032 03       		.uleb128 0x3
 1421 0033 08       		.uleb128 0x8
 1422 0034 00       		.byte	0
 1423 0035 00       		.byte	0
 1424 0036 05       		.uleb128 0x5
ARM GAS  C:\Users\Mahrukh\AppData\Local\Temp\ccL4Gziy.s 			page 27


 1425 0037 35       		.uleb128 0x35
 1426 0038 00       		.byte	0
 1427 0039 49       		.uleb128 0x49
 1428 003a 13       		.uleb128 0x13
 1429 003b 00       		.byte	0
 1430 003c 00       		.byte	0
 1431 003d 06       		.uleb128 0x6
 1432 003e 13       		.uleb128 0x13
 1433 003f 01       		.byte	0x1
 1434 0040 0B       		.uleb128 0xb
 1435 0041 0B       		.uleb128 0xb
 1436 0042 3A       		.uleb128 0x3a
 1437 0043 0B       		.uleb128 0xb
 1438 0044 3B       		.uleb128 0x3b
 1439 0045 0B       		.uleb128 0xb
 1440 0046 01       		.uleb128 0x1
 1441 0047 13       		.uleb128 0x13
 1442 0048 00       		.byte	0
 1443 0049 00       		.byte	0
 1444 004a 07       		.uleb128 0x7
 1445 004b 0D       		.uleb128 0xd
 1446 004c 00       		.byte	0
 1447 004d 03       		.uleb128 0x3
 1448 004e 0E       		.uleb128 0xe
 1449 004f 3A       		.uleb128 0x3a
 1450 0050 0B       		.uleb128 0xb
 1451 0051 3B       		.uleb128 0x3b
 1452 0052 0B       		.uleb128 0xb
 1453 0053 49       		.uleb128 0x49
 1454 0054 13       		.uleb128 0x13
 1455 0055 38       		.uleb128 0x38
 1456 0056 0B       		.uleb128 0xb
 1457 0057 00       		.byte	0
 1458 0058 00       		.byte	0
 1459 0059 08       		.uleb128 0x8
 1460 005a 04       		.uleb128 0x4
 1461 005b 01       		.byte	0x1
 1462 005c 0B       		.uleb128 0xb
 1463 005d 0B       		.uleb128 0xb
 1464 005e 49       		.uleb128 0x49
 1465 005f 13       		.uleb128 0x13
 1466 0060 3A       		.uleb128 0x3a
 1467 0061 0B       		.uleb128 0xb
 1468 0062 3B       		.uleb128 0x3b
 1469 0063 05       		.uleb128 0x5
 1470 0064 01       		.uleb128 0x1
 1471 0065 13       		.uleb128 0x13
 1472 0066 00       		.byte	0
 1473 0067 00       		.byte	0
 1474 0068 09       		.uleb128 0x9
 1475 0069 28       		.uleb128 0x28
 1476 006a 00       		.byte	0
 1477 006b 03       		.uleb128 0x3
 1478 006c 0E       		.uleb128 0xe
 1479 006d 1C       		.uleb128 0x1c
 1480 006e 0B       		.uleb128 0xb
 1481 006f 00       		.byte	0
ARM GAS  C:\Users\Mahrukh\AppData\Local\Temp\ccL4Gziy.s 			page 28


 1482 0070 00       		.byte	0
 1483 0071 0A       		.uleb128 0xa
 1484 0072 0F       		.uleb128 0xf
 1485 0073 00       		.byte	0
 1486 0074 0B       		.uleb128 0xb
 1487 0075 0B       		.uleb128 0xb
 1488 0076 00       		.byte	0
 1489 0077 00       		.byte	0
 1490 0078 0B       		.uleb128 0xb
 1491 0079 16       		.uleb128 0x16
 1492 007a 00       		.byte	0
 1493 007b 03       		.uleb128 0x3
 1494 007c 0E       		.uleb128 0xe
 1495 007d 3A       		.uleb128 0x3a
 1496 007e 0B       		.uleb128 0xb
 1497 007f 3B       		.uleb128 0x3b
 1498 0080 05       		.uleb128 0x5
 1499 0081 49       		.uleb128 0x49
 1500 0082 13       		.uleb128 0x13
 1501 0083 00       		.byte	0
 1502 0084 00       		.byte	0
 1503 0085 0C       		.uleb128 0xc
 1504 0086 13       		.uleb128 0x13
 1505 0087 01       		.byte	0x1
 1506 0088 0B       		.uleb128 0xb
 1507 0089 0B       		.uleb128 0xb
 1508 008a 3A       		.uleb128 0x3a
 1509 008b 0B       		.uleb128 0xb
 1510 008c 3B       		.uleb128 0x3b
 1511 008d 05       		.uleb128 0x5
 1512 008e 01       		.uleb128 0x1
 1513 008f 13       		.uleb128 0x13
 1514 0090 00       		.byte	0
 1515 0091 00       		.byte	0
 1516 0092 0D       		.uleb128 0xd
 1517 0093 0D       		.uleb128 0xd
 1518 0094 00       		.byte	0
 1519 0095 03       		.uleb128 0x3
 1520 0096 0E       		.uleb128 0xe
 1521 0097 3A       		.uleb128 0x3a
 1522 0098 0B       		.uleb128 0xb
 1523 0099 3B       		.uleb128 0x3b
 1524 009a 05       		.uleb128 0x5
 1525 009b 49       		.uleb128 0x49
 1526 009c 13       		.uleb128 0x13
 1527 009d 38       		.uleb128 0x38
 1528 009e 0B       		.uleb128 0xb
 1529 009f 00       		.byte	0
 1530 00a0 00       		.byte	0
 1531 00a1 0E       		.uleb128 0xe
 1532 00a2 01       		.uleb128 0x1
 1533 00a3 01       		.byte	0x1
 1534 00a4 49       		.uleb128 0x49
 1535 00a5 13       		.uleb128 0x13
 1536 00a6 01       		.uleb128 0x1
 1537 00a7 13       		.uleb128 0x13
 1538 00a8 00       		.byte	0
ARM GAS  C:\Users\Mahrukh\AppData\Local\Temp\ccL4Gziy.s 			page 29


 1539 00a9 00       		.byte	0
 1540 00aa 0F       		.uleb128 0xf
 1541 00ab 21       		.uleb128 0x21
 1542 00ac 00       		.byte	0
 1543 00ad 49       		.uleb128 0x49
 1544 00ae 13       		.uleb128 0x13
 1545 00af 2F       		.uleb128 0x2f
 1546 00b0 0B       		.uleb128 0xb
 1547 00b1 00       		.byte	0
 1548 00b2 00       		.byte	0
 1549 00b3 10       		.uleb128 0x10
 1550 00b4 0F       		.uleb128 0xf
 1551 00b5 00       		.byte	0
 1552 00b6 0B       		.uleb128 0xb
 1553 00b7 0B       		.uleb128 0xb
 1554 00b8 49       		.uleb128 0x49
 1555 00b9 13       		.uleb128 0x13
 1556 00ba 00       		.byte	0
 1557 00bb 00       		.byte	0
 1558 00bc 11       		.uleb128 0x11
 1559 00bd 15       		.uleb128 0x15
 1560 00be 01       		.byte	0x1
 1561 00bf 27       		.uleb128 0x27
 1562 00c0 19       		.uleb128 0x19
 1563 00c1 01       		.uleb128 0x1
 1564 00c2 13       		.uleb128 0x13
 1565 00c3 00       		.byte	0
 1566 00c4 00       		.byte	0
 1567 00c5 12       		.uleb128 0x12
 1568 00c6 05       		.uleb128 0x5
 1569 00c7 00       		.byte	0
 1570 00c8 49       		.uleb128 0x49
 1571 00c9 13       		.uleb128 0x13
 1572 00ca 00       		.byte	0
 1573 00cb 00       		.byte	0
 1574 00cc 13       		.uleb128 0x13
 1575 00cd 13       		.uleb128 0x13
 1576 00ce 01       		.byte	0x1
 1577 00cf 03       		.uleb128 0x3
 1578 00d0 0E       		.uleb128 0xe
 1579 00d1 0B       		.uleb128 0xb
 1580 00d2 0B       		.uleb128 0xb
 1581 00d3 3A       		.uleb128 0x3a
 1582 00d4 0B       		.uleb128 0xb
 1583 00d5 3B       		.uleb128 0x3b
 1584 00d6 05       		.uleb128 0x5
 1585 00d7 01       		.uleb128 0x1
 1586 00d8 13       		.uleb128 0x13
 1587 00d9 00       		.byte	0
 1588 00da 00       		.byte	0
 1589 00db 14       		.uleb128 0x14
 1590 00dc 13       		.uleb128 0x13
 1591 00dd 01       		.byte	0x1
 1592 00de 03       		.uleb128 0x3
 1593 00df 0E       		.uleb128 0xe
 1594 00e0 0B       		.uleb128 0xb
 1595 00e1 0B       		.uleb128 0xb
ARM GAS  C:\Users\Mahrukh\AppData\Local\Temp\ccL4Gziy.s 			page 30


 1596 00e2 3A       		.uleb128 0x3a
 1597 00e3 0B       		.uleb128 0xb
 1598 00e4 3B       		.uleb128 0x3b
 1599 00e5 0B       		.uleb128 0xb
 1600 00e6 01       		.uleb128 0x1
 1601 00e7 13       		.uleb128 0x13
 1602 00e8 00       		.byte	0
 1603 00e9 00       		.byte	0
 1604 00ea 15       		.uleb128 0x15
 1605 00eb 26       		.uleb128 0x26
 1606 00ec 00       		.byte	0
 1607 00ed 49       		.uleb128 0x49
 1608 00ee 13       		.uleb128 0x13
 1609 00ef 00       		.byte	0
 1610 00f0 00       		.byte	0
 1611 00f1 16       		.uleb128 0x16
 1612 00f2 2E       		.uleb128 0x2e
 1613 00f3 01       		.byte	0x1
 1614 00f4 3F       		.uleb128 0x3f
 1615 00f5 19       		.uleb128 0x19
 1616 00f6 03       		.uleb128 0x3
 1617 00f7 0E       		.uleb128 0xe
 1618 00f8 3A       		.uleb128 0x3a
 1619 00f9 0B       		.uleb128 0xb
 1620 00fa 3B       		.uleb128 0x3b
 1621 00fb 0B       		.uleb128 0xb
 1622 00fc 27       		.uleb128 0x27
 1623 00fd 19       		.uleb128 0x19
 1624 00fe 49       		.uleb128 0x49
 1625 00ff 13       		.uleb128 0x13
 1626 0100 8701     		.uleb128 0x87
 1627 0102 19       		.uleb128 0x19
 1628 0103 11       		.uleb128 0x11
 1629 0104 01       		.uleb128 0x1
 1630 0105 12       		.uleb128 0x12
 1631 0106 06       		.uleb128 0x6
 1632 0107 40       		.uleb128 0x40
 1633 0108 18       		.uleb128 0x18
 1634 0109 9742     		.uleb128 0x2117
 1635 010b 19       		.uleb128 0x19
 1636 010c 01       		.uleb128 0x1
 1637 010d 13       		.uleb128 0x13
 1638 010e 00       		.byte	0
 1639 010f 00       		.byte	0
 1640 0110 17       		.uleb128 0x17
 1641 0111 898201   		.uleb128 0x4109
 1642 0114 01       		.byte	0x1
 1643 0115 11       		.uleb128 0x11
 1644 0116 01       		.uleb128 0x1
 1645 0117 31       		.uleb128 0x31
 1646 0118 13       		.uleb128 0x13
 1647 0119 01       		.uleb128 0x1
 1648 011a 13       		.uleb128 0x13
 1649 011b 00       		.byte	0
 1650 011c 00       		.byte	0
 1651 011d 18       		.uleb128 0x18
 1652 011e 8A8201   		.uleb128 0x410a
ARM GAS  C:\Users\Mahrukh\AppData\Local\Temp\ccL4Gziy.s 			page 31


 1653 0121 00       		.byte	0
 1654 0122 02       		.uleb128 0x2
 1655 0123 18       		.uleb128 0x18
 1656 0124 9142     		.uleb128 0x2111
 1657 0126 18       		.uleb128 0x18
 1658 0127 00       		.byte	0
 1659 0128 00       		.byte	0
 1660 0129 19       		.uleb128 0x19
 1661 012a 898201   		.uleb128 0x4109
 1662 012d 01       		.byte	0x1
 1663 012e 11       		.uleb128 0x11
 1664 012f 01       		.uleb128 0x1
 1665 0130 31       		.uleb128 0x31
 1666 0131 13       		.uleb128 0x13
 1667 0132 00       		.byte	0
 1668 0133 00       		.byte	0
 1669 0134 1A       		.uleb128 0x1a
 1670 0135 34       		.uleb128 0x34
 1671 0136 00       		.byte	0
 1672 0137 03       		.uleb128 0x3
 1673 0138 0E       		.uleb128 0xe
 1674 0139 3A       		.uleb128 0x3a
 1675 013a 0B       		.uleb128 0xb
 1676 013b 3B       		.uleb128 0x3b
 1677 013c 0B       		.uleb128 0xb
 1678 013d 49       		.uleb128 0x49
 1679 013e 13       		.uleb128 0x13
 1680 013f 3F       		.uleb128 0x3f
 1681 0140 19       		.uleb128 0x19
 1682 0141 3C       		.uleb128 0x3c
 1683 0142 19       		.uleb128 0x19
 1684 0143 00       		.byte	0
 1685 0144 00       		.byte	0
 1686 0145 1B       		.uleb128 0x1b
 1687 0146 34       		.uleb128 0x34
 1688 0147 00       		.byte	0
 1689 0148 03       		.uleb128 0x3
 1690 0149 0E       		.uleb128 0xe
 1691 014a 3A       		.uleb128 0x3a
 1692 014b 0B       		.uleb128 0xb
 1693 014c 3B       		.uleb128 0x3b
 1694 014d 05       		.uleb128 0x5
 1695 014e 49       		.uleb128 0x49
 1696 014f 13       		.uleb128 0x13
 1697 0150 3F       		.uleb128 0x3f
 1698 0151 19       		.uleb128 0x19
 1699 0152 3C       		.uleb128 0x3c
 1700 0153 19       		.uleb128 0x19
 1701 0154 00       		.byte	0
 1702 0155 00       		.byte	0
 1703 0156 1C       		.uleb128 0x1c
 1704 0157 2E       		.uleb128 0x2e
 1705 0158 00       		.byte	0
 1706 0159 3F       		.uleb128 0x3f
 1707 015a 19       		.uleb128 0x19
 1708 015b 3C       		.uleb128 0x3c
 1709 015c 19       		.uleb128 0x19
ARM GAS  C:\Users\Mahrukh\AppData\Local\Temp\ccL4Gziy.s 			page 32


 1710 015d 6E       		.uleb128 0x6e
 1711 015e 0E       		.uleb128 0xe
 1712 015f 03       		.uleb128 0x3
 1713 0160 0E       		.uleb128 0xe
 1714 0161 3A       		.uleb128 0x3a
 1715 0162 0B       		.uleb128 0xb
 1716 0163 3B       		.uleb128 0x3b
 1717 0164 05       		.uleb128 0x5
 1718 0165 00       		.byte	0
 1719 0166 00       		.byte	0
 1720 0167 00       		.byte	0
 1721              		.section	.debug_aranges,"",%progbits
 1722 0000 1C000000 		.4byte	0x1c
 1723 0004 0200     		.2byte	0x2
 1724 0006 00000000 		.4byte	.Ldebug_info0
 1725 000a 04       		.byte	0x4
 1726 000b 00       		.byte	0
 1727 000c 0000     		.2byte	0
 1728 000e 0000     		.2byte	0
 1729 0010 00000000 		.4byte	.LFB549
 1730 0014 14000000 		.4byte	.LFE549-.LFB549
 1731 0018 00000000 		.4byte	0
 1732 001c 00000000 		.4byte	0
 1733              		.section	.debug_ranges,"",%progbits
 1734              	.Ldebug_ranges0:
 1735 0000 00000000 		.4byte	.LFB549
 1736 0004 14000000 		.4byte	.LFE549
 1737 0008 00000000 		.4byte	0
 1738 000c 00000000 		.4byte	0
 1739              		.section	.debug_line,"",%progbits
 1740              	.Ldebug_line0:
 1741 0000 00030000 		.section	.debug_str,"MS",%progbits,1
 1741      0200E502 
 1741      00000201 
 1741      FB0E0D00 
 1741      01010101 
 1742              	.LASF54:
 1743 0000 70726F74 		.ascii	"protBusMasterMask\000"
 1743      4275734D 
 1743      61737465 
 1743      724D6173 
 1743      6B00
 1744              	.LASF148:
 1745 0012 72756E4D 		.ascii	"runMode\000"
 1745      6F646500 
 1746              	.LASF136:
 1747 001a 72784275 		.ascii	"rxBufSize\000"
 1747      6653697A 
 1747      6500
 1748              	.LASF64:
 1749 0024 666C6173 		.ascii	"flashCtlMainWs3Freq\000"
 1749      6843746C 
 1749      4D61696E 
 1749      57733346 
 1749      72657100 
 1750              	.LASF86:
 1751 0038 6770696F 		.ascii	"gpioPrtCfgInOffset\000"
ARM GAS  C:\Users\Mahrukh\AppData\Local\Temp\ccL4Gziy.s 			page 33


 1751      50727443 
 1751      6667496E 
 1751      4F666673 
 1751      657400
 1752              	.LASF179:
 1753 004b 6B696C6C 		.ascii	"killInput\000"
 1753      496E7075 
 1753      7400
 1754              	.LASF104:
 1755 0055 6970634C 		.ascii	"ipcLockStatusOffset\000"
 1755      6F636B53 
 1755      74617475 
 1755      734F6666 
 1755      73657400 
 1756              	.LASF30:
 1757 0069 63727970 		.ascii	"cryptoVersion\000"
 1757      746F5665 
 1757      7273696F 
 1757      6E00
 1758              	.LASF68:
 1759 0077 64774368 		.ascii	"dwChCtlPrioPos\000"
 1759      43746C50 
 1759      72696F50 
 1759      6F7300
 1760              	.LASF26:
 1761 0086 70617373 		.ascii	"passBase\000"
 1761      42617365 
 1761      00
 1762              	.LASF196:
 1763 008f 6D61696E 		.ascii	"main_cm0p.c\000"
 1763      5F636D30 
 1763      702E6300 
 1764              	.LASF168:
 1765 009b 70776D41 		.ascii	"pwmAlignment\000"
 1765      6C69676E 
 1765      6D656E74 
 1765      00
 1766              	.LASF39:
 1767 00a8 63707573 		.ascii	"cpussIpcIrqNr\000"
 1767      73497063 
 1767      4972714E 
 1767      7200
 1768              	.LASF3:
 1769 00b6 5F5F7569 		.ascii	"__uint8_t\000"
 1769      6E74385F 
 1769      7400
 1770              	.LASF126:
 1771 00c0 73617449 		.ascii	"satIntrMask\000"
 1771      6E74724D 
 1771      61736B00 
 1772              	.LASF83:
 1773 00cc 70657269 		.ascii	"periDiv24_5CtlOffset\000"
 1773      44697632 
 1773      345F3543 
 1773      746C4F66 
 1773      66736574 
 1774              	.LASF90:
ARM GAS  C:\Users\Mahrukh\AppData\Local\Temp\ccL4Gziy.s 			page 34


 1775 00e1 63707573 		.ascii	"cpussCm4ClockCtlOffset\000"
 1775      73436D34 
 1775      436C6F63 
 1775      6B43746C 
 1775      4F666673 
 1776              	.LASF149:
 1777 00f8 636F756E 		.ascii	"countDirection\000"
 1777      74446972 
 1777      65637469 
 1777      6F6E00
 1778              	.LASF197:
 1779 0107 433A5C55 		.ascii	"C:\\Users\\Mahrukh\\OneDrive\\Bureau\\GBM2100\\Labo"
 1779      73657273 
 1779      5C4D6168 
 1779      72756B68 
 1779      5C4F6E65 
 1780 0134 7261746F 		.ascii	"ratoire3\\Laboratoire3.cydsn\000"
 1780      69726533 
 1780      5C4C6162 
 1780      6F726174 
 1780      6F697265 
 1781              	.LASF161:
 1782 0150 73746F70 		.ascii	"stopInputMode\000"
 1782      496E7075 
 1782      744D6F64 
 1782      6500
 1783              	.LASF19:
 1784 015e 63707573 		.ascii	"cpussBase\000"
 1784      73426173 
 1784      6500
 1785              	.LASF146:
 1786 0168 70657269 		.ascii	"period\000"
 1786      6F6400
 1787              	.LASF48:
 1788 016f 70657269 		.ascii	"periClockNr\000"
 1788      436C6F63 
 1788      6B4E7200 
 1789              	.LASF156:
 1790 017b 63617074 		.ascii	"captureInput\000"
 1790      75726549 
 1790      6E707574 
 1790      00
 1791              	.LASF11:
 1792 0188 6C6F6E67 		.ascii	"long long unsigned int\000"
 1792      206C6F6E 
 1792      6720756E 
 1792      7369676E 
 1792      65642069 
 1793              	.LASF147:
 1794 019f 636C6F63 		.ascii	"clockPrescaler\000"
 1794      6B507265 
 1794      7363616C 
 1794      657200
 1795              	.LASF72:
 1796 01ae 70657269 		.ascii	"periTrCmdOffset\000"
 1796      5472436D 
 1796      644F6666 
ARM GAS  C:\Users\Mahrukh\AppData\Local\Temp\ccL4Gziy.s 			page 35


 1796      73657400 
 1797              	.LASF96:
 1798 01be 63707573 		.ascii	"cpussSysTickCtlOffset\000"
 1798      73537973 
 1798      5469636B 
 1798      43746C4F 
 1798      66667365 
 1799              	.LASF177:
 1800 01d4 73776170 		.ascii	"swapInput\000"
 1800      496E7075 
 1800      7400
 1801              	.LASF57:
 1802 01de 666C6173 		.ascii	"flashPipeRequired\000"
 1802      68506970 
 1802      65526571 
 1802      75697265 
 1802      6400
 1803              	.LASF61:
 1804 01f0 666C6173 		.ascii	"flashCtlMainWs0Freq\000"
 1804      6843746C 
 1804      4D61696E 
 1804      57733046 
 1804      72657100 
 1805              	.LASF14:
 1806 0204 696E7431 		.ascii	"int16_t\000"
 1806      365F7400 
 1807              	.LASF132:
 1808 020c 63795F73 		.ascii	"cy_stc_sar_config_t\000"
 1808      74635F73 
 1808      61725F63 
 1808      6F6E6669 
 1808      675F7400 
 1809              	.LASF10:
 1810 0220 6C6F6E67 		.ascii	"long long int\000"
 1810      206C6F6E 
 1810      6720696E 
 1810      7400
 1811              	.LASF165:
 1812 022e 63795F73 		.ascii	"cy_stc_tcpwm_counter_config_t\000"
 1812      74635F74 
 1812      6370776D 
 1812      5F636F75 
 1812      6E746572 
 1813              	.LASF144:
 1814 024c 63795F73 		.ascii	"cy_stc_scb_spi_context\000"
 1814      74635F73 
 1814      63625F73 
 1814      70695F63 
 1814      6F6E7465 
 1815              	.LASF77:
 1816 0263 70657269 		.ascii	"periDivCmdTypeSelPos\000"
 1816      44697643 
 1816      6D645479 
 1816      70655365 
 1816      6C506F73 
 1817              	.LASF116:
 1818 0278 63795F65 		.ascii	"cy_en_sar_range_detect_condition_t\000"
ARM GAS  C:\Users\Mahrukh\AppData\Local\Temp\ccL4Gziy.s 			page 36


 1818      6E5F7361 
 1818      725F7261 
 1818      6E67655F 
 1818      64657465 
 1819              	.LASF185:
 1820 029b 636C6B44 		.ascii	"clkDivider\000"
 1820      69766964 
 1820      657200
 1821              	.LASF23:
 1822 02a6 70726F74 		.ascii	"protBase\000"
 1822      42617365 
 1822      00
 1823              	.LASF35:
 1824 02af 69706356 		.ascii	"ipcVersion\000"
 1824      65727369 
 1824      6F6E00
 1825              	.LASF97:
 1826 02ba 63707573 		.ascii	"cpussCm0NmiCtlOffset\000"
 1826      73436D30 
 1826      4E6D6943 
 1826      746C4F66 
 1826      66736574 
 1827              	.LASF133:
 1828 02cf 63795F63 		.ascii	"cy_cb_scb_spi_handle_events_t\000"
 1828      625F7363 
 1828      625F7370 
 1828      695F6861 
 1828      6E646C65 
 1829              	.LASF45:
 1830 02ed 73727373 		.ascii	"srssNumClkpath\000"
 1830      4E756D43 
 1830      6C6B7061 
 1830      746800
 1831              	.LASF24:
 1832 02fc 6873696F 		.ascii	"hsiomBase\000"
 1832      6D426173 
 1832      6500
 1833              	.LASF166:
 1834 0306 63795F73 		.ascii	"cy_stc_tcpwm_pwm_config\000"
 1834      74635F74 
 1834      6370776D 
 1834      5F70776D 
 1834      5F636F6E 
 1835              	.LASF112:
 1836 031e 43595F53 		.ascii	"CY_SAR_RANGE_COND_BELOW\000"
 1836      41525F52 
 1836      414E4745 
 1836      5F434F4E 
 1836      445F4245 
 1837              	.LASF7:
 1838 0336 6C6F6E67 		.ascii	"long int\000"
 1838      20696E74 
 1838      00
 1839              	.LASF55:
 1840 033f 63727970 		.ascii	"cryptoMemSize\000"
 1840      746F4D65 
 1840      6D53697A 
ARM GAS  C:\Users\Mahrukh\AppData\Local\Temp\ccL4Gziy.s 			page 37


 1840      6500
 1841              	.LASF21:
 1842 034d 70657269 		.ascii	"periBase\000"
 1842      42617365 
 1842      00
 1843              	.LASF53:
 1844 0356 73797350 		.ascii	"sysPmSimoPresent\000"
 1844      6D53696D 
 1844      6F507265 
 1844      73656E74 
 1844      00
 1845              	.LASF114:
 1846 0367 43595F53 		.ascii	"CY_SAR_RANGE_COND_ABOVE\000"
 1846      41525F52 
 1846      414E4745 
 1846      5F434F4E 
 1846      445F4142 
 1847              	.LASF43:
 1848 037f 63707573 		.ascii	"cpussFmIrq\000"
 1848      73466D49 
 1848      727100
 1849              	.LASF108:
 1850 038a 646F7562 		.ascii	"double\000"
 1850      6C6500
 1851              	.LASF82:
 1852 0391 70657269 		.ascii	"periDiv16_5CtlOffset\000"
 1852      44697631 
 1852      365F3543 
 1852      746C4F66 
 1852      66736574 
 1853              	.LASF46:
 1854 03a6 73727373 		.ascii	"srssNumPll\000"
 1854      4E756D50 
 1854      6C6C00
 1855              	.LASF198:
 1856 03b1 6D61696E 		.ascii	"main\000"
 1856      00
 1857              	.LASF155:
 1858 03b6 63617074 		.ascii	"captureInputMode\000"
 1858      75726549 
 1858      6E707574 
 1858      4D6F6465 
 1858      00
 1859              	.LASF119:
 1860 03c7 73616D70 		.ascii	"sampleTime01\000"
 1860      6C655469 
 1860      6D653031 
 1860      00
 1861              	.LASF6:
 1862 03d4 73686F72 		.ascii	"short unsigned int\000"
 1862      7420756E 
 1862      7369676E 
 1862      65642069 
 1862      6E7400
 1863              	.LASF87:
 1864 03e7 6770696F 		.ascii	"gpioPrtCfgOutOffset\000"
 1864      50727443 
ARM GAS  C:\Users\Mahrukh\AppData\Local\Temp\ccL4Gziy.s 			page 38


 1864      66674F75 
 1864      744F6666 
 1864      73657400 
 1865              	.LASF20:
 1866 03fb 666C6173 		.ascii	"flashcBase\000"
 1866      68634261 
 1866      736500
 1867              	.LASF8:
 1868 0406 5F5F7569 		.ascii	"__uint32_t\000"
 1868      6E743332 
 1868      5F7400
 1869              	.LASF50:
 1870 0411 70617373 		.ascii	"passSarChannels\000"
 1870      53617243 
 1870      68616E6E 
 1870      656C7300 
 1871              	.LASF194:
 1872 0421 43795F53 		.ascii	"Cy_SysPm_CpuEnterDeepSleep\000"
 1872      7973506D 
 1872      5F437075 
 1872      456E7465 
 1872      72446565 
 1873              	.LASF4:
 1874 043c 5F5F696E 		.ascii	"__int16_t\000"
 1874      7431365F 
 1874      7400
 1875              	.LASF137:
 1876 0446 72784275 		.ascii	"rxBufIdx\000"
 1876      66496478 
 1876      00
 1877              	.LASF93:
 1878 044f 63707573 		.ascii	"cpussCm4PwrCtlOffset\000"
 1878      73436D34 
 1878      50777243 
 1878      746C4F66 
 1878      66736574 
 1879              	.LASF139:
 1880 0464 74784275 		.ascii	"txBufSize\000"
 1880      6653697A 
 1880      6500
 1881              	.LASF88:
 1882 046e 6770696F 		.ascii	"gpioPrtCfgSioOffset\000"
 1882      50727443 
 1882      66675369 
 1882      6F4F6666 
 1882      73657400 
 1883              	.LASF40:
 1884 0482 63707573 		.ascii	"cpussDwChNr\000"
 1884      73447743 
 1884      684E7200 
 1885              	.LASF12:
 1886 048e 756E7369 		.ascii	"unsigned int\000"
 1886      676E6564 
 1886      20696E74 
 1886      00
 1887              	.LASF15:
 1888 049b 75696E74 		.ascii	"uint16_t\000"
ARM GAS  C:\Users\Mahrukh\AppData\Local\Temp\ccL4Gziy.s 			page 39


 1888      31365F74 
 1888      00
 1889              	.LASF73:
 1890 04a4 70657269 		.ascii	"periTrCmdGrSelMsk\000"
 1890      5472436D 
 1890      64477253 
 1890      656C4D73 
 1890      6B00
 1891              	.LASF62:
 1892 04b6 666C6173 		.ascii	"flashCtlMainWs1Freq\000"
 1892      6843746C 
 1892      4D61696E 
 1892      57733146 
 1892      72657100 
 1893              	.LASF9:
 1894 04ca 6C6F6E67 		.ascii	"long unsigned int\000"
 1894      20756E73 
 1894      69676E65 
 1894      6420696E 
 1894      7400
 1895              	.LASF153:
 1896 04dc 656E6162 		.ascii	"enableCompareSwap\000"
 1896      6C65436F 
 1896      6D706172 
 1896      65537761 
 1896      7000
 1897              	.LASF38:
 1898 04ee 63707573 		.ascii	"cpussIpcNr\000"
 1898      73497063 
 1898      4E7200
 1899              	.LASF25:
 1900 04f9 6770696F 		.ascii	"gpioBase\000"
 1900      42617365 
 1900      00
 1901              	.LASF51:
 1902 0502 65704D6F 		.ascii	"epMonitorNr\000"
 1902      6E69746F 
 1902      724E7200 
 1903              	.LASF63:
 1904 050e 666C6173 		.ascii	"flashCtlMainWs2Freq\000"
 1904      6843746C 
 1904      4D61696E 
 1904      57733246 
 1904      72657100 
 1905              	.LASF176:
 1906 0522 73776170 		.ascii	"swapInputMode\000"
 1906      496E7075 
 1906      744D6F64 
 1906      6500
 1907              	.LASF74:
 1908 0530 70657269 		.ascii	"periTrGrOffset\000"
 1908      54724772 
 1908      4F666673 
 1908      657400
 1909              	.LASF101:
 1910 053f 63707573 		.ascii	"cpussRam1Ctl0\000"
 1910      7352616D 
ARM GAS  C:\Users\Mahrukh\AppData\Local\Temp\ccL4Gziy.s 			page 40


 1910      3143746C 
 1910      3000
 1911              	.LASF192:
 1912 054d 4144435F 		.ascii	"ADC_1_allConfigs\000"
 1912      315F616C 
 1912      6C436F6E 
 1912      66696773 
 1912      00
 1913              	.LASF121:
 1914 055e 72616E67 		.ascii	"rangeThres\000"
 1914      65546872 
 1914      657300
 1915              	.LASF178:
 1916 0569 6B696C6C 		.ascii	"killInputMode\000"
 1916      496E7075 
 1916      744D6F64 
 1916      6500
 1917              	.LASF141:
 1918 0577 63624576 		.ascii	"cbEvents\000"
 1918      656E7473 
 1918      00
 1919              	.LASF75:
 1920 0580 70657269 		.ascii	"periTrGrSize\000"
 1920      54724772 
 1920      53697A65 
 1920      00
 1921              	.LASF193:
 1922 058d 43795F53 		.ascii	"Cy_SysEnableCM4\000"
 1922      7973456E 
 1922      61626C65 
 1922      434D3400 
 1923              	.LASF33:
 1924 059d 6770696F 		.ascii	"gpioVersion\000"
 1924      56657273 
 1924      696F6E00 
 1925              	.LASF138:
 1926 05a9 74784275 		.ascii	"txBuf\000"
 1926      6600
 1927              	.LASF182:
 1928 05af 6E756D43 		.ascii	"numChannels\000"
 1928      68616E6E 
 1928      656C7300 
 1929              	.LASF105:
 1930 05bb 63795F73 		.ascii	"cy_stc_device_t\000"
 1930      74635F64 
 1930      65766963 
 1930      655F7400 
 1931              	.LASF124:
 1932 05cb 6368616E 		.ascii	"chanConfig\000"
 1932      436F6E66 
 1932      696700
 1933              	.LASF143:
 1934 05d6 63795F73 		.ascii	"cy_stc_scb_spi_context_t\000"
 1934      74635F73 
 1934      63625F73 
 1934      70695F63 
 1934      6F6E7465 
ARM GAS  C:\Users\Mahrukh\AppData\Local\Temp\ccL4Gziy.s 			page 41


 1935              	.LASF181:
 1936 05ef 6368616E 		.ascii	"channelBase\000"
 1936      6E656C42 
 1936      61736500 
 1937              	.LASF173:
 1938 05fb 696E7665 		.ascii	"invertPWMOut\000"
 1938      72745057 
 1938      4D4F7574 
 1938      00
 1939              	.LASF169:
 1940 0608 64656164 		.ascii	"deadTimeClocks\000"
 1940      54696D65 
 1940      436C6F63 
 1940      6B7300
 1941              	.LASF98:
 1942 0617 63707573 		.ascii	"cpussCm4NmiCtlOffset\000"
 1942      73436D34 
 1942      4E6D6943 
 1942      746C4F66 
 1942      66736574 
 1943              	.LASF94:
 1944 062c 63707573 		.ascii	"cpussTrimRamCtlOffset\000"
 1944      73547269 
 1944      6D52616D 
 1944      43746C4F 
 1944      66667365 
 1945              	.LASF160:
 1946 0642 73746172 		.ascii	"startInput\000"
 1946      74496E70 
 1946      757400
 1947              	.LASF29:
 1948 064d 63707573 		.ascii	"cpussVersion\000"
 1948      73566572 
 1948      73696F6E 
 1948      00
 1949              	.LASF36:
 1950 065a 70657269 		.ascii	"periVersion\000"
 1950      56657273 
 1950      696F6E00 
 1951              	.LASF92:
 1952 0666 63707573 		.ascii	"cpussCm0StatusOffset\000"
 1952      73436D30 
 1952      53746174 
 1952      75734F66 
 1952      66736574 
 1953              	.LASF145:
 1954 067b 63795F73 		.ascii	"cy_stc_tcpwm_counter_config\000"
 1954      74635F74 
 1954      6370776D 
 1954      5F636F75 
 1954      6E746572 
 1955              	.LASF17:
 1956 0697 73697A65 		.ascii	"sizetype\000"
 1956      74797065 
 1956      00
 1957              	.LASF66:
 1958 06a0 64774368 		.ascii	"dwChOffset\000"
ARM GAS  C:\Users\Mahrukh\AppData\Local\Temp\ccL4Gziy.s 			page 42


 1958      4F666673 
 1958      657400
 1959              	.LASF41:
 1960 06ab 63707573 		.ascii	"cpussFlashPaSize\000"
 1960      73466C61 
 1960      73685061 
 1960      53697A65 
 1960      00
 1961              	.LASF120:
 1962 06bc 73616D70 		.ascii	"sampleTime23\000"
 1962      6C655469 
 1962      6D653233 
 1962      00
 1963              	.LASF79:
 1964 06c9 70657269 		.ascii	"periDivCmdPaTypeSelPos\000"
 1964      44697643 
 1964      6D645061 
 1964      54797065 
 1964      53656C50 
 1965              	.LASF102:
 1966 06e0 63707573 		.ascii	"cpussRam2Ctl0\000"
 1966      7352616D 
 1966      3243746C 
 1966      3000
 1967              	.LASF130:
 1968 06ee 636F6E66 		.ascii	"configRouting\000"
 1968      6967526F 
 1968      7574696E 
 1968      6700
 1969              	.LASF70:
 1970 06fc 64775374 		.ascii	"dwStatusChIdxPos\000"
 1970      61747573 
 1970      43684964 
 1970      78506F73 
 1970      00
 1971              	.LASF52:
 1972 070d 75646250 		.ascii	"udbPresent\000"
 1972      72657365 
 1972      6E7400
 1973              	.LASF32:
 1974 0718 666C6173 		.ascii	"flashcVersion\000"
 1974      68635665 
 1974      7273696F 
 1974      6E00
 1975              	.LASF28:
 1976 0726 63727970 		.ascii	"cryptoBase\000"
 1976      746F4261 
 1976      736500
 1977              	.LASF49:
 1978 0731 736D6966 		.ascii	"smifDeviceNr\000"
 1978      44657669 
 1978      63654E72 
 1978      00
 1979              	.LASF103:
 1980 073e 69706353 		.ascii	"ipcStructSize\000"
 1980      74727563 
 1980      7453697A 
ARM GAS  C:\Users\Mahrukh\AppData\Local\Temp\ccL4Gziy.s 			page 43


 1980      6500
 1981              	.LASF127:
 1982 074c 72616E67 		.ascii	"rangeIntrMask\000"
 1982      65496E74 
 1982      724D6173 
 1982      6B00
 1983              	.LASF167:
 1984 075a 70776D4D 		.ascii	"pwmMode\000"
 1984      6F646500 
 1985              	.LASF107:
 1986 0762 666C6F61 		.ascii	"float\000"
 1986      7400
 1987              	.LASF71:
 1988 0768 64775374 		.ascii	"dwStatusChIdxMsk\000"
 1988      61747573 
 1988      43684964 
 1988      784D736B 
 1988      00
 1989              	.LASF187:
 1990 0779 63795F64 		.ascii	"cy_device\000"
 1990      65766963 
 1990      6500
 1991              	.LASF99:
 1992 0783 63707573 		.ascii	"cpussRomCtl\000"
 1992      73526F6D 
 1992      43746C00 
 1993              	.LASF69:
 1994 078f 64774368 		.ascii	"dwChCtlPreemptablePos\000"
 1994      43746C50 
 1994      7265656D 
 1994      70746162 
 1994      6C65506F 
 1995              	.LASF175:
 1996 07a5 6B696C6C 		.ascii	"killMode\000"
 1996      4D6F6465 
 1996      00
 1997              	.LASF123:
 1998 07ae 6368616E 		.ascii	"chanEn\000"
 1998      456E00
 1999              	.LASF22:
 2000 07b5 75646242 		.ascii	"udbBase\000"
 2000      61736500 
 2001              	.LASF113:
 2002 07bd 43595F53 		.ascii	"CY_SAR_RANGE_COND_INSIDE\000"
 2002      41525F52 
 2002      414E4745 
 2002      5F434F4E 
 2002      445F494E 
 2003              	.LASF159:
 2004 07d6 73746172 		.ascii	"startInputMode\000"
 2004      74496E70 
 2004      75744D6F 
 2004      646500
 2005              	.LASF1:
 2006 07e5 756E7369 		.ascii	"unsigned char\000"
 2006      676E6564 
 2006      20636861 
ARM GAS  C:\Users\Mahrukh\AppData\Local\Temp\ccL4Gziy.s 			page 44


 2006      7200
 2007              	.LASF65:
 2008 07f3 666C6173 		.ascii	"flashCtlMainWs4Freq\000"
 2008      6843746C 
 2008      4D61696E 
 2008      57733446 
 2008      72657100 
 2009              	.LASF0:
 2010 0807 73686F72 		.ascii	"short int\000"
 2010      7420696E 
 2010      7400
 2011              	.LASF128:
 2012 0811 6D757853 		.ascii	"muxSwitch\000"
 2012      77697463 
 2012      6800
 2013              	.LASF125:
 2014 081b 696E7472 		.ascii	"intrMask\000"
 2014      4D61736B 
 2014      00
 2015              	.LASF76:
 2016 0824 70657269 		.ascii	"periDivCmdDivSelMsk\000"
 2016      44697643 
 2016      6D644469 
 2016      7653656C 
 2016      4D736B00 
 2017              	.LASF172:
 2018 0838 656E6162 		.ascii	"enablePeriodSwap\000"
 2018      6C655065 
 2018      72696F64 
 2018      53776170 
 2018      00
 2019              	.LASF150:
 2020 0849 636F6D70 		.ascii	"compareOrCapture\000"
 2020      6172654F 
 2020      72436170 
 2020      74757265 
 2020      00
 2021              	.LASF47:
 2022 085a 73727373 		.ascii	"srssNumHfroot\000"
 2022      4E756D48 
 2022      66726F6F 
 2022      7400
 2023              	.LASF60:
 2024 0868 666C6173 		.ascii	"flashEraseDelay\000"
 2024      68457261 
 2024      73654465 
 2024      6C617900 
 2025              	.LASF80:
 2026 0878 70657269 		.ascii	"periDiv8CtlOffset\000"
 2026      44697638 
 2026      43746C4F 
 2026      66667365 
 2026      7400
 2027              	.LASF16:
 2028 088a 75696E74 		.ascii	"uint32_t\000"
 2028      33325F74 
 2028      00
ARM GAS  C:\Users\Mahrukh\AppData\Local\Temp\ccL4Gziy.s 			page 45


 2029              	.LASF191:
 2030 0893 4144435F 		.ascii	"ADC_1_currentConfig\000"
 2030      315F6375 
 2030      7272656E 
 2030      74436F6E 
 2030      66696700 
 2031              	.LASF183:
 2032 08a7 6877436F 		.ascii	"hwConfigStc\000"
 2032      6E666967 
 2032      53746300 
 2033              	.LASF131:
 2034 08b3 76726566 		.ascii	"vrefMvValue\000"
 2034      4D765661 
 2034      6C756500 
 2035              	.LASF195:
 2036 08bf 474E5520 		.ascii	"GNU C11 5.4.1 20160609 (release) [ARM/embedded-5-br"
 2036      43313120 
 2036      352E342E 
 2036      31203230 
 2036      31363036 
 2037 08f2 616E6368 		.ascii	"anch revision 237715] -mcpu=cortex-m0plus -mthumb -"
 2037      20726576 
 2037      6973696F 
 2037      6E203233 
 2037      37373135 
 2038 0925 67202D4F 		.ascii	"g -Og -ffunction-sections -ffat-lto-objects\000"
 2038      67202D66 
 2038      66756E63 
 2038      74696F6E 
 2038      2D736563 
 2039              	.LASF111:
 2040 0951 5F426F6F 		.ascii	"_Bool\000"
 2040      6C00
 2041              	.LASF18:
 2042 0957 6C6F6E67 		.ascii	"long double\000"
 2042      20646F75 
 2042      626C6500 
 2043              	.LASF106:
 2044 0963 63686172 		.ascii	"char\000"
 2044      00
 2045              	.LASF164:
 2046 0968 636F756E 		.ascii	"countInput\000"
 2046      74496E70 
 2046      757400
 2047              	.LASF37:
 2048 0973 70726F74 		.ascii	"protVersion\000"
 2048      56657273 
 2048      696F6E00 
 2049              	.LASF100:
 2050 097f 63707573 		.ascii	"cpussRam0Ctl0\000"
 2050      7352616D 
 2050      3043746C 
 2050      3000
 2051              	.LASF5:
 2052 098d 5F5F7569 		.ascii	"__uint16_t\000"
 2052      6E743136 
 2052      5F7400
ARM GAS  C:\Users\Mahrukh\AppData\Local\Temp\ccL4Gziy.s 			page 46


 2053              	.LASF190:
 2054 0998 50574D5F 		.ascii	"PWM_config\000"
 2054      636F6E66 
 2054      696700
 2055              	.LASF81:
 2056 09a3 70657269 		.ascii	"periDiv16CtlOffset\000"
 2056      44697631 
 2056      3643746C 
 2056      4F666673 
 2056      657400
 2057              	.LASF110:
 2058 09b6 43595F53 		.ascii	"CY_SYSPM_WAIT_FOR_EVENT\000"
 2058      5953504D 
 2058      5F574149 
 2058      545F464F 
 2058      525F4556 
 2059              	.LASF13:
 2060 09ce 75696E74 		.ascii	"uint8_t\000"
 2060      385F7400 
 2061              	.LASF34:
 2062 09d6 6873696F 		.ascii	"hsiomVersion\000"
 2062      6D566572 
 2062      73696F6E 
 2062      00
 2063              	.LASF117:
 2064 09e3 6374726C 		.ascii	"ctrl\000"
 2064      00
 2065              	.LASF154:
 2066 09e8 696E7465 		.ascii	"interruptSources\000"
 2066      72727570 
 2066      74536F75 
 2066      72636573 
 2066      00
 2067              	.LASF158:
 2068 09f9 72656C6F 		.ascii	"reloadInput\000"
 2068      6164496E 
 2068      70757400 
 2069              	.LASF184:
 2070 0a05 6D697363 		.ascii	"miscConfig\000"
 2070      436F6E66 
 2070      696700
 2071              	.LASF67:
 2072 0a10 64774368 		.ascii	"dwChSize\000"
 2072      53697A65 
 2072      00
 2073              	.LASF188:
 2074 0a19 43595F45 		.ascii	"CY_EINK_SPIM_context\000"
 2074      494E4B5F 
 2074      5350494D 
 2074      5F636F6E 
 2074      74657874 
 2075              	.LASF162:
 2076 0a2e 73746F70 		.ascii	"stopInput\000"
 2076      496E7075 
 2076      7400
 2077              	.LASF109:
 2078 0a38 43595F53 		.ascii	"CY_SYSPM_WAIT_FOR_INTERRUPT\000"
ARM GAS  C:\Users\Mahrukh\AppData\Local\Temp\ccL4Gziy.s 			page 47


 2078      5953504D 
 2078      5F574149 
 2078      545F464F 
 2078      525F494E 
 2079              	.LASF42:
 2080 0a54 63707573 		.ascii	"cpussIpc0Irq\000"
 2080      73497063 
 2080      30497271 
 2080      00
 2081              	.LASF170:
 2082 0a61 70657269 		.ascii	"period0\000"
 2082      6F643000 
 2083              	.LASF171:
 2084 0a69 70657269 		.ascii	"period1\000"
 2084      6F643100 
 2085              	.LASF152:
 2086 0a71 636F6D70 		.ascii	"compare1\000"
 2086      61726531 
 2086      00
 2087              	.LASF89:
 2088 0a7a 63707573 		.ascii	"cpussCm0ClockCtlOffset\000"
 2088      73436D30 
 2088      436C6F63 
 2088      6B43746C 
 2088      4F666673 
 2089              	.LASF85:
 2090 0a91 6770696F 		.ascii	"gpioPrtCfgOffset\000"
 2090      50727443 
 2090      66674F66 
 2090      66736574 
 2090      00
 2091              	.LASF142:
 2092 0aa2 696E6974 		.ascii	"initKey\000"
 2092      4B657900 
 2093              	.LASF135:
 2094 0aaa 72784275 		.ascii	"rxBuf\000"
 2094      6600
 2095              	.LASF2:
 2096 0ab0 7369676E 		.ascii	"signed char\000"
 2096      65642063 
 2096      68617200 
 2097              	.LASF122:
 2098 0abc 72616E67 		.ascii	"rangeCond\000"
 2098      65436F6E 
 2098      6400
 2099              	.LASF134:
 2100 0ac6 73746174 		.ascii	"status\000"
 2100      757300
 2101              	.LASF44:
 2102 0acd 63707573 		.ascii	"cpussNotConnectedIrq\000"
 2102      734E6F74 
 2102      436F6E6E 
 2102      65637465 
 2102      64497271 
 2103              	.LASF174:
 2104 0ae2 696E7665 		.ascii	"invertPWMOutN\000"
 2104      72745057 
ARM GAS  C:\Users\Mahrukh\AppData\Local\Temp\ccL4Gziy.s 			page 48


 2104      4D4F7574 
 2104      4E00
 2105              	.LASF58:
 2106 0af0 666C6173 		.ascii	"flashWriteDelay\000"
 2106      68577269 
 2106      74654465 
 2106      6C617900 
 2107              	.LASF118:
 2108 0b00 73616D70 		.ascii	"sampleCtrl\000"
 2108      6C654374 
 2108      726C00
 2109              	.LASF186:
 2110 0b0b 4144435F 		.ascii	"ADC_1_CONFIG_STRUCT\000"
 2110      315F434F 
 2110      4E464947 
 2110      5F535452 
 2110      55435400 
 2111              	.LASF189:
 2112 0b1f 43595F45 		.ascii	"CY_EINK_Timer_config\000"
 2112      494E4B5F 
 2112      54696D65 
 2112      725F636F 
 2112      6E666967 
 2113              	.LASF91:
 2114 0b34 63707573 		.ascii	"cpussCm4StatusOffset\000"
 2114      73436D34 
 2114      53746174 
 2114      75734F66 
 2114      66736574 
 2115              	.LASF84:
 2116 0b49 6770696F 		.ascii	"gpioPrtIntrCfgOffset\000"
 2116      50727449 
 2116      6E747243 
 2116      66674F66 
 2116      66736574 
 2117              	.LASF180:
 2118 0b5e 63795F73 		.ascii	"cy_stc_tcpwm_pwm_config_t\000"
 2118      74635F74 
 2118      6370776D 
 2118      5F70776D 
 2118      5F636F6E 
 2119              	.LASF157:
 2120 0b78 72656C6F 		.ascii	"reloadInputMode\000"
 2120      6164496E 
 2120      7075744D 
 2120      6F646500 
 2121              	.LASF115:
 2122 0b88 43595F53 		.ascii	"CY_SAR_RANGE_COND_OUTSIDE\000"
 2122      41525F52 
 2122      414E4745 
 2122      5F434F4E 
 2122      445F4F55 
 2123              	.LASF151:
 2124 0ba2 636F6D70 		.ascii	"compare0\000"
 2124      61726530 
 2124      00
 2125              	.LASF95:
ARM GAS  C:\Users\Mahrukh\AppData\Local\Temp\ccL4Gziy.s 			page 49


 2126 0bab 63707573 		.ascii	"cpussTrimRomCtlOffset\000"
 2126      73547269 
 2126      6D526F6D 
 2126      43746C4F 
 2126      66667365 
 2127              	.LASF163:
 2128 0bc1 636F756E 		.ascii	"countInputMode\000"
 2128      74496E70 
 2128      75744D6F 
 2128      646500
 2129              	.LASF129:
 2130 0bd0 6D757853 		.ascii	"muxSwitchSqCtrl\000"
 2130      77697463 
 2130      68537143 
 2130      74726C00 
 2131              	.LASF31:
 2132 0be0 64775665 		.ascii	"dwVersion\000"
 2132      7273696F 
 2132      6E00
 2133              	.LASF27:
 2134 0bea 69706342 		.ascii	"ipcBase\000"
 2134      61736500 
 2135              	.LASF78:
 2136 0bf2 70657269 		.ascii	"periDivCmdPaDivSelPos\000"
 2136      44697643 
 2136      6D645061 
 2136      44697653 
 2136      656C506F 
 2137              	.LASF59:
 2138 0c08 666C6173 		.ascii	"flashProgramDelay\000"
 2138      6850726F 
 2138      6772616D 
 2138      44656C61 
 2138      7900
 2139              	.LASF56:
 2140 0c1a 666C6173 		.ascii	"flashRwwRequired\000"
 2140      68527777 
 2140      52657175 
 2140      69726564 
 2140      00
 2141              	.LASF140:
 2142 0c2b 74784275 		.ascii	"txBufIdx\000"
 2142      66496478 
 2142      00
 2143              		.ident	"GCC: (GNU Tools for ARM Embedded Processors) 5.4.1 20160609 (release) [ARM/embedded-5-bran
