--------------- Build Started: 04/21/2021 22:43:37 Project: Communication I2C, Configuration: ARM GCC 5.4-2016-q2-update Debug ---------------
The code generation step is up to date.
The compile step is up to date, no work needs to be done.
The link step is up to date, no work needs to be done.
arm-none-eabi-gcc.exe -mcpu=cortex-m4 -mfloat-abi=softfp -mfpu=fpv4-sp-d16 -mthumb -I.\BMI160_driver-master -I. -IGenerated_Source\PSoC6 -IGenerated_Source\PSoC6\pdl\cmsis/include/ -IGenerated_Source\PSoC6\pdl\devices/psoc6/include/ -IGenerated_Source\PSoC6\pdl\devices/psoc6/include/ip/ -IGenerated_Source\PSoC6\pdl\drivers/peripheral/ -IGenerated_Source\PSoC6\pdl\drivers/peripheral/device/ -IGenerated_Source\PSoC6\pdl\drivers/peripheral/efuse/ -IGenerated_Source\PSoC6\pdl\drivers/peripheral/flash/ -IGenerated_Source\PSoC6\pdl\drivers/peripheral/gpio/ -IGenerated_Source\PSoC6\pdl\drivers/peripheral/ipc/ -IGenerated_Source\PSoC6\pdl\drivers/peripheral/lvd/ -IGenerated_Source\PSoC6\pdl\drivers/peripheral/profile/ -IGenerated_Source\PSoC6\pdl\drivers/peripheral/prot/ -IGenerated_Source\PSoC6\pdl\drivers/peripheral/scb/ -IGenerated_Source\PSoC6\pdl\drivers/peripheral/sysanalog/ -IGenerated_Source\PSoC6\pdl\drivers/peripheral/sysclk/ -IGenerated_Source\PSoC6\pdl\drivers/peripheral/sysint/ -IGenerated_Source\PSoC6\pdl\drivers/peripheral/syslib/ -IGenerated_Source\PSoC6\pdl\drivers/peripheral/syspm/ -IGenerated_Source\PSoC6\pdl\drivers/peripheral/systick/ -IGenerated_Source\PSoC6\pdl\drivers/peripheral/trigmux/ -IGenerated_Source\PSoC6\pdl\drivers/peripheral/wdt/ -IGenerated_Source\PSoC6\pdl\middleware/ -IGenerated_Source\PSoC6\pdl\rtos/FreeRTOS/10.0.1/Source/include/ -IGenerated_Source\PSoC6\pdl\rtos/FreeRTOS/10.0.1/Source/portable/GCC/CM4F/ -IGenerated_Source\PSoC6\pdl\utilities/ -Wa,-alh=.\CortexM4\ARM_GCC_541\Debug/max30102.lst -g -D DEBUG -D CY_CORE_ID=0 -D CY_PSOC_CREATOR_USED=1 -D CY8C6347BZI_BLD53 -Wall -ffunction-sections -ffat-lto-objects -Og -c max30102.c -o .\CortexM4\ARM_GCC_541\Debug\max30102.o
In file included from .\BMI160_driver-master/bmi160.h:62:0,
                 from max30102.c:7:
.\BMI160_driver-master/bmi160_defs.h:122:0: warning: "LITTLE_ENDIAN" redefined
 #define LITTLE_ENDIAN   1
 ^
In file included from c:\program files (x86)\cypress\psoc creator\4.4\psoc creator\import\gnu\arm\5.4.1\arm-none-eabi\include\sys\types.h:67:0,
                 from c:\program files (x86)\cypress\psoc creator\4.4\psoc creator\import\gnu\arm\5.4.1\arm-none-eabi\include\stdio.h:48,
                 from max30102.c:4:
c:\program files (x86)\cypress\psoc creator\4.4\psoc creator\import\gnu\arm\5.4.1\arm-none-eabi\include\machine\endian.h:17:0: note: this is the location of the previous definition
 #define LITTLE_ENDIAN _LITTLE_ENDIAN
 ^
max30102.c: In function 'TaskReadingSample':
max30102.c:144:20: warning: format '%d' expects argument of type 'int', but argument 2 has type 'uint32_t {aka long unsigned int}' [-Wformat=]
             printf("%d \r\n",*ptrRED);
                    ^
max30102.c:144:20: warning: format '%d' expects argument of type 'int', but argument 2 has type 'uint32_t {aka long unsigned int}' [-Wformat=]
arm-none-eabi-gcc.exe -Wl,--start-group -o "C:\Users\user\Documents\PSoC Creator\Workspace01\Communication I2C.cydsn\CortexM4\ARM_GCC_541\Debug\Communication I2C_link.elf" .\CortexM4\ARM_GCC_541\Debug\startup_psoc6_01_cm4.o .\CortexM4\ARM_GCC_541\Debug\main_cm4.o .\CortexM4\ARM_GCC_541\Debug\system_psoc6_cm4.o .\CortexM4\ARM_GCC_541\Debug\Accelerometre.o .\CortexM4\ARM_GCC_541\Debug\max30102.o .\CortexM4\ARM_GCC_541\Debug\bmi160.o .\CortexM4\ARM_GCC_541\Debug\stdio_user.o .\CortexM4\ARM_GCC_541\Debug\cyfitter_sysint_cfg.o .\CortexM4\ARM_GCC_541\Debug\cymetadata.o .\CortexM4\ARM_GCC_541\Debug\I2C_1.o .\CortexM4\ARM_GCC_541\Debug\UART_1.o .\CortexM4\ARM_GCC_541\Debug\cy_efuse.o .\CortexM4\ARM_GCC_541\Debug\cy_flash.o .\CortexM4\ARM_GCC_541\Debug\cy_gpio.o .\CortexM4\ARM_GCC_541\Debug\cy_ipc_drv.o .\CortexM4\ARM_GCC_541\Debug\cy_ipc_sema.o .\CortexM4\ARM_GCC_541\Debug\cy_ipc_pipe.o .\CortexM4\ARM_GCC_541\Debug\cy_lvd.o .\CortexM4\ARM_GCC_541\Debug\cy_profile.o .\CortexM4\ARM_GCC_541\Debug\cy_prot.o .\CortexM4\ARM_GCC_541\Debug\cy_scb_common.o .\CortexM4\ARM_GCC_541\Debug\cy_scb_i2c.o .\CortexM4\ARM_GCC_541\Debug\cy_scb_ezi2c.o .\CortexM4\ARM_GCC_541\Debug\cy_scb_spi.o .\CortexM4\ARM_GCC_541\Debug\cy_scb_uart.o .\CortexM4\ARM_GCC_541\Debug\cy_sysanalog.o .\CortexM4\ARM_GCC_541\Debug\cy_sysclk.o .\CortexM4\ARM_GCC_541\Debug\cy_sysint.o .\CortexM4\ARM_GCC_541\Debug\cy_syslib.o .\CortexM4\ARM_GCC_541\Debug\cy_syslib_gcc.o .\CortexM4\ARM_GCC_541\Debug\cy_syspm.o .\CortexM4\ARM_GCC_541\Debug\cy_systick.o .\CortexM4\ARM_GCC_541\Debug\cy_trigmux.o .\CortexM4\ARM_GCC_541\Debug\cy_wdt.o .\CortexM4\ARM_GCC_541\Debug\cy_device.o .\CortexM4\ARM_GCC_541\Debug\cy_ble_clk.o .\CortexM4\ARM_GCC_541\Debug\croutine.o .\CortexM4\ARM_GCC_541\Debug\event_groups.o .\CortexM4\ARM_GCC_541\Debug\list.o .\CortexM4\ARM_GCC_541\Debug\queue.o .\CortexM4\ARM_GCC_541\Debug\tasks.o .\CortexM4\ARM_GCC_541\Debug\timers.o .\CortexM4\ARM_GCC_541\Debug\stream_buffer.o .\CortexM4\ARM_GCC_541\Debug\port.o .\CortexM4\ARM_GCC_541\Debug\heap_4.o .\CortexM4\ARM_GCC_541\Debug\retarget.o .\CortexM4\ARM_GCC_541\Debug\I2C_2.o -mcpu=cortex-m4 -mfloat-abi=softfp -mfpu=fpv4-sp-d16 -mthumb -L Generated_Source\PSoC6 "-Wl,-Map,.\CortexM4\ARM_GCC_541\Debug/Communication I2C.map" -T cy8c6xx7_cm4_dual.ld -specs=nano.specs -Wl,--gc-sections -g -ffunction-sections -Og -ffat-lto-objects -Wl,--end-group
"C:\Program Files (x86)\Cypress\PDL\3.1.3\tools\win\elf\cymcuelftool.exe" --sign "C:\Users\user\Documents\PSoC Creator\Workspace01\Communication I2C.cydsn\CortexM4\ARM_GCC_541\Debug\Communication I2C_link.elf" --output "C:\Users\user\Documents\PSoC Creator\Workspace01\Communication I2C.cydsn\CortexM4\ARM_GCC_541\Debug\Communication I2C_signed.elf" --hex "C:\Users\user\Documents\PSoC Creator\Workspace01\Communication I2C.cydsn\CortexM4\ARM_GCC_541\Debug\Communication I2C_signed.hex"
No ELF section .cychecksum found, creating one
Application checksum calculated and stored in ELF section .cychecksum
Checksum calculated and stored in ELF section .cymeta
"C:\Program Files (x86)\Cypress\PDL\3.1.3\tools\win\elf\cymcuelftool.exe" --merge "C:\Users\user\Documents\PSoC Creator\Workspace01\Communication I2C.cydsn\CortexM4\ARM_GCC_541\Debug\Communication I2C_signed.elf" "C:\Users\user\Documents\PSoC Creator\Workspace01\Communication I2C.cydsn\CortexM0p\ARM_GCC_541\Debug\Communication I2C.elf" --output "C:\Users\user\Documents\PSoC Creator\Workspace01\Communication I2C.cydsn\CortexM4\ARM_GCC_541\Debug\Communication I2C.elf" --hex "C:\Users\user\Documents\PSoC Creator\Workspace01\Communication I2C.cydsn\CortexM4\ARM_GCC_541\Debug\Communication I2C.hex"
Application checksum calculated and stored in ELF section .cychecksum
Checksum calculated and stored in ELF section .cymeta
"C:\Program Files (x86)\Cypress\PDL\3.1.3\tools\win\elf\cymcuelftool.exe" -A "C:\Users\user\Documents\PSoC Creator\Workspace01\Communication I2C.cydsn\CortexM4\ARM_GCC_541\Debug\Communication I2C.elf"
code:43540	sram:76092
--------------- Build Succeeded: 04/21/2021 22:43:41 ---------------
