ARM GAS  C:\Users\Mahrukh\AppData\Local\Temp\ccCbAyPw.s 			page 1


   1              		.syntax unified
   2              		.cpu cortex-m0plus
   3              		.fpu softvfp
   4              		.eabi_attribute 20, 1
   5              		.eabi_attribute 21, 1
   6              		.eabi_attribute 23, 3
   7              		.eabi_attribute 24, 1
   8              		.eabi_attribute 25, 1
   9              		.eabi_attribute 26, 1
  10              		.eabi_attribute 30, 1
  11              		.eabi_attribute 34, 0
  12              		.eabi_attribute 18, 4
  13              		.thumb
  14              		.syntax unified
  15              		.file	"main_cm0p.c"
  16              		.text
  17              	.Ltext0:
  18              		.cfi_sections	.debug_frame
  19              		.section	.text.main,"ax",%progbits
  20              		.align	2
  21              		.global	main
  22              		.code	16
  23              		.thumb_func
  24              		.type	main, %function
  25              	main:
  26              	.LFB511:
  27              		.file 1 "main_cm0p.c"
   1:main_cm0p.c   **** /******************************************************************************
   2:main_cm0p.c   **** * File Name: main_cm0p.c
   3:main_cm0p.c   **** *
   4:main_cm0p.c   **** * Version: 1.10
   5:main_cm0p.c   **** *
   6:main_cm0p.c   **** * Description: This file main application code for the CE223727 EmWin Graphics
   7:main_cm0p.c   **** *				library EInk Display, for the CM0+ processor.  The only action
   8:main_cm0p.c   **** *				this file performs is to start the CM4 processor.
   9:main_cm0p.c   **** *
  10:main_cm0p.c   **** * Hardware Dependency: CY8CKIT-028-EPD E-Ink Display Shield
  11:main_cm0p.c   **** *					   CY8CKIT-062-BLE PSoC6 BLE Pioneer Kit
  12:main_cm0p.c   **** *
  13:main_cm0p.c   **** *******************************************************************************
  14:main_cm0p.c   **** * Copyright (2018), Cypress Semiconductor Corporation. All rights reserved.
  15:main_cm0p.c   **** *******************************************************************************
  16:main_cm0p.c   **** * This software, including source code, documentation and related materials
  17:main_cm0p.c   **** * (“Software”), is owned by Cypress Semiconductor Corporation or one of its
  18:main_cm0p.c   **** * subsidiaries (“Cypress”) and is protected by and subject to worldwide patent
  19:main_cm0p.c   **** * protection (United States and foreign), United States copyright laws and
  20:main_cm0p.c   **** * international treaty provisions. Therefore, you may use this Software only
  21:main_cm0p.c   **** * as provided in the license agreement accompanying the software package from
  22:main_cm0p.c   **** * which you obtained this Software (“EULA”).
  23:main_cm0p.c   **** *
  24:main_cm0p.c   **** * If no EULA applies, Cypress hereby grants you a personal, nonexclusive,
  25:main_cm0p.c   **** * non-transferable license to copy, modify, and compile the Software source
  26:main_cm0p.c   **** * code solely for use in connection with Cypress’s integrated circuit products.
  27:main_cm0p.c   **** * Any reproduction, modification, translation, compilation, or representation
  28:main_cm0p.c   **** * of this Software except as specified above is prohibited without the express
  29:main_cm0p.c   **** * written permission of Cypress.
  30:main_cm0p.c   **** *
ARM GAS  C:\Users\Mahrukh\AppData\Local\Temp\ccCbAyPw.s 			page 2


  31:main_cm0p.c   **** * Disclaimer: THIS SOFTWARE IS PROVIDED AS-IS, WITH NO WARRANTY OF ANY KIND, 
  32:main_cm0p.c   **** * EXPRESS OR IMPLIED, INCLUDING, BUT NOT LIMITED TO, NONINFRINGEMENT, IMPLIED 
  33:main_cm0p.c   **** * WARRANTIES OF MERCHANTABILITY AND FITNESS FOR A PARTICULAR PURPOSE. Cypress 
  34:main_cm0p.c   **** * reserves the right to make changes to the Software without notice. Cypress 
  35:main_cm0p.c   **** * does not assume any liability arising out of the application or use of the 
  36:main_cm0p.c   **** * Software or any product or circuit described in the Software. Cypress does 
  37:main_cm0p.c   **** * not authorize its products for use in any products where a malfunction or 
  38:main_cm0p.c   **** * failure of the Cypress product may reasonably be expected to result in 
  39:main_cm0p.c   **** * significant property damage, injury or death (“High Risk Product”). By 
  40:main_cm0p.c   **** * including Cypress’s product in a High Risk Product, the manufacturer of such 
  41:main_cm0p.c   **** * system or application assumes all risk of such use and in doing so agrees to 
  42:main_cm0p.c   **** * indemnify Cypress against all liability.
  43:main_cm0p.c   **** *******************************************************************************/
  44:main_cm0p.c   **** #include "project.h"
  45:main_cm0p.c   **** 
  46:main_cm0p.c   **** int main(void)
  47:main_cm0p.c   **** {
  28              		.loc 1 47 0
  29              		.cfi_startproc
  30              		@ Volatile: function does not return.
  31              		@ args = 0, pretend = 0, frame = 0
  32              		@ frame_needed = 0, uses_anonymous_args = 0
  33 0000 10B5     		push	{r4, lr}
  34              		.cfi_def_cfa_offset 8
  35              		.cfi_offset 4, -8
  36              		.cfi_offset 14, -4
  48:main_cm0p.c   ****     /*__enable_irq(); */ /* Enable global interrupts. */
  49:main_cm0p.c   ****     
  50:main_cm0p.c   **** 	/* Enable CM4.  CY_CORTEX_M4_APPL_ADDR must be updated if CM4 memory layout is changed. */
  51:main_cm0p.c   ****     Cy_SysEnableCM4(CY_CORTEX_M4_APPL_ADDR); 
  37              		.loc 1 51 0
  38 0002 0348     		ldr	r0, .L3
  39 0004 FFF7FEFF 		bl	Cy_SysEnableCM4
  40              	.LVL0:
  41              	.L2:
  52:main_cm0p.c   **** 
  53:main_cm0p.c   ****     /* Place your initialization/startup code here (e.g. MyInst_Start()) */
  54:main_cm0p.c   **** 
  55:main_cm0p.c   ****     for(;;)
  56:main_cm0p.c   ****     {
  57:main_cm0p.c   ****         /* Place your application code here. */
  58:main_cm0p.c   **** 		Cy_SysPm_DeepSleep(CY_SYSPM_WAIT_FOR_INTERRUPT);
  42              		.loc 1 58 0 discriminator 1
  43 0008 0020     		movs	r0, #0
  44 000a FFF7FEFF 		bl	Cy_SysPm_CpuEnterDeepSleep
  45              	.LVL1:
  46 000e FBE7     		b	.L2
  47              	.L4:
  48              		.align	2
  49              	.L3:
  50 0010 00000810 		.word	268959744
  51              		.cfi_endproc
  52              	.LFE511:
  53              		.size	main, .-main
  54              		.text
  55              	.Letext0:
  56              		.file 2 "c:\\program files (x86)\\cypress\\psoc creator\\4.4\\psoc creator\\import\\gnu\\arm\\5.4.
ARM GAS  C:\Users\Mahrukh\AppData\Local\Temp\ccCbAyPw.s 			page 3


  57              		.file 3 "c:\\program files (x86)\\cypress\\psoc creator\\4.4\\psoc creator\\import\\gnu\\arm\\5.4.
  58              		.file 4 "Generated_Source\\PSoC6\\pdl\\drivers/peripheral/device/cy_device.h"
  59              		.file 5 "Generated_Source\\PSoC6\\pdl\\drivers/peripheral/scb/cy_scb_spi.h"
  60              		.file 6 "Generated_Source\\PSoC6\\pdl\\drivers/peripheral/scb/cy_scb_uart.h"
  61              		.file 7 "Generated_Source\\PSoC6\\pdl\\drivers/peripheral/tcpwm/cy_tcpwm_counter.h"
  62              		.file 8 "Generated_Source\\PSoC6/CY_EINK_SPIM.h"
  63              		.file 9 "Generated_Source\\PSoC6/CY_EINK_Timer.h"
  64              		.file 10 "Generated_Source\\PSoC6/UART_1.h"
  65              		.file 11 "./system_psoc6.h"
  66              		.file 12 "Generated_Source\\PSoC6\\pdl\\drivers/peripheral/syspm/cy_syspm.h"
  67              		.section	.debug_info,"",%progbits
  68              	.Ldebug_info0:
  69 0000 3F080000 		.4byte	0x83f
  70 0004 0400     		.2byte	0x4
  71 0006 00000000 		.4byte	.Ldebug_abbrev0
  72 000a 04       		.byte	0x4
  73 000b 01       		.uleb128 0x1
  74 000c F8060000 		.4byte	.LASF161
  75 0010 0C       		.byte	0xc
  76 0011 85000000 		.4byte	.LASF162
  77 0015 FD090000 		.4byte	.LASF163
  78 0019 00000000 		.4byte	.Ldebug_ranges0+0
  79 001d 00000000 		.4byte	0
  80 0021 00000000 		.4byte	.Ldebug_line0
  81 0025 02       		.uleb128 0x2
  82 0026 02       		.byte	0x2
  83 0027 05       		.byte	0x5
  84 0028 79060000 		.4byte	.LASF0
  85 002c 02       		.uleb128 0x2
  86 002d 01       		.byte	0x1
  87 002e 08       		.byte	0x8
  88 002f 57060000 		.4byte	.LASF1
  89 0033 02       		.uleb128 0x2
  90 0034 01       		.byte	0x1
  91 0035 06       		.byte	0x6
  92 0036 E1080000 		.4byte	.LASF2
  93 003a 03       		.uleb128 0x3
  94 003b 9F000000 		.4byte	.LASF3
  95 003f 02       		.byte	0x2
  96 0040 1D       		.byte	0x1d
  97 0041 2C000000 		.4byte	0x2c
  98 0045 03       		.uleb128 0x3
  99 0046 4D030000 		.4byte	.LASF4
 100 004a 02       		.byte	0x2
 101 004b 29       		.byte	0x29
 102 004c 25000000 		.4byte	0x25
 103 0050 03       		.uleb128 0x3
 104 0051 C6070000 		.4byte	.LASF5
 105 0055 02       		.byte	0x2
 106 0056 2B       		.byte	0x2b
 107 0057 5B000000 		.4byte	0x5b
 108 005b 02       		.uleb128 0x2
 109 005c 02       		.byte	0x2
 110 005d 07       		.byte	0x7
 111 005e 35080000 		.4byte	.LASF6
 112 0062 02       		.uleb128 0x2
 113 0063 04       		.byte	0x4
ARM GAS  C:\Users\Mahrukh\AppData\Local\Temp\ccCbAyPw.s 			page 4


 114 0064 05       		.byte	0x5
 115 0065 5E020000 		.4byte	.LASF7
 116 0069 03       		.uleb128 0x3
 117 006a 17030000 		.4byte	.LASF8
 118 006e 02       		.byte	0x2
 119 006f 41       		.byte	0x41
 120 0070 74000000 		.4byte	0x74
 121 0074 02       		.uleb128 0x2
 122 0075 04       		.byte	0x4
 123 0076 07       		.byte	0x7
 124 0077 EC030000 		.4byte	.LASF9
 125 007b 02       		.uleb128 0x2
 126 007c 08       		.byte	0x8
 127 007d 05       		.byte	0x5
 128 007e A6010000 		.4byte	.LASF10
 129 0082 02       		.uleb128 0x2
 130 0083 08       		.byte	0x8
 131 0084 07       		.byte	0x7
 132 0085 1C010000 		.4byte	.LASF11
 133 0089 04       		.uleb128 0x4
 134 008a 04       		.byte	0x4
 135 008b 05       		.byte	0x5
 136 008c 696E7400 		.ascii	"int\000"
 137 0090 02       		.uleb128 0x2
 138 0091 04       		.byte	0x4
 139 0092 07       		.byte	0x7
 140 0093 B0030000 		.4byte	.LASF12
 141 0097 03       		.uleb128 0x3
 142 0098 33090000 		.4byte	.LASF13
 143 009c 03       		.byte	0x3
 144 009d 18       		.byte	0x18
 145 009e 3A000000 		.4byte	0x3a
 146 00a2 03       		.uleb128 0x3
 147 00a3 9E010000 		.4byte	.LASF14
 148 00a7 03       		.byte	0x3
 149 00a8 20       		.byte	0x20
 150 00a9 45000000 		.4byte	0x45
 151 00ad 03       		.uleb128 0x3
 152 00ae BD030000 		.4byte	.LASF15
 153 00b2 03       		.byte	0x3
 154 00b3 24       		.byte	0x24
 155 00b4 50000000 		.4byte	0x50
 156 00b8 03       		.uleb128 0x3
 157 00b9 DA060000 		.4byte	.LASF16
 158 00bd 03       		.byte	0x3
 159 00be 30       		.byte	0x30
 160 00bf 69000000 		.4byte	0x69
 161 00c3 02       		.uleb128 0x2
 162 00c4 04       		.byte	0x4
 163 00c5 07       		.byte	0x7
 164 00c6 49050000 		.4byte	.LASF17
 165 00ca 05       		.uleb128 0x5
 166 00cb B8000000 		.4byte	0xb8
 167 00cf 02       		.uleb128 0x2
 168 00d0 08       		.byte	0x8
 169 00d1 04       		.byte	0x4
 170 00d2 90070000 		.4byte	.LASF18
ARM GAS  C:\Users\Mahrukh\AppData\Local\Temp\ccCbAyPw.s 			page 5


 171 00d6 06       		.uleb128 0x6
 172 00d7 B8       		.byte	0xb8
 173 00d8 04       		.byte	0x4
 174 00d9 34       		.byte	0x34
 175 00da E7040000 		.4byte	0x4e7
 176 00de 07       		.uleb128 0x7
 177 00df F2000000 		.4byte	.LASF19
 178 00e3 04       		.byte	0x4
 179 00e4 37       		.byte	0x37
 180 00e5 B8000000 		.4byte	0xb8
 181 00e9 00       		.byte	0
 182 00ea 07       		.uleb128 0x7
 183 00eb 0C030000 		.4byte	.LASF20
 184 00ef 04       		.byte	0x4
 185 00f0 38       		.byte	0x38
 186 00f1 B8000000 		.4byte	0xb8
 187 00f5 04       		.byte	0x4
 188 00f6 07       		.uleb128 0x7
 189 00f7 84020000 		.4byte	.LASF21
 190 00fb 04       		.byte	0x4
 191 00fc 39       		.byte	0x39
 192 00fd B8000000 		.4byte	0xb8
 193 0101 08       		.byte	0x8
 194 0102 07       		.uleb128 0x7
 195 0103 40060000 		.4byte	.LASF22
 196 0107 04       		.byte	0x4
 197 0108 3A       		.byte	0x3a
 198 0109 B8000000 		.4byte	0xb8
 199 010d 0C       		.byte	0xc
 200 010e 07       		.uleb128 0x7
 201 010f FE010000 		.4byte	.LASF23
 202 0113 04       		.byte	0x4
 203 0114 3B       		.byte	0x3b
 204 0115 B8000000 		.4byte	0xb8
 205 0119 10       		.byte	0x10
 206 011a 07       		.uleb128 0x7
 207 011b 54020000 		.4byte	.LASF24
 208 011f 04       		.byte	0x4
 209 0120 3C       		.byte	0x3c
 210 0121 B8000000 		.4byte	0xb8
 211 0125 14       		.byte	0x14
 212 0126 07       		.uleb128 0x7
 213 0127 3A040000 		.4byte	.LASF25
 214 012b 04       		.byte	0x4
 215 012c 3D       		.byte	0x3d
 216 012d B8000000 		.4byte	0xb8
 217 0131 18       		.byte	0x18
 218 0132 07       		.uleb128 0x7
 219 0133 7C000000 		.4byte	.LASF26
 220 0137 04       		.byte	0x4
 221 0138 3E       		.byte	0x3e
 222 0139 B8000000 		.4byte	0xb8
 223 013d 1C       		.byte	0x1c
 224 013e 07       		.uleb128 0x7
 225 013f C7090000 		.4byte	.LASF27
 226 0143 04       		.byte	0x4
 227 0144 3F       		.byte	0x3f
ARM GAS  C:\Users\Mahrukh\AppData\Local\Temp\ccCbAyPw.s 			page 6


 228 0145 B8000000 		.4byte	0xb8
 229 0149 20       		.byte	0x20
 230 014a 07       		.uleb128 0x7
 231 014b C6050000 		.4byte	.LASF28
 232 014f 04       		.byte	0x4
 233 0150 40       		.byte	0x40
 234 0151 B8000000 		.4byte	0xb8
 235 0155 24       		.byte	0x24
 236 0156 07       		.uleb128 0x7
 237 0157 FF040000 		.4byte	.LASF29
 238 015b 04       		.byte	0x4
 239 015c 43       		.byte	0x43
 240 015d 97000000 		.4byte	0x97
 241 0161 28       		.byte	0x28
 242 0162 07       		.uleb128 0x7
 243 0163 5F000000 		.4byte	.LASF30
 244 0167 04       		.byte	0x4
 245 0168 44       		.byte	0x44
 246 0169 97000000 		.4byte	0x97
 247 016d 29       		.byte	0x29
 248 016e 07       		.uleb128 0x7
 249 016f BD090000 		.4byte	.LASF31
 250 0173 04       		.byte	0x4
 251 0174 45       		.byte	0x45
 252 0175 97000000 		.4byte	0x97
 253 0179 2A       		.byte	0x2a
 254 017a 07       		.uleb128 0x7
 255 017b B8050000 		.4byte	.LASF32
 256 017f 04       		.byte	0x4
 257 0180 46       		.byte	0x46
 258 0181 97000000 		.4byte	0x97
 259 0185 2B       		.byte	0x2b
 260 0186 07       		.uleb128 0x7
 261 0187 8F040000 		.4byte	.LASF33
 262 018b 04       		.byte	0x4
 263 018c 47       		.byte	0x47
 264 018d 97000000 		.4byte	0x97
 265 0191 2C       		.byte	0x2c
 266 0192 07       		.uleb128 0x7
 267 0193 FC070000 		.4byte	.LASF34
 268 0197 04       		.byte	0x4
 269 0198 48       		.byte	0x48
 270 0199 97000000 		.4byte	0x97
 271 019d 2D       		.byte	0x2d
 272 019e 07       		.uleb128 0x7
 273 019f 07020000 		.4byte	.LASF35
 274 01a3 04       		.byte	0x4
 275 01a4 49       		.byte	0x49
 276 01a5 97000000 		.4byte	0x97
 277 01a9 2E       		.byte	0x2e
 278 01aa 07       		.uleb128 0x7
 279 01ab 0C050000 		.4byte	.LASF36
 280 01af 04       		.byte	0x4
 281 01b0 4A       		.byte	0x4a
 282 01b1 97000000 		.4byte	0x97
 283 01b5 2F       		.byte	0x2f
 284 01b6 07       		.uleb128 0x7
ARM GAS  C:\Users\Mahrukh\AppData\Local\Temp\ccCbAyPw.s 			page 7


 285 01b7 AC070000 		.4byte	.LASF37
 286 01bb 04       		.byte	0x4
 287 01bc 4B       		.byte	0x4b
 288 01bd 97000000 		.4byte	0x97
 289 01c1 30       		.byte	0x30
 290 01c2 07       		.uleb128 0x7
 291 01c3 2F040000 		.4byte	.LASF38
 292 01c7 04       		.byte	0x4
 293 01c8 4E       		.byte	0x4e
 294 01c9 97000000 		.4byte	0x97
 295 01cd 31       		.byte	0x31
 296 01ce 07       		.uleb128 0x7
 297 01cf 91000000 		.4byte	.LASF39
 298 01d3 04       		.byte	0x4
 299 01d4 4F       		.byte	0x4f
 300 01d5 97000000 		.4byte	0x97
 301 01d9 32       		.byte	0x32
 302 01da 07       		.uleb128 0x7
 303 01db A4030000 		.4byte	.LASF40
 304 01df 04       		.byte	0x4
 305 01e0 50       		.byte	0x50
 306 01e1 97000000 		.4byte	0x97
 307 01e5 33       		.byte	0x33
 308 01e6 07       		.uleb128 0x7
 309 01e7 5D050000 		.4byte	.LASF41
 310 01eb 04       		.byte	0x4
 311 01ec 51       		.byte	0x51
 312 01ed 97000000 		.4byte	0x97
 313 01f1 34       		.byte	0x34
 314 01f2 07       		.uleb128 0x7
 315 01f3 77080000 		.4byte	.LASF42
 316 01f7 04       		.byte	0x4
 317 01f8 52       		.byte	0x52
 318 01f9 A2000000 		.4byte	0xa2
 319 01fd 36       		.byte	0x36
 320 01fe 07       		.uleb128 0x7
 321 01ff 9E020000 		.4byte	.LASF43
 322 0203 04       		.byte	0x4
 323 0204 53       		.byte	0x53
 324 0205 A2000000 		.4byte	0xa2
 325 0209 38       		.byte	0x38
 326 020a 07       		.uleb128 0x7
 327 020b 0E090000 		.4byte	.LASF44
 328 020f 04       		.byte	0x4
 329 0210 54       		.byte	0x54
 330 0211 A2000000 		.4byte	0xa2
 331 0215 3A       		.byte	0x3a
 332 0216 07       		.uleb128 0x7
 333 0217 45020000 		.4byte	.LASF45
 334 021b 04       		.byte	0x4
 335 021c 55       		.byte	0x55
 336 021d 97000000 		.4byte	0x97
 337 0221 3C       		.byte	0x3c
 338 0222 07       		.uleb128 0x7
 339 0223 C5020000 		.4byte	.LASF46
 340 0227 04       		.byte	0x4
 341 0228 56       		.byte	0x56
ARM GAS  C:\Users\Mahrukh\AppData\Local\Temp\ccCbAyPw.s 			page 8


 342 0229 97000000 		.4byte	0x97
 343 022d 3D       		.byte	0x3d
 344 022e 07       		.uleb128 0x7
 345 022f BC060000 		.4byte	.LASF47
 346 0233 04       		.byte	0x4
 347 0234 57       		.byte	0x57
 348 0235 97000000 		.4byte	0x97
 349 0239 3E       		.byte	0x3e
 350 023a 07       		.uleb128 0x7
 351 023b 03010000 		.4byte	.LASF48
 352 023f 04       		.byte	0x4
 353 0240 58       		.byte	0x58
 354 0241 97000000 		.4byte	0x97
 355 0245 3F       		.byte	0x3f
 356 0246 07       		.uleb128 0x7
 357 0247 D1050000 		.4byte	.LASF49
 358 024b 04       		.byte	0x4
 359 024c 59       		.byte	0x59
 360 024d 97000000 		.4byte	0x97
 361 0251 40       		.byte	0x40
 362 0252 07       		.uleb128 0x7
 363 0253 22030000 		.4byte	.LASF50
 364 0257 04       		.byte	0x4
 365 0258 5A       		.byte	0x5a
 366 0259 97000000 		.4byte	0x97
 367 025d 41       		.byte	0x41
 368 025e 07       		.uleb128 0x7
 369 025f C4040000 		.4byte	.LASF51
 370 0263 04       		.byte	0x4
 371 0264 5B       		.byte	0x5b
 372 0265 97000000 		.4byte	0x97
 373 0269 42       		.byte	0x42
 374 026a 07       		.uleb128 0x7
 375 026b A4050000 		.4byte	.LASF52
 376 026f 04       		.byte	0x4
 377 0270 5C       		.byte	0x5c
 378 0271 97000000 		.4byte	0x97
 379 0275 43       		.byte	0x43
 380 0276 07       		.uleb128 0x7
 381 0277 8D020000 		.4byte	.LASF53
 382 027b 04       		.byte	0x4
 383 027c 5D       		.byte	0x5d
 384 027d 97000000 		.4byte	0x97
 385 0281 44       		.byte	0x44
 386 0282 07       		.uleb128 0x7
 387 0283 00000000 		.4byte	.LASF54
 388 0287 04       		.byte	0x4
 389 0288 5E       		.byte	0x5e
 390 0289 B8000000 		.4byte	0xb8
 391 028d 48       		.byte	0x48
 392 028e 07       		.uleb128 0x7
 393 028f 76020000 		.4byte	.LASF55
 394 0293 04       		.byte	0x4
 395 0294 5F       		.byte	0x5f
 396 0295 B8000000 		.4byte	0xb8
 397 0299 4C       		.byte	0x4c
 398 029a 07       		.uleb128 0x7
ARM GAS  C:\Users\Mahrukh\AppData\Local\Temp\ccCbAyPw.s 			page 9


 399 029b 3C0A0000 		.4byte	.LASF56
 400 029f 04       		.byte	0x4
 401 02a0 60       		.byte	0x60
 402 02a1 97000000 		.4byte	0x97
 403 02a5 50       		.byte	0x50
 404 02a6 07       		.uleb128 0x7
 405 02a7 78010000 		.4byte	.LASF57
 406 02ab 04       		.byte	0x4
 407 02ac 61       		.byte	0x61
 408 02ad 97000000 		.4byte	0x97
 409 02b1 51       		.byte	0x51
 410 02b2 07       		.uleb128 0x7
 411 02b3 23090000 		.4byte	.LASF58
 412 02b7 04       		.byte	0x4
 413 02b8 62       		.byte	0x62
 414 02b9 97000000 		.4byte	0x97
 415 02bd 52       		.byte	0x52
 416 02be 07       		.uleb128 0x7
 417 02bf 09080000 		.4byte	.LASF59
 418 02c3 04       		.byte	0x4
 419 02c4 63       		.byte	0x63
 420 02c5 97000000 		.4byte	0x97
 421 02c9 53       		.byte	0x53
 422 02ca 07       		.uleb128 0x7
 423 02cb CA060000 		.4byte	.LASF60
 424 02cf 04       		.byte	0x4
 425 02d0 64       		.byte	0x64
 426 02d1 97000000 		.4byte	0x97
 427 02d5 54       		.byte	0x54
 428 02d6 07       		.uleb128 0x7
 429 02d7 8A010000 		.4byte	.LASF61
 430 02db 04       		.byte	0x4
 431 02dc 65       		.byte	0x65
 432 02dd 97000000 		.4byte	0x97
 433 02e1 55       		.byte	0x55
 434 02e2 07       		.uleb128 0x7
 435 02e3 D8030000 		.4byte	.LASF62
 436 02e7 04       		.byte	0x4
 437 02e8 66       		.byte	0x66
 438 02e9 97000000 		.4byte	0x97
 439 02ed 56       		.byte	0x56
 440 02ee 07       		.uleb128 0x7
 441 02ef 97060000 		.4byte	.LASF63
 442 02f3 04       		.byte	0x4
 443 02f4 67       		.byte	0x67
 444 02f5 97000000 		.4byte	0x97
 445 02f9 57       		.byte	0x57
 446 02fa 07       		.uleb128 0x7
 447 02fb 24000000 		.4byte	.LASF64
 448 02ff 04       		.byte	0x4
 449 0300 68       		.byte	0x68
 450 0301 97000000 		.4byte	0x97
 451 0305 58       		.byte	0x58
 452 0306 07       		.uleb128 0x7
 453 0307 65060000 		.4byte	.LASF65
 454 030b 04       		.byte	0x4
 455 030c 69       		.byte	0x69
ARM GAS  C:\Users\Mahrukh\AppData\Local\Temp\ccCbAyPw.s 			page 10


 456 030d 97000000 		.4byte	0x97
 457 0311 59       		.byte	0x59
 458 0312 07       		.uleb128 0x7
 459 0313 52050000 		.4byte	.LASF66
 460 0317 04       		.byte	0x4
 461 0318 6E       		.byte	0x6e
 462 0319 AD000000 		.4byte	0xad
 463 031d 5A       		.byte	0x5a
 464 031e 07       		.uleb128 0x7
 465 031f 48080000 		.4byte	.LASF67
 466 0323 04       		.byte	0x4
 467 0324 6F       		.byte	0x6f
 468 0325 AD000000 		.4byte	0xad
 469 0329 5C       		.byte	0x5c
 470 032a 07       		.uleb128 0x7
 471 032b 6D000000 		.4byte	.LASF68
 472 032f 04       		.byte	0x4
 473 0330 70       		.byte	0x70
 474 0331 97000000 		.4byte	0x97
 475 0335 5E       		.byte	0x5e
 476 0336 07       		.uleb128 0x7
 477 0337 19060000 		.4byte	.LASF69
 478 033b 04       		.byte	0x4
 479 033c 71       		.byte	0x71
 480 033d 97000000 		.4byte	0x97
 481 0341 5F       		.byte	0x5f
 482 0342 07       		.uleb128 0x7
 483 0343 93050000 		.4byte	.LASF70
 484 0347 04       		.byte	0x4
 485 0348 72       		.byte	0x72
 486 0349 97000000 		.4byte	0x97
 487 034d 60       		.byte	0x60
 488 034e 07       		.uleb128 0x7
 489 034f F2050000 		.4byte	.LASF71
 490 0353 04       		.byte	0x4
 491 0354 73       		.byte	0x73
 492 0355 B8000000 		.4byte	0xb8
 493 0359 64       		.byte	0x64
 494 035a 07       		.uleb128 0x7
 495 035b 42010000 		.4byte	.LASF72
 496 035f 04       		.byte	0x4
 497 0360 76       		.byte	0x76
 498 0361 AD000000 		.4byte	0xad
 499 0365 68       		.byte	0x68
 500 0366 07       		.uleb128 0x7
 501 0367 C6030000 		.4byte	.LASF73
 502 036b 04       		.byte	0x4
 503 036c 77       		.byte	0x77
 504 036d AD000000 		.4byte	0xad
 505 0371 6A       		.byte	0x6a
 506 0372 07       		.uleb128 0x7
 507 0373 4C040000 		.4byte	.LASF74
 508 0377 04       		.byte	0x4
 509 0378 78       		.byte	0x78
 510 0379 AD000000 		.4byte	0xad
 511 037d 6C       		.byte	0x6c
 512 037e 07       		.uleb128 0x7
ARM GAS  C:\Users\Mahrukh\AppData\Local\Temp\ccCbAyPw.s 			page 11


 513 037f 72040000 		.4byte	.LASF75
 514 0383 04       		.byte	0x4
 515 0384 79       		.byte	0x79
 516 0385 AD000000 		.4byte	0xad
 517 0389 6E       		.byte	0x6e
 518 038a 07       		.uleb128 0x7
 519 038b 83060000 		.4byte	.LASF76
 520 038f 04       		.byte	0x4
 521 0390 7B       		.byte	0x7b
 522 0391 97000000 		.4byte	0x97
 523 0395 70       		.byte	0x70
 524 0396 07       		.uleb128 0x7
 525 0397 E9010000 		.4byte	.LASF77
 526 039b 04       		.byte	0x4
 527 039c 7C       		.byte	0x7c
 528 039d 97000000 		.4byte	0x97
 529 03a1 71       		.byte	0x71
 530 03a2 07       		.uleb128 0x7
 531 03a3 CF090000 		.4byte	.LASF78
 532 03a7 04       		.byte	0x4
 533 03a8 7D       		.byte	0x7d
 534 03a9 97000000 		.4byte	0x97
 535 03ad 72       		.byte	0x72
 536 03ae 07       		.uleb128 0x7
 537 03af 6E050000 		.4byte	.LASF79
 538 03b3 04       		.byte	0x4
 539 03b4 7E       		.byte	0x7e
 540 03b5 97000000 		.4byte	0x97
 541 03b9 73       		.byte	0x73
 542 03ba 07       		.uleb128 0x7
 543 03bb E6020000 		.4byte	.LASF80
 544 03bf 04       		.byte	0x4
 545 03c0 80       		.byte	0x80
 546 03c1 AD000000 		.4byte	0xad
 547 03c5 74       		.byte	0x74
 548 03c6 07       		.uleb128 0x7
 549 03c7 D1070000 		.4byte	.LASF81
 550 03cb 04       		.byte	0x4
 551 03cc 81       		.byte	0x81
 552 03cd AD000000 		.4byte	0xad
 553 03d1 76       		.byte	0x76
 554 03d2 07       		.uleb128 0x7
 555 03d3 B0020000 		.4byte	.LASF82
 556 03d7 04       		.byte	0x4
 557 03d8 82       		.byte	0x82
 558 03d9 AD000000 		.4byte	0xad
 559 03dd 78       		.byte	0x78
 560 03de 07       		.uleb128 0x7
 561 03df A9000000 		.4byte	.LASF83
 562 03e3 04       		.byte	0x4
 563 03e4 83       		.byte	0x83
 564 03e5 AD000000 		.4byte	0xad
 565 03e9 7A       		.byte	0x7a
 566 03ea 07       		.uleb128 0x7
 567 03eb 65090000 		.4byte	.LASF84
 568 03ef 04       		.byte	0x4
 569 03f0 86       		.byte	0x86
ARM GAS  C:\Users\Mahrukh\AppData\Local\Temp\ccCbAyPw.s 			page 12


 570 03f1 97000000 		.4byte	0x97
 571 03f5 7C       		.byte	0x7c
 572 03f6 07       		.uleb128 0x7
 573 03f7 C2080000 		.4byte	.LASF85
 574 03fb 04       		.byte	0x4
 575 03fc 87       		.byte	0x87
 576 03fd 97000000 		.4byte	0x97
 577 0401 7D       		.byte	0x7d
 578 0402 07       		.uleb128 0x7
 579 0403 38000000 		.4byte	.LASF86
 580 0407 04       		.byte	0x4
 581 0408 88       		.byte	0x88
 582 0409 97000000 		.4byte	0x97
 583 040d 7E       		.byte	0x7e
 584 040e 07       		.uleb128 0x7
 585 040f F8020000 		.4byte	.LASF87
 586 0413 04       		.byte	0x4
 587 0414 89       		.byte	0x89
 588 0415 97000000 		.4byte	0x97
 589 0419 7F       		.byte	0x7f
 590 041a 07       		.uleb128 0x7
 591 041b 90030000 		.4byte	.LASF88
 592 041f 04       		.byte	0x4
 593 0420 8A       		.byte	0x8a
 594 0421 97000000 		.4byte	0x97
 595 0425 80       		.byte	0x80
 596 0426 07       		.uleb128 0x7
 597 0427 AB080000 		.4byte	.LASF89
 598 042b 04       		.byte	0x4
 599 042c 8D       		.byte	0x8d
 600 042d B8000000 		.4byte	0xb8
 601 0431 84       		.byte	0x84
 602 0432 07       		.uleb128 0x7
 603 0433 BE000000 		.4byte	.LASF90
 604 0437 04       		.byte	0x4
 605 0438 8E       		.byte	0x8e
 606 0439 B8000000 		.4byte	0xb8
 607 043d 88       		.byte	0x88
 608 043e 07       		.uleb128 0x7
 609 043f 50090000 		.4byte	.LASF91
 610 0443 04       		.byte	0x4
 611 0444 8F       		.byte	0x8f
 612 0445 B8000000 		.4byte	0xb8
 613 0449 8C       		.byte	0x8c
 614 044a 07       		.uleb128 0x7
 615 044b 18050000 		.4byte	.LASF92
 616 044f 04       		.byte	0x4
 617 0450 90       		.byte	0x90
 618 0451 B8000000 		.4byte	0xb8
 619 0455 90       		.byte	0x90
 620 0456 07       		.uleb128 0x7
 621 0457 60030000 		.4byte	.LASF93
 622 045b 04       		.byte	0x4
 623 045c 91       		.byte	0x91
 624 045d B8000000 		.4byte	0xb8
 625 0461 94       		.byte	0x94
 626 0462 07       		.uleb128 0x7
ARM GAS  C:\Users\Mahrukh\AppData\Local\Temp\ccCbAyPw.s 			page 13


 627 0463 DE040000 		.4byte	.LASF94
 628 0467 04       		.byte	0x4
 629 0468 92       		.byte	0x92
 630 0469 B8000000 		.4byte	0xb8
 631 046d 98       		.byte	0x98
 632 046e 07       		.uleb128 0x7
 633 046f 98090000 		.4byte	.LASF95
 634 0473 04       		.byte	0x4
 635 0474 93       		.byte	0x93
 636 0475 B8000000 		.4byte	0xb8
 637 0479 9C       		.byte	0x9c
 638 047a 07       		.uleb128 0x7
 639 047b 5C010000 		.4byte	.LASF96
 640 047f 04       		.byte	0x4
 641 0480 94       		.byte	0x94
 642 0481 B8000000 		.4byte	0xb8
 643 0485 A0       		.byte	0xa0
 644 0486 07       		.uleb128 0x7
 645 0487 12020000 		.4byte	.LASF97
 646 048b 04       		.byte	0x4
 647 048c 95       		.byte	0x95
 648 048d AD000000 		.4byte	0xad
 649 0491 A4       		.byte	0xa4
 650 0492 07       		.uleb128 0x7
 651 0493 E3060000 		.4byte	.LASF98
 652 0497 04       		.byte	0x4
 653 0498 96       		.byte	0x96
 654 0499 AD000000 		.4byte	0xad
 655 049d A6       		.byte	0xa6
 656 049e 07       		.uleb128 0x7
 657 049f 0D060000 		.4byte	.LASF99
 658 04a3 04       		.byte	0x4
 659 04a4 97       		.byte	0x97
 660 04a5 AD000000 		.4byte	0xad
 661 04a9 A8       		.byte	0xa8
 662 04aa 07       		.uleb128 0x7
 663 04ab B8070000 		.4byte	.LASF100
 664 04af 04       		.byte	0x4
 665 04b0 98       		.byte	0x98
 666 04b1 AD000000 		.4byte	0xad
 667 04b5 AA       		.byte	0xaa
 668 04b6 07       		.uleb128 0x7
 669 04b7 5B040000 		.4byte	.LASF101
 670 04bb 04       		.byte	0x4
 671 04bc 99       		.byte	0x99
 672 04bd AD000000 		.4byte	0xad
 673 04c1 AC       		.byte	0xac
 674 04c2 07       		.uleb128 0x7
 675 04c3 85050000 		.4byte	.LASF102
 676 04c7 04       		.byte	0x4
 677 04c8 9A       		.byte	0x9a
 678 04c9 AD000000 		.4byte	0xad
 679 04cd AE       		.byte	0xae
 680 04ce 07       		.uleb128 0x7
 681 04cf DE050000 		.4byte	.LASF103
 682 04d3 04       		.byte	0x4
 683 04d4 9D       		.byte	0x9d
ARM GAS  C:\Users\Mahrukh\AppData\Local\Temp\ccCbAyPw.s 			page 14


 684 04d5 AD000000 		.4byte	0xad
 685 04d9 B0       		.byte	0xb0
 686 04da 07       		.uleb128 0x7
 687 04db 4B000000 		.4byte	.LASF104
 688 04df 04       		.byte	0x4
 689 04e0 9E       		.byte	0x9e
 690 04e1 B8000000 		.4byte	0xb8
 691 04e5 B4       		.byte	0xb4
 692 04e6 00       		.byte	0
 693 04e7 03       		.uleb128 0x3
 694 04e8 9B040000 		.4byte	.LASF105
 695 04ec 04       		.byte	0x4
 696 04ed 9F       		.byte	0x9f
 697 04ee D6000000 		.4byte	0xd6
 698 04f2 02       		.uleb128 0x2
 699 04f3 01       		.byte	0x1
 700 04f4 08       		.byte	0x8
 701 04f5 9C070000 		.4byte	.LASF106
 702 04f9 02       		.uleb128 0x2
 703 04fa 04       		.byte	0x4
 704 04fb 04       		.byte	0x4
 705 04fc EC050000 		.4byte	.LASF107
 706 0500 02       		.uleb128 0x2
 707 0501 08       		.byte	0x8
 708 0502 04       		.byte	0x4
 709 0503 A9020000 		.4byte	.LASF108
 710 0507 08       		.uleb128 0x8
 711 0508 01       		.byte	0x1
 712 0509 2C000000 		.4byte	0x2c
 713 050d 0C       		.byte	0xc
 714 050e 2305     		.2byte	0x523
 715 0510 21050000 		.4byte	0x521
 716 0514 09       		.uleb128 0x9
 717 0515 5B080000 		.4byte	.LASF109
 718 0519 00       		.byte	0
 719 051a 09       		.uleb128 0x9
 720 051b E4070000 		.4byte	.LASF110
 721 051f 01       		.byte	0x1
 722 0520 00       		.byte	0
 723 0521 0A       		.uleb128 0xa
 724 0522 04       		.byte	0x4
 725 0523 02       		.uleb128 0x2
 726 0524 01       		.byte	0x1
 727 0525 02       		.byte	0x2
 728 0526 8A070000 		.4byte	.LASF111
 729 052a 0B       		.uleb128 0xb
 730 052b 04       		.byte	0x4
 731 052c 30050000 		.4byte	0x530
 732 0530 0C       		.uleb128 0xc
 733 0531 3B050000 		.4byte	0x53b
 734 0535 0D       		.uleb128 0xd
 735 0536 B8000000 		.4byte	0xb8
 736 053a 00       		.byte	0
 737 053b 0E       		.uleb128 0xe
 738 053c 27020000 		.4byte	.LASF112
 739 0540 05       		.byte	0x5
 740 0541 F201     		.2byte	0x1f2
ARM GAS  C:\Users\Mahrukh\AppData\Local\Temp\ccCbAyPw.s 			page 15


 741 0543 2A050000 		.4byte	0x52a
 742 0547 0F       		.uleb128 0xf
 743 0548 D2010000 		.4byte	.LASF124
 744 054c 24       		.byte	0x24
 745 054d 05       		.byte	0x5
 746 054e 7402     		.2byte	0x274
 747 0550 CA050000 		.4byte	0x5ca
 748 0554 10       		.uleb128 0x10
 749 0555 07090000 		.4byte	.LASF113
 750 0559 05       		.byte	0x5
 751 055a 7702     		.2byte	0x277
 752 055c CA000000 		.4byte	0xca
 753 0560 00       		.byte	0
 754 0561 10       		.uleb128 0x10
 755 0562 DB080000 		.4byte	.LASF114
 756 0566 05       		.byte	0x5
 757 0567 7902     		.2byte	0x279
 758 0569 21050000 		.4byte	0x521
 759 056d 04       		.byte	0x4
 760 056e 10       		.uleb128 0x10
 761 056f 1A000000 		.4byte	.LASF115
 762 0573 05       		.byte	0x5
 763 0574 7A02     		.2byte	0x27a
 764 0576 B8000000 		.4byte	0xb8
 765 057a 08       		.byte	0x8
 766 057b 10       		.uleb128 0x10
 767 057c 57030000 		.4byte	.LASF116
 768 0580 05       		.byte	0x5
 769 0581 7B02     		.2byte	0x27b
 770 0583 CA000000 		.4byte	0xca
 771 0587 0C       		.byte	0xc
 772 0588 10       		.uleb128 0x10
 773 0589 72010000 		.4byte	.LASF117
 774 058d 05       		.byte	0x5
 775 058e 7D02     		.2byte	0x27d
 776 0590 21050000 		.4byte	0x521
 777 0594 10       		.byte	0x10
 778 0595 10       		.uleb128 0x10
 779 0596 75030000 		.4byte	.LASF118
 780 059a 05       		.byte	0x5
 781 059b 7E02     		.2byte	0x27e
 782 059d B8000000 		.4byte	0xb8
 783 05a1 14       		.byte	0x14
 784 05a2 10       		.uleb128 0x10
 785 05a3 4D0A0000 		.4byte	.LASF119
 786 05a7 05       		.byte	0x5
 787 05a8 7F02     		.2byte	0x27f
 788 05aa CA000000 		.4byte	0xca
 789 05ae 18       		.byte	0x18
 790 05af 10       		.uleb128 0x10
 791 05b0 69040000 		.4byte	.LASF120
 792 05b4 05       		.byte	0x5
 793 05b5 8502     		.2byte	0x285
 794 05b7 3B050000 		.4byte	0x53b
 795 05bb 1C       		.byte	0x1c
 796 05bc 10       		.uleb128 0x10
 797 05bd D3080000 		.4byte	.LASF121
ARM GAS  C:\Users\Mahrukh\AppData\Local\Temp\ccCbAyPw.s 			page 16


 798 05c1 05       		.byte	0x5
 799 05c2 8802     		.2byte	0x288
 800 05c4 B8000000 		.4byte	0xb8
 801 05c8 20       		.byte	0x20
 802 05c9 00       		.byte	0
 803 05ca 0E       		.uleb128 0xe
 804 05cb AB040000 		.4byte	.LASF122
 805 05cf 05       		.byte	0x5
 806 05d0 8B02     		.2byte	0x28b
 807 05d2 47050000 		.4byte	0x547
 808 05d6 0E       		.uleb128 0xe
 809 05d7 10040000 		.4byte	.LASF123
 810 05db 06       		.byte	0x6
 811 05dc D901     		.2byte	0x1d9
 812 05de 2A050000 		.4byte	0x52a
 813 05e2 0F       		.uleb128 0xf
 814 05e3 E5090000 		.4byte	.LASF125
 815 05e7 38       		.byte	0x38
 816 05e8 06       		.byte	0x6
 817 05e9 7502     		.2byte	0x275
 818 05eb A6060000 		.4byte	0x6a6
 819 05ef 10       		.uleb128 0x10
 820 05f0 43040000 		.4byte	.LASF126
 821 05f4 06       		.byte	0x6
 822 05f5 7802     		.2byte	0x278
 823 05f7 CA000000 		.4byte	0xca
 824 05fb 00       		.byte	0
 825 05fc 10       		.uleb128 0x10
 826 05fd AF050000 		.4byte	.LASF127
 827 0601 06       		.byte	0x6
 828 0602 7902     		.2byte	0x279
 829 0604 CA000000 		.4byte	0xca
 830 0608 04       		.byte	0x4
 831 0609 10       		.uleb128 0x10
 832 060a 52010000 		.4byte	.LASF128
 833 060e 06       		.byte	0x6
 834 060f 7B02     		.2byte	0x27b
 835 0611 21050000 		.4byte	0x521
 836 0615 08       		.byte	0x8
 837 0616 10       		.uleb128 0x10
 838 0617 1B080000 		.4byte	.LASF129
 839 061b 06       		.byte	0x6
 840 061c 7C02     		.2byte	0x27c
 841 061e B8000000 		.4byte	0xb8
 842 0622 0C       		.byte	0xc
 843 0623 10       		.uleb128 0x10
 844 0624 D0040000 		.4byte	.LASF130
 845 0628 06       		.byte	0x6
 846 0629 7D02     		.2byte	0x27d
 847 062b CA000000 		.4byte	0xca
 848 062f 10       		.byte	0x10
 849 0630 10       		.uleb128 0x10
 850 0631 8A090000 		.4byte	.LASF131
 851 0635 06       		.byte	0x6
 852 0636 7E02     		.2byte	0x27e
 853 0638 CA000000 		.4byte	0xca
 854 063c 14       		.byte	0x14
ARM GAS  C:\Users\Mahrukh\AppData\Local\Temp\ccCbAyPw.s 			page 17


 855 063d 10       		.uleb128 0x10
 856 063e DB080000 		.4byte	.LASF114
 857 0642 06       		.byte	0x6
 858 0643 8002     		.2byte	0x280
 859 0645 21050000 		.4byte	0x521
 860 0649 18       		.byte	0x18
 861 064a 10       		.uleb128 0x10
 862 064b 1A000000 		.4byte	.LASF115
 863 064f 06       		.byte	0x6
 864 0650 8102     		.2byte	0x281
 865 0652 B8000000 		.4byte	0xb8
 866 0656 1C       		.byte	0x1c
 867 0657 10       		.uleb128 0x10
 868 0658 57030000 		.4byte	.LASF116
 869 065c 06       		.byte	0x6
 870 065d 8202     		.2byte	0x282
 871 065f CA000000 		.4byte	0xca
 872 0663 20       		.byte	0x20
 873 0664 10       		.uleb128 0x10
 874 0665 72010000 		.4byte	.LASF117
 875 0669 06       		.byte	0x6
 876 066a 8402     		.2byte	0x284
 877 066c 21050000 		.4byte	0x521
 878 0670 24       		.byte	0x24
 879 0671 10       		.uleb128 0x10
 880 0672 75030000 		.4byte	.LASF118
 881 0676 06       		.byte	0x6
 882 0677 8502     		.2byte	0x285
 883 0679 B8000000 		.4byte	0xb8
 884 067d 28       		.byte	0x28
 885 067e 10       		.uleb128 0x10
 886 067f 2F060000 		.4byte	.LASF132
 887 0683 06       		.byte	0x6
 888 0684 8602     		.2byte	0x286
 889 0686 CA000000 		.4byte	0xca
 890 068a 2C       		.byte	0x2c
 891 068b 10       		.uleb128 0x10
 892 068c 69040000 		.4byte	.LASF120
 893 0690 06       		.byte	0x6
 894 0691 8B02     		.2byte	0x28b
 895 0693 D6050000 		.4byte	0x5d6
 896 0697 30       		.byte	0x30
 897 0698 10       		.uleb128 0x10
 898 0699 D3080000 		.4byte	.LASF121
 899 069d 06       		.byte	0x6
 900 069e 8E02     		.2byte	0x28e
 901 06a0 B8000000 		.4byte	0xb8
 902 06a4 34       		.byte	0x34
 903 06a5 00       		.byte	0
 904 06a6 0E       		.uleb128 0xe
 905 06a7 ED080000 		.4byte	.LASF133
 906 06ab 06       		.byte	0x6
 907 06ac 9102     		.2byte	0x291
 908 06ae E2050000 		.4byte	0x5e2
 909 06b2 11       		.uleb128 0x11
 910 06b3 2D050000 		.4byte	.LASF134
 911 06b7 4C       		.byte	0x4c
ARM GAS  C:\Users\Mahrukh\AppData\Local\Temp\ccCbAyPw.s 			page 18


 912 06b8 07       		.byte	0x7
 913 06b9 2F       		.byte	0x2f
 914 06ba A3070000 		.4byte	0x7a3
 915 06be 07       		.uleb128 0x7
 916 06bf FC000000 		.4byte	.LASF135
 917 06c3 07       		.byte	0x7
 918 06c4 31       		.byte	0x31
 919 06c5 B8000000 		.4byte	0xb8
 920 06c9 00       		.byte	0
 921 06ca 07       		.uleb128 0x7
 922 06cb 33010000 		.4byte	.LASF136
 923 06cf 07       		.byte	0x7
 924 06d0 33       		.byte	0x33
 925 06d1 B8000000 		.4byte	0xb8
 926 06d5 04       		.byte	0x4
 927 06d6 07       		.uleb128 0x7
 928 06d7 12000000 		.4byte	.LASF137
 929 06db 07       		.byte	0x7
 930 06dc 34       		.byte	0x34
 931 06dd B8000000 		.4byte	0xb8
 932 06e1 08       		.byte	0x8
 933 06e2 07       		.uleb128 0x7
 934 06e3 D5000000 		.4byte	.LASF138
 935 06e7 07       		.byte	0x7
 936 06e8 35       		.byte	0x35
 937 06e9 B8000000 		.4byte	0xb8
 938 06ed 0C       		.byte	0xc
 939 06ee 07       		.uleb128 0x7
 940 06ef AB060000 		.4byte	.LASF139
 941 06f3 07       		.byte	0x7
 942 06f4 37       		.byte	0x37
 943 06f5 B8000000 		.4byte	0xb8
 944 06f9 10       		.byte	0x10
 945 06fa 07       		.uleb128 0x7
 946 06fb 84080000 		.4byte	.LASF140
 947 06ff 07       		.byte	0x7
 948 0700 38       		.byte	0x38
 949 0701 B8000000 		.4byte	0xb8
 950 0705 14       		.byte	0x14
 951 0706 07       		.uleb128 0x7
 952 0707 A2080000 		.4byte	.LASF141
 953 070b 07       		.byte	0x7
 954 070c 39       		.byte	0x39
 955 070d B8000000 		.4byte	0xb8
 956 0711 18       		.byte	0x18
 957 0712 07       		.uleb128 0x7
 958 0713 FE030000 		.4byte	.LASF142
 959 0717 07       		.byte	0x7
 960 0718 3A       		.byte	0x3a
 961 0719 23050000 		.4byte	0x523
 962 071d 1C       		.byte	0x1c
 963 071e 07       		.uleb128 0x7
 964 071f 7F030000 		.4byte	.LASF143
 965 0723 07       		.byte	0x7
 966 0724 3C       		.byte	0x3c
 967 0725 B8000000 		.4byte	0xb8
 968 0729 20       		.byte	0x20
ARM GAS  C:\Users\Mahrukh\AppData\Local\Temp\ccCbAyPw.s 			page 19


 969 072a 07       		.uleb128 0x7
 970 072b D5020000 		.4byte	.LASF144
 971 072f 07       		.byte	0x7
 972 0730 3D       		.byte	0x3d
 973 0731 B8000000 		.4byte	0xb8
 974 0735 24       		.byte	0x24
 975 0736 07       		.uleb128 0x7
 976 0737 0F010000 		.4byte	.LASF145
 977 073b 07       		.byte	0x7
 978 073c 3F       		.byte	0x3f
 979 073d B8000000 		.4byte	0xb8
 980 0741 28       		.byte	0x28
 981 0742 07       		.uleb128 0x7
 982 0743 7A090000 		.4byte	.LASF146
 983 0747 07       		.byte	0x7
 984 0748 40       		.byte	0x40
 985 0749 B8000000 		.4byte	0xb8
 986 074d 2C       		.byte	0x2c
 987 074e 07       		.uleb128 0x7
 988 074f 29080000 		.4byte	.LASF147
 989 0753 07       		.byte	0x7
 990 0754 42       		.byte	0x42
 991 0755 B8000000 		.4byte	0xb8
 992 0759 30       		.byte	0x30
 993 075a 07       		.uleb128 0x7
 994 075b 48060000 		.4byte	.LASF148
 995 075f 07       		.byte	0x7
 996 0760 43       		.byte	0x43
 997 0761 B8000000 		.4byte	0xb8
 998 0765 34       		.byte	0x34
 999 0766 07       		.uleb128 0x7
 1000 0767 F4040000 		.4byte	.LASF149
 1001 076b 07       		.byte	0x7
 1002 076c 45       		.byte	0x45
 1003 076d B8000000 		.4byte	0xb8
 1004 0771 38       		.byte	0x38
 1005 0772 07       		.uleb128 0x7
 1006 0773 E4000000 		.4byte	.LASF150
 1007 0777 07       		.byte	0x7
 1008 0778 46       		.byte	0x46
 1009 0779 B8000000 		.4byte	0xb8
 1010 077d 3C       		.byte	0x3c
 1011 077e 07       		.uleb128 0x7
 1012 077f 51080000 		.4byte	.LASF151
 1013 0783 07       		.byte	0x7
 1014 0784 48       		.byte	0x48
 1015 0785 B8000000 		.4byte	0xb8
 1016 0789 40       		.byte	0x40
 1017 078a 07       		.uleb128 0x7
 1018 078b AE090000 		.4byte	.LASF152
 1019 078f 07       		.byte	0x7
 1020 0790 49       		.byte	0x49
 1021 0791 B8000000 		.4byte	0xb8
 1022 0795 44       		.byte	0x44
 1023 0796 07       		.uleb128 0x7
 1024 0797 A1070000 		.4byte	.LASF153
 1025 079b 07       		.byte	0x7
ARM GAS  C:\Users\Mahrukh\AppData\Local\Temp\ccCbAyPw.s 			page 20


 1026 079c 4B       		.byte	0x4b
 1027 079d B8000000 		.4byte	0xb8
 1028 07a1 48       		.byte	0x48
 1029 07a2 00       		.byte	0
 1030 07a3 03       		.uleb128 0x3
 1031 07a4 B4010000 		.4byte	.LASF154
 1032 07a8 07       		.byte	0x7
 1033 07a9 4C       		.byte	0x4c
 1034 07aa B2060000 		.4byte	0x6b2
 1035 07ae 12       		.uleb128 0x12
 1036 07af D0020000 		.4byte	.LASF164
 1037 07b3 01       		.byte	0x1
 1038 07b4 2E       		.byte	0x2e
 1039 07b5 89000000 		.4byte	0x89
 1040 07b9 00000000 		.4byte	.LFB511
 1041 07bd 14000000 		.4byte	.LFE511-.LFB511
 1042 07c1 01       		.uleb128 0x1
 1043 07c2 9C       		.byte	0x9c
 1044 07c3 EE070000 		.4byte	0x7ee
 1045 07c7 13       		.uleb128 0x13
 1046 07c8 08000000 		.4byte	.LVL0
 1047 07cc 2A080000 		.4byte	0x82a
 1048 07d0 DE070000 		.4byte	0x7de
 1049 07d4 14       		.uleb128 0x14
 1050 07d5 01       		.uleb128 0x1
 1051 07d6 50       		.byte	0x50
 1052 07d7 05       		.uleb128 0x5
 1053 07d8 0C       		.byte	0xc
 1054 07d9 00000810 		.4byte	0x10080000
 1055 07dd 00       		.byte	0
 1056 07de 15       		.uleb128 0x15
 1057 07df 0E000000 		.4byte	.LVL1
 1058 07e3 36080000 		.4byte	0x836
 1059 07e7 14       		.uleb128 0x14
 1060 07e8 01       		.uleb128 0x1
 1061 07e9 50       		.byte	0x50
 1062 07ea 01       		.uleb128 0x1
 1063 07eb 30       		.byte	0x30
 1064 07ec 00       		.byte	0
 1065 07ed 00       		.byte	0
 1066 07ee 16       		.uleb128 0x16
 1067 07ef 03060000 		.4byte	.LASF155
 1068 07f3 04       		.byte	0x4
 1069 07f4 A7       		.byte	0xa7
 1070 07f5 F9070000 		.4byte	0x7f9
 1071 07f9 0B       		.uleb128 0xb
 1072 07fa 04       		.byte	0x4
 1073 07fb FF070000 		.4byte	0x7ff
 1074 07ff 17       		.uleb128 0x17
 1075 0800 E7040000 		.4byte	0x4e7
 1076 0804 16       		.uleb128 0x16
 1077 0805 8D080000 		.4byte	.LASF156
 1078 0809 08       		.byte	0x8
 1079 080a 5E       		.byte	0x5e
 1080 080b CA050000 		.4byte	0x5ca
 1081 080f 16       		.uleb128 0x16
 1082 0810 3B090000 		.4byte	.LASF157
ARM GAS  C:\Users\Mahrukh\AppData\Local\Temp\ccCbAyPw.s 			page 21


 1083 0814 09       		.byte	0x9
 1084 0815 1F       		.byte	0x1f
 1085 0816 1A080000 		.4byte	0x81a
 1086 081a 17       		.uleb128 0x17
 1087 081b A3070000 		.4byte	0x7a3
 1088 081f 16       		.uleb128 0x16
 1089 0820 67020000 		.4byte	.LASF158
 1090 0824 0A       		.byte	0xa
 1091 0825 87       		.byte	0x87
 1092 0826 A6060000 		.4byte	0x6a6
 1093 082a 18       		.uleb128 0x18
 1094 082b 7F040000 		.4byte	.LASF159
 1095 082f 7F040000 		.4byte	.LASF159
 1096 0833 0B       		.byte	0xb
 1097 0834 2502     		.2byte	0x225
 1098 0836 18       		.uleb128 0x18
 1099 0837 32030000 		.4byte	.LASF160
 1100 083b 32030000 		.4byte	.LASF160
 1101 083f 0C       		.byte	0xc
 1102 0840 4806     		.2byte	0x648
 1103 0842 00       		.byte	0
 1104              		.section	.debug_abbrev,"",%progbits
 1105              	.Ldebug_abbrev0:
 1106 0000 01       		.uleb128 0x1
 1107 0001 11       		.uleb128 0x11
 1108 0002 01       		.byte	0x1
 1109 0003 25       		.uleb128 0x25
 1110 0004 0E       		.uleb128 0xe
 1111 0005 13       		.uleb128 0x13
 1112 0006 0B       		.uleb128 0xb
 1113 0007 03       		.uleb128 0x3
 1114 0008 0E       		.uleb128 0xe
 1115 0009 1B       		.uleb128 0x1b
 1116 000a 0E       		.uleb128 0xe
 1117 000b 55       		.uleb128 0x55
 1118 000c 17       		.uleb128 0x17
 1119 000d 11       		.uleb128 0x11
 1120 000e 01       		.uleb128 0x1
 1121 000f 10       		.uleb128 0x10
 1122 0010 17       		.uleb128 0x17
 1123 0011 00       		.byte	0
 1124 0012 00       		.byte	0
 1125 0013 02       		.uleb128 0x2
 1126 0014 24       		.uleb128 0x24
 1127 0015 00       		.byte	0
 1128 0016 0B       		.uleb128 0xb
 1129 0017 0B       		.uleb128 0xb
 1130 0018 3E       		.uleb128 0x3e
 1131 0019 0B       		.uleb128 0xb
 1132 001a 03       		.uleb128 0x3
 1133 001b 0E       		.uleb128 0xe
 1134 001c 00       		.byte	0
 1135 001d 00       		.byte	0
 1136 001e 03       		.uleb128 0x3
 1137 001f 16       		.uleb128 0x16
 1138 0020 00       		.byte	0
 1139 0021 03       		.uleb128 0x3
ARM GAS  C:\Users\Mahrukh\AppData\Local\Temp\ccCbAyPw.s 			page 22


 1140 0022 0E       		.uleb128 0xe
 1141 0023 3A       		.uleb128 0x3a
 1142 0024 0B       		.uleb128 0xb
 1143 0025 3B       		.uleb128 0x3b
 1144 0026 0B       		.uleb128 0xb
 1145 0027 49       		.uleb128 0x49
 1146 0028 13       		.uleb128 0x13
 1147 0029 00       		.byte	0
 1148 002a 00       		.byte	0
 1149 002b 04       		.uleb128 0x4
 1150 002c 24       		.uleb128 0x24
 1151 002d 00       		.byte	0
 1152 002e 0B       		.uleb128 0xb
 1153 002f 0B       		.uleb128 0xb
 1154 0030 3E       		.uleb128 0x3e
 1155 0031 0B       		.uleb128 0xb
 1156 0032 03       		.uleb128 0x3
 1157 0033 08       		.uleb128 0x8
 1158 0034 00       		.byte	0
 1159 0035 00       		.byte	0
 1160 0036 05       		.uleb128 0x5
 1161 0037 35       		.uleb128 0x35
 1162 0038 00       		.byte	0
 1163 0039 49       		.uleb128 0x49
 1164 003a 13       		.uleb128 0x13
 1165 003b 00       		.byte	0
 1166 003c 00       		.byte	0
 1167 003d 06       		.uleb128 0x6
 1168 003e 13       		.uleb128 0x13
 1169 003f 01       		.byte	0x1
 1170 0040 0B       		.uleb128 0xb
 1171 0041 0B       		.uleb128 0xb
 1172 0042 3A       		.uleb128 0x3a
 1173 0043 0B       		.uleb128 0xb
 1174 0044 3B       		.uleb128 0x3b
 1175 0045 0B       		.uleb128 0xb
 1176 0046 01       		.uleb128 0x1
 1177 0047 13       		.uleb128 0x13
 1178 0048 00       		.byte	0
 1179 0049 00       		.byte	0
 1180 004a 07       		.uleb128 0x7
 1181 004b 0D       		.uleb128 0xd
 1182 004c 00       		.byte	0
 1183 004d 03       		.uleb128 0x3
 1184 004e 0E       		.uleb128 0xe
 1185 004f 3A       		.uleb128 0x3a
 1186 0050 0B       		.uleb128 0xb
 1187 0051 3B       		.uleb128 0x3b
 1188 0052 0B       		.uleb128 0xb
 1189 0053 49       		.uleb128 0x49
 1190 0054 13       		.uleb128 0x13
 1191 0055 38       		.uleb128 0x38
 1192 0056 0B       		.uleb128 0xb
 1193 0057 00       		.byte	0
 1194 0058 00       		.byte	0
 1195 0059 08       		.uleb128 0x8
 1196 005a 04       		.uleb128 0x4
ARM GAS  C:\Users\Mahrukh\AppData\Local\Temp\ccCbAyPw.s 			page 23


 1197 005b 01       		.byte	0x1
 1198 005c 0B       		.uleb128 0xb
 1199 005d 0B       		.uleb128 0xb
 1200 005e 49       		.uleb128 0x49
 1201 005f 13       		.uleb128 0x13
 1202 0060 3A       		.uleb128 0x3a
 1203 0061 0B       		.uleb128 0xb
 1204 0062 3B       		.uleb128 0x3b
 1205 0063 05       		.uleb128 0x5
 1206 0064 01       		.uleb128 0x1
 1207 0065 13       		.uleb128 0x13
 1208 0066 00       		.byte	0
 1209 0067 00       		.byte	0
 1210 0068 09       		.uleb128 0x9
 1211 0069 28       		.uleb128 0x28
 1212 006a 00       		.byte	0
 1213 006b 03       		.uleb128 0x3
 1214 006c 0E       		.uleb128 0xe
 1215 006d 1C       		.uleb128 0x1c
 1216 006e 0B       		.uleb128 0xb
 1217 006f 00       		.byte	0
 1218 0070 00       		.byte	0
 1219 0071 0A       		.uleb128 0xa
 1220 0072 0F       		.uleb128 0xf
 1221 0073 00       		.byte	0
 1222 0074 0B       		.uleb128 0xb
 1223 0075 0B       		.uleb128 0xb
 1224 0076 00       		.byte	0
 1225 0077 00       		.byte	0
 1226 0078 0B       		.uleb128 0xb
 1227 0079 0F       		.uleb128 0xf
 1228 007a 00       		.byte	0
 1229 007b 0B       		.uleb128 0xb
 1230 007c 0B       		.uleb128 0xb
 1231 007d 49       		.uleb128 0x49
 1232 007e 13       		.uleb128 0x13
 1233 007f 00       		.byte	0
 1234 0080 00       		.byte	0
 1235 0081 0C       		.uleb128 0xc
 1236 0082 15       		.uleb128 0x15
 1237 0083 01       		.byte	0x1
 1238 0084 27       		.uleb128 0x27
 1239 0085 19       		.uleb128 0x19
 1240 0086 01       		.uleb128 0x1
 1241 0087 13       		.uleb128 0x13
 1242 0088 00       		.byte	0
 1243 0089 00       		.byte	0
 1244 008a 0D       		.uleb128 0xd
 1245 008b 05       		.uleb128 0x5
 1246 008c 00       		.byte	0
 1247 008d 49       		.uleb128 0x49
 1248 008e 13       		.uleb128 0x13
 1249 008f 00       		.byte	0
 1250 0090 00       		.byte	0
 1251 0091 0E       		.uleb128 0xe
 1252 0092 16       		.uleb128 0x16
 1253 0093 00       		.byte	0
ARM GAS  C:\Users\Mahrukh\AppData\Local\Temp\ccCbAyPw.s 			page 24


 1254 0094 03       		.uleb128 0x3
 1255 0095 0E       		.uleb128 0xe
 1256 0096 3A       		.uleb128 0x3a
 1257 0097 0B       		.uleb128 0xb
 1258 0098 3B       		.uleb128 0x3b
 1259 0099 05       		.uleb128 0x5
 1260 009a 49       		.uleb128 0x49
 1261 009b 13       		.uleb128 0x13
 1262 009c 00       		.byte	0
 1263 009d 00       		.byte	0
 1264 009e 0F       		.uleb128 0xf
 1265 009f 13       		.uleb128 0x13
 1266 00a0 01       		.byte	0x1
 1267 00a1 03       		.uleb128 0x3
 1268 00a2 0E       		.uleb128 0xe
 1269 00a3 0B       		.uleb128 0xb
 1270 00a4 0B       		.uleb128 0xb
 1271 00a5 3A       		.uleb128 0x3a
 1272 00a6 0B       		.uleb128 0xb
 1273 00a7 3B       		.uleb128 0x3b
 1274 00a8 05       		.uleb128 0x5
 1275 00a9 01       		.uleb128 0x1
 1276 00aa 13       		.uleb128 0x13
 1277 00ab 00       		.byte	0
 1278 00ac 00       		.byte	0
 1279 00ad 10       		.uleb128 0x10
 1280 00ae 0D       		.uleb128 0xd
 1281 00af 00       		.byte	0
 1282 00b0 03       		.uleb128 0x3
 1283 00b1 0E       		.uleb128 0xe
 1284 00b2 3A       		.uleb128 0x3a
 1285 00b3 0B       		.uleb128 0xb
 1286 00b4 3B       		.uleb128 0x3b
 1287 00b5 05       		.uleb128 0x5
 1288 00b6 49       		.uleb128 0x49
 1289 00b7 13       		.uleb128 0x13
 1290 00b8 38       		.uleb128 0x38
 1291 00b9 0B       		.uleb128 0xb
 1292 00ba 00       		.byte	0
 1293 00bb 00       		.byte	0
 1294 00bc 11       		.uleb128 0x11
 1295 00bd 13       		.uleb128 0x13
 1296 00be 01       		.byte	0x1
 1297 00bf 03       		.uleb128 0x3
 1298 00c0 0E       		.uleb128 0xe
 1299 00c1 0B       		.uleb128 0xb
 1300 00c2 0B       		.uleb128 0xb
 1301 00c3 3A       		.uleb128 0x3a
 1302 00c4 0B       		.uleb128 0xb
 1303 00c5 3B       		.uleb128 0x3b
 1304 00c6 0B       		.uleb128 0xb
 1305 00c7 01       		.uleb128 0x1
 1306 00c8 13       		.uleb128 0x13
 1307 00c9 00       		.byte	0
 1308 00ca 00       		.byte	0
 1309 00cb 12       		.uleb128 0x12
 1310 00cc 2E       		.uleb128 0x2e
ARM GAS  C:\Users\Mahrukh\AppData\Local\Temp\ccCbAyPw.s 			page 25


 1311 00cd 01       		.byte	0x1
 1312 00ce 3F       		.uleb128 0x3f
 1313 00cf 19       		.uleb128 0x19
 1314 00d0 03       		.uleb128 0x3
 1315 00d1 0E       		.uleb128 0xe
 1316 00d2 3A       		.uleb128 0x3a
 1317 00d3 0B       		.uleb128 0xb
 1318 00d4 3B       		.uleb128 0x3b
 1319 00d5 0B       		.uleb128 0xb
 1320 00d6 27       		.uleb128 0x27
 1321 00d7 19       		.uleb128 0x19
 1322 00d8 49       		.uleb128 0x49
 1323 00d9 13       		.uleb128 0x13
 1324 00da 8701     		.uleb128 0x87
 1325 00dc 19       		.uleb128 0x19
 1326 00dd 11       		.uleb128 0x11
 1327 00de 01       		.uleb128 0x1
 1328 00df 12       		.uleb128 0x12
 1329 00e0 06       		.uleb128 0x6
 1330 00e1 40       		.uleb128 0x40
 1331 00e2 18       		.uleb128 0x18
 1332 00e3 9742     		.uleb128 0x2117
 1333 00e5 19       		.uleb128 0x19
 1334 00e6 01       		.uleb128 0x1
 1335 00e7 13       		.uleb128 0x13
 1336 00e8 00       		.byte	0
 1337 00e9 00       		.byte	0
 1338 00ea 13       		.uleb128 0x13
 1339 00eb 898201   		.uleb128 0x4109
 1340 00ee 01       		.byte	0x1
 1341 00ef 11       		.uleb128 0x11
 1342 00f0 01       		.uleb128 0x1
 1343 00f1 31       		.uleb128 0x31
 1344 00f2 13       		.uleb128 0x13
 1345 00f3 01       		.uleb128 0x1
 1346 00f4 13       		.uleb128 0x13
 1347 00f5 00       		.byte	0
 1348 00f6 00       		.byte	0
 1349 00f7 14       		.uleb128 0x14
 1350 00f8 8A8201   		.uleb128 0x410a
 1351 00fb 00       		.byte	0
 1352 00fc 02       		.uleb128 0x2
 1353 00fd 18       		.uleb128 0x18
 1354 00fe 9142     		.uleb128 0x2111
 1355 0100 18       		.uleb128 0x18
 1356 0101 00       		.byte	0
 1357 0102 00       		.byte	0
 1358 0103 15       		.uleb128 0x15
 1359 0104 898201   		.uleb128 0x4109
 1360 0107 01       		.byte	0x1
 1361 0108 11       		.uleb128 0x11
 1362 0109 01       		.uleb128 0x1
 1363 010a 31       		.uleb128 0x31
 1364 010b 13       		.uleb128 0x13
 1365 010c 00       		.byte	0
 1366 010d 00       		.byte	0
 1367 010e 16       		.uleb128 0x16
ARM GAS  C:\Users\Mahrukh\AppData\Local\Temp\ccCbAyPw.s 			page 26


 1368 010f 34       		.uleb128 0x34
 1369 0110 00       		.byte	0
 1370 0111 03       		.uleb128 0x3
 1371 0112 0E       		.uleb128 0xe
 1372 0113 3A       		.uleb128 0x3a
 1373 0114 0B       		.uleb128 0xb
 1374 0115 3B       		.uleb128 0x3b
 1375 0116 0B       		.uleb128 0xb
 1376 0117 49       		.uleb128 0x49
 1377 0118 13       		.uleb128 0x13
 1378 0119 3F       		.uleb128 0x3f
 1379 011a 19       		.uleb128 0x19
 1380 011b 3C       		.uleb128 0x3c
 1381 011c 19       		.uleb128 0x19
 1382 011d 00       		.byte	0
 1383 011e 00       		.byte	0
 1384 011f 17       		.uleb128 0x17
 1385 0120 26       		.uleb128 0x26
 1386 0121 00       		.byte	0
 1387 0122 49       		.uleb128 0x49
 1388 0123 13       		.uleb128 0x13
 1389 0124 00       		.byte	0
 1390 0125 00       		.byte	0
 1391 0126 18       		.uleb128 0x18
 1392 0127 2E       		.uleb128 0x2e
 1393 0128 00       		.byte	0
 1394 0129 3F       		.uleb128 0x3f
 1395 012a 19       		.uleb128 0x19
 1396 012b 3C       		.uleb128 0x3c
 1397 012c 19       		.uleb128 0x19
 1398 012d 6E       		.uleb128 0x6e
 1399 012e 0E       		.uleb128 0xe
 1400 012f 03       		.uleb128 0x3
 1401 0130 0E       		.uleb128 0xe
 1402 0131 3A       		.uleb128 0x3a
 1403 0132 0B       		.uleb128 0xb
 1404 0133 3B       		.uleb128 0x3b
 1405 0134 05       		.uleb128 0x5
 1406 0135 00       		.byte	0
 1407 0136 00       		.byte	0
 1408 0137 00       		.byte	0
 1409              		.section	.debug_aranges,"",%progbits
 1410 0000 1C000000 		.4byte	0x1c
 1411 0004 0200     		.2byte	0x2
 1412 0006 00000000 		.4byte	.Ldebug_info0
 1413 000a 04       		.byte	0x4
 1414 000b 00       		.byte	0
 1415 000c 0000     		.2byte	0
 1416 000e 0000     		.2byte	0
 1417 0010 00000000 		.4byte	.LFB511
 1418 0014 14000000 		.4byte	.LFE511-.LFB511
 1419 0018 00000000 		.4byte	0
 1420 001c 00000000 		.4byte	0
 1421              		.section	.debug_ranges,"",%progbits
 1422              	.Ldebug_ranges0:
 1423 0000 00000000 		.4byte	.LFB511
 1424 0004 14000000 		.4byte	.LFE511
ARM GAS  C:\Users\Mahrukh\AppData\Local\Temp\ccCbAyPw.s 			page 27


 1425 0008 00000000 		.4byte	0
 1426 000c 00000000 		.4byte	0
 1427              		.section	.debug_line,"",%progbits
 1428              	.Ldebug_line0:
 1429 0000 B9020000 		.section	.debug_str,"MS",%progbits,1
 1429      02009E02 
 1429      00000201 
 1429      FB0E0D00 
 1429      01010101 
 1430              	.LASF54:
 1431 0000 70726F74 		.ascii	"protBusMasterMask\000"
 1431      4275734D 
 1431      61737465 
 1431      724D6173 
 1431      6B00
 1432              	.LASF137:
 1433 0012 72756E4D 		.ascii	"runMode\000"
 1433      6F646500 
 1434              	.LASF115:
 1435 001a 72784275 		.ascii	"rxBufSize\000"
 1435      6653697A 
 1435      6500
 1436              	.LASF64:
 1437 0024 666C6173 		.ascii	"flashCtlMainWs3Freq\000"
 1437      6843746C 
 1437      4D61696E 
 1437      57733346 
 1437      72657100 
 1438              	.LASF86:
 1439 0038 6770696F 		.ascii	"gpioPrtCfgInOffset\000"
 1439      50727443 
 1439      6667496E 
 1439      4F666673 
 1439      657400
 1440              	.LASF104:
 1441 004b 6970634C 		.ascii	"ipcLockStatusOffset\000"
 1441      6F636B53 
 1441      74617475 
 1441      734F6666 
 1441      73657400 
 1442              	.LASF30:
 1443 005f 63727970 		.ascii	"cryptoVersion\000"
 1443      746F5665 
 1443      7273696F 
 1443      6E00
 1444              	.LASF68:
 1445 006d 64774368 		.ascii	"dwChCtlPrioPos\000"
 1445      43746C50 
 1445      72696F50 
 1445      6F7300
 1446              	.LASF26:
 1447 007c 70617373 		.ascii	"passBase\000"
 1447      42617365 
 1447      00
 1448              	.LASF162:
 1449 0085 6D61696E 		.ascii	"main_cm0p.c\000"
 1449      5F636D30 
ARM GAS  C:\Users\Mahrukh\AppData\Local\Temp\ccCbAyPw.s 			page 28


 1449      702E6300 
 1450              	.LASF39:
 1451 0091 63707573 		.ascii	"cpussIpcIrqNr\000"
 1451      73497063 
 1451      4972714E 
 1451      7200
 1452              	.LASF3:
 1453 009f 5F5F7569 		.ascii	"__uint8_t\000"
 1453      6E74385F 
 1453      7400
 1454              	.LASF83:
 1455 00a9 70657269 		.ascii	"periDiv24_5CtlOffset\000"
 1455      44697632 
 1455      345F3543 
 1455      746C4F66 
 1455      66736574 
 1456              	.LASF90:
 1457 00be 63707573 		.ascii	"cpussCm4ClockCtlOffset\000"
 1457      73436D34 
 1457      436C6F63 
 1457      6B43746C 
 1457      4F666673 
 1458              	.LASF138:
 1459 00d5 636F756E 		.ascii	"countDirection\000"
 1459      74446972 
 1459      65637469 
 1459      6F6E00
 1460              	.LASF150:
 1461 00e4 73746F70 		.ascii	"stopInputMode\000"
 1461      496E7075 
 1461      744D6F64 
 1461      6500
 1462              	.LASF19:
 1463 00f2 63707573 		.ascii	"cpussBase\000"
 1463      73426173 
 1463      6500
 1464              	.LASF135:
 1465 00fc 70657269 		.ascii	"period\000"
 1465      6F6400
 1466              	.LASF48:
 1467 0103 70657269 		.ascii	"periClockNr\000"
 1467      436C6F63 
 1467      6B4E7200 
 1468              	.LASF145:
 1469 010f 63617074 		.ascii	"captureInput\000"
 1469      75726549 
 1469      6E707574 
 1469      00
 1470              	.LASF11:
 1471 011c 6C6F6E67 		.ascii	"long long unsigned int\000"
 1471      206C6F6E 
 1471      6720756E 
 1471      7369676E 
 1471      65642069 
 1472              	.LASF136:
 1473 0133 636C6F63 		.ascii	"clockPrescaler\000"
 1473      6B507265 
ARM GAS  C:\Users\Mahrukh\AppData\Local\Temp\ccCbAyPw.s 			page 29


 1473      7363616C 
 1473      657200
 1474              	.LASF72:
 1475 0142 70657269 		.ascii	"periTrCmdOffset\000"
 1475      5472436D 
 1475      644F6666 
 1475      73657400 
 1476              	.LASF128:
 1477 0152 72785269 		.ascii	"rxRingBuf\000"
 1477      6E674275 
 1477      6600
 1478              	.LASF96:
 1479 015c 63707573 		.ascii	"cpussSysTickCtlOffset\000"
 1479      73537973 
 1479      5469636B 
 1479      43746C4F 
 1479      66667365 
 1480              	.LASF117:
 1481 0172 74784275 		.ascii	"txBuf\000"
 1481      6600
 1482              	.LASF57:
 1483 0178 666C6173 		.ascii	"flashPipeRequired\000"
 1483      68506970 
 1483      65526571 
 1483      75697265 
 1483      6400
 1484              	.LASF61:
 1485 018a 666C6173 		.ascii	"flashCtlMainWs0Freq\000"
 1485      6843746C 
 1485      4D61696E 
 1485      57733046 
 1485      72657100 
 1486              	.LASF14:
 1487 019e 696E7431 		.ascii	"int16_t\000"
 1487      365F7400 
 1488              	.LASF10:
 1489 01a6 6C6F6E67 		.ascii	"long long int\000"
 1489      206C6F6E 
 1489      6720696E 
 1489      7400
 1490              	.LASF154:
 1491 01b4 63795F73 		.ascii	"cy_stc_tcpwm_counter_config_t\000"
 1491      74635F74 
 1491      6370776D 
 1491      5F636F75 
 1491      6E746572 
 1492              	.LASF124:
 1493 01d2 63795F73 		.ascii	"cy_stc_scb_spi_context\000"
 1493      74635F73 
 1493      63625F73 
 1493      70695F63 
 1493      6F6E7465 
 1494              	.LASF77:
 1495 01e9 70657269 		.ascii	"periDivCmdTypeSelPos\000"
 1495      44697643 
 1495      6D645479 
 1495      70655365 
ARM GAS  C:\Users\Mahrukh\AppData\Local\Temp\ccCbAyPw.s 			page 30


 1495      6C506F73 
 1496              	.LASF23:
 1497 01fe 70726F74 		.ascii	"protBase\000"
 1497      42617365 
 1497      00
 1498              	.LASF35:
 1499 0207 69706356 		.ascii	"ipcVersion\000"
 1499      65727369 
 1499      6F6E00
 1500              	.LASF97:
 1501 0212 63707573 		.ascii	"cpussCm0NmiCtlOffset\000"
 1501      73436D30 
 1501      4E6D6943 
 1501      746C4F66 
 1501      66736574 
 1502              	.LASF112:
 1503 0227 63795F63 		.ascii	"cy_cb_scb_spi_handle_events_t\000"
 1503      625F7363 
 1503      625F7370 
 1503      695F6861 
 1503      6E646C65 
 1504              	.LASF45:
 1505 0245 73727373 		.ascii	"srssNumClkpath\000"
 1505      4E756D43 
 1505      6C6B7061 
 1505      746800
 1506              	.LASF24:
 1507 0254 6873696F 		.ascii	"hsiomBase\000"
 1507      6D426173 
 1507      6500
 1508              	.LASF7:
 1509 025e 6C6F6E67 		.ascii	"long int\000"
 1509      20696E74 
 1509      00
 1510              	.LASF158:
 1511 0267 55415254 		.ascii	"UART_1_context\000"
 1511      5F315F63 
 1511      6F6E7465 
 1511      787400
 1512              	.LASF55:
 1513 0276 63727970 		.ascii	"cryptoMemSize\000"
 1513      746F4D65 
 1513      6D53697A 
 1513      6500
 1514              	.LASF21:
 1515 0284 70657269 		.ascii	"periBase\000"
 1515      42617365 
 1515      00
 1516              	.LASF53:
 1517 028d 73797350 		.ascii	"sysPmSimoPresent\000"
 1517      6D53696D 
 1517      6F507265 
 1517      73656E74 
 1517      00
 1518              	.LASF43:
 1519 029e 63707573 		.ascii	"cpussFmIrq\000"
 1519      73466D49 
ARM GAS  C:\Users\Mahrukh\AppData\Local\Temp\ccCbAyPw.s 			page 31


 1519      727100
 1520              	.LASF108:
 1521 02a9 646F7562 		.ascii	"double\000"
 1521      6C6500
 1522              	.LASF82:
 1523 02b0 70657269 		.ascii	"periDiv16_5CtlOffset\000"
 1523      44697631 
 1523      365F3543 
 1523      746C4F66 
 1523      66736574 
 1524              	.LASF46:
 1525 02c5 73727373 		.ascii	"srssNumPll\000"
 1525      4E756D50 
 1525      6C6C00
 1526              	.LASF164:
 1527 02d0 6D61696E 		.ascii	"main\000"
 1527      00
 1528              	.LASF144:
 1529 02d5 63617074 		.ascii	"captureInputMode\000"
 1529      75726549 
 1529      6E707574 
 1529      4D6F6465 
 1529      00
 1530              	.LASF80:
 1531 02e6 70657269 		.ascii	"periDiv8CtlOffset\000"
 1531      44697638 
 1531      43746C4F 
 1531      66667365 
 1531      7400
 1532              	.LASF87:
 1533 02f8 6770696F 		.ascii	"gpioPrtCfgOutOffset\000"
 1533      50727443 
 1533      66674F75 
 1533      744F6666 
 1533      73657400 
 1534              	.LASF20:
 1535 030c 666C6173 		.ascii	"flashcBase\000"
 1535      68634261 
 1535      736500
 1536              	.LASF8:
 1537 0317 5F5F7569 		.ascii	"__uint32_t\000"
 1537      6E743332 
 1537      5F7400
 1538              	.LASF50:
 1539 0322 70617373 		.ascii	"passSarChannels\000"
 1539      53617243 
 1539      68616E6E 
 1539      656C7300 
 1540              	.LASF160:
 1541 0332 43795F53 		.ascii	"Cy_SysPm_CpuEnterDeepSleep\000"
 1541      7973506D 
 1541      5F437075 
 1541      456E7465 
 1541      72446565 
 1542              	.LASF4:
 1543 034d 5F5F696E 		.ascii	"__int16_t\000"
 1543      7431365F 
ARM GAS  C:\Users\Mahrukh\AppData\Local\Temp\ccCbAyPw.s 			page 32


 1543      7400
 1544              	.LASF116:
 1545 0357 72784275 		.ascii	"rxBufIdx\000"
 1545      66496478 
 1545      00
 1546              	.LASF93:
 1547 0360 63707573 		.ascii	"cpussCm4PwrCtlOffset\000"
 1547      73436D34 
 1547      50777243 
 1547      746C4F66 
 1547      66736574 
 1548              	.LASF118:
 1549 0375 74784275 		.ascii	"txBufSize\000"
 1549      6653697A 
 1549      6500
 1550              	.LASF143:
 1551 037f 696E7465 		.ascii	"interruptSources\000"
 1551      72727570 
 1551      74536F75 
 1551      72636573 
 1551      00
 1552              	.LASF88:
 1553 0390 6770696F 		.ascii	"gpioPrtCfgSioOffset\000"
 1553      50727443 
 1553      66675369 
 1553      6F4F6666 
 1553      73657400 
 1554              	.LASF40:
 1555 03a4 63707573 		.ascii	"cpussDwChNr\000"
 1555      73447743 
 1555      684E7200 
 1556              	.LASF12:
 1557 03b0 756E7369 		.ascii	"unsigned int\000"
 1557      676E6564 
 1557      20696E74 
 1557      00
 1558              	.LASF15:
 1559 03bd 75696E74 		.ascii	"uint16_t\000"
 1559      31365F74 
 1559      00
 1560              	.LASF73:
 1561 03c6 70657269 		.ascii	"periTrCmdGrSelMsk\000"
 1561      5472436D 
 1561      64477253 
 1561      656C4D73 
 1561      6B00
 1562              	.LASF62:
 1563 03d8 666C6173 		.ascii	"flashCtlMainWs1Freq\000"
 1563      6843746C 
 1563      4D61696E 
 1563      57733146 
 1563      72657100 
 1564              	.LASF9:
 1565 03ec 6C6F6E67 		.ascii	"long unsigned int\000"
 1565      20756E73 
 1565      69676E65 
 1565      6420696E 
ARM GAS  C:\Users\Mahrukh\AppData\Local\Temp\ccCbAyPw.s 			page 33


 1565      7400
 1566              	.LASF142:
 1567 03fe 656E6162 		.ascii	"enableCompareSwap\000"
 1567      6C65436F 
 1567      6D706172 
 1567      65537761 
 1567      7000
 1568              	.LASF123:
 1569 0410 63795F63 		.ascii	"cy_cb_scb_uart_handle_events_t\000"
 1569      625F7363 
 1569      625F7561 
 1569      72745F68 
 1569      616E646C 
 1570              	.LASF38:
 1571 042f 63707573 		.ascii	"cpussIpcNr\000"
 1571      73497063 
 1571      4E7200
 1572              	.LASF25:
 1573 043a 6770696F 		.ascii	"gpioBase\000"
 1573      42617365 
 1573      00
 1574              	.LASF126:
 1575 0443 74785374 		.ascii	"txStatus\000"
 1575      61747573 
 1575      00
 1576              	.LASF74:
 1577 044c 70657269 		.ascii	"periTrGrOffset\000"
 1577      54724772 
 1577      4F666673 
 1577      657400
 1578              	.LASF101:
 1579 045b 63707573 		.ascii	"cpussRam1Ctl0\000"
 1579      7352616D 
 1579      3143746C 
 1579      3000
 1580              	.LASF120:
 1581 0469 63624576 		.ascii	"cbEvents\000"
 1581      656E7473 
 1581      00
 1582              	.LASF75:
 1583 0472 70657269 		.ascii	"periTrGrSize\000"
 1583      54724772 
 1583      53697A65 
 1583      00
 1584              	.LASF159:
 1585 047f 43795F53 		.ascii	"Cy_SysEnableCM4\000"
 1585      7973456E 
 1585      61626C65 
 1585      434D3400 
 1586              	.LASF33:
 1587 048f 6770696F 		.ascii	"gpioVersion\000"
 1587      56657273 
 1587      696F6E00 
 1588              	.LASF105:
 1589 049b 63795F73 		.ascii	"cy_stc_device_t\000"
 1589      74635F64 
 1589      65766963 
ARM GAS  C:\Users\Mahrukh\AppData\Local\Temp\ccCbAyPw.s 			page 34


 1589      655F7400 
 1590              	.LASF122:
 1591 04ab 63795F73 		.ascii	"cy_stc_scb_spi_context_t\000"
 1591      74635F73 
 1591      63625F73 
 1591      70695F63 
 1591      6F6E7465 
 1592              	.LASF51:
 1593 04c4 65704D6F 		.ascii	"epMonitorNr\000"
 1593      6E69746F 
 1593      724E7200 
 1594              	.LASF130:
 1595 04d0 72785269 		.ascii	"rxRingBufHead\000"
 1595      6E674275 
 1595      66486561 
 1595      6400
 1596              	.LASF94:
 1597 04de 63707573 		.ascii	"cpussTrimRamCtlOffset\000"
 1597      73547269 
 1597      6D52616D 
 1597      43746C4F 
 1597      66667365 
 1598              	.LASF149:
 1599 04f4 73746172 		.ascii	"startInput\000"
 1599      74496E70 
 1599      757400
 1600              	.LASF29:
 1601 04ff 63707573 		.ascii	"cpussVersion\000"
 1601      73566572 
 1601      73696F6E 
 1601      00
 1602              	.LASF36:
 1603 050c 70657269 		.ascii	"periVersion\000"
 1603      56657273 
 1603      696F6E00 
 1604              	.LASF92:
 1605 0518 63707573 		.ascii	"cpussCm0StatusOffset\000"
 1605      73436D30 
 1605      53746174 
 1605      75734F66 
 1605      66736574 
 1606              	.LASF134:
 1607 052d 63795F73 		.ascii	"cy_stc_tcpwm_counter_config\000"
 1607      74635F74 
 1607      6370776D 
 1607      5F636F75 
 1607      6E746572 
 1608              	.LASF17:
 1609 0549 73697A65 		.ascii	"sizetype\000"
 1609      74797065 
 1609      00
 1610              	.LASF66:
 1611 0552 64774368 		.ascii	"dwChOffset\000"
 1611      4F666673 
 1611      657400
 1612              	.LASF41:
 1613 055d 63707573 		.ascii	"cpussFlashPaSize\000"
ARM GAS  C:\Users\Mahrukh\AppData\Local\Temp\ccCbAyPw.s 			page 35


 1613      73466C61 
 1613      73685061 
 1613      53697A65 
 1613      00
 1614              	.LASF79:
 1615 056e 70657269 		.ascii	"periDivCmdPaTypeSelPos\000"
 1615      44697643 
 1615      6D645061 
 1615      54797065 
 1615      53656C50 
 1616              	.LASF102:
 1617 0585 63707573 		.ascii	"cpussRam2Ctl0\000"
 1617      7352616D 
 1617      3243746C 
 1617      3000
 1618              	.LASF70:
 1619 0593 64775374 		.ascii	"dwStatusChIdxPos\000"
 1619      61747573 
 1619      43684964 
 1619      78506F73 
 1619      00
 1620              	.LASF52:
 1621 05a4 75646250 		.ascii	"udbPresent\000"
 1621      72657365 
 1621      6E7400
 1622              	.LASF127:
 1623 05af 72785374 		.ascii	"rxStatus\000"
 1623      61747573 
 1623      00
 1624              	.LASF32:
 1625 05b8 666C6173 		.ascii	"flashcVersion\000"
 1625      68635665 
 1625      7273696F 
 1625      6E00
 1626              	.LASF28:
 1627 05c6 63727970 		.ascii	"cryptoBase\000"
 1627      746F4261 
 1627      736500
 1628              	.LASF49:
 1629 05d1 736D6966 		.ascii	"smifDeviceNr\000"
 1629      44657669 
 1629      63654E72 
 1629      00
 1630              	.LASF103:
 1631 05de 69706353 		.ascii	"ipcStructSize\000"
 1631      74727563 
 1631      7453697A 
 1631      6500
 1632              	.LASF107:
 1633 05ec 666C6F61 		.ascii	"float\000"
 1633      7400
 1634              	.LASF71:
 1635 05f2 64775374 		.ascii	"dwStatusChIdxMsk\000"
 1635      61747573 
 1635      43684964 
 1635      784D736B 
 1635      00
ARM GAS  C:\Users\Mahrukh\AppData\Local\Temp\ccCbAyPw.s 			page 36


 1636              	.LASF155:
 1637 0603 63795F64 		.ascii	"cy_device\000"
 1637      65766963 
 1637      6500
 1638              	.LASF99:
 1639 060d 63707573 		.ascii	"cpussRomCtl\000"
 1639      73526F6D 
 1639      43746C00 
 1640              	.LASF69:
 1641 0619 64774368 		.ascii	"dwChCtlPreemptablePos\000"
 1641      43746C50 
 1641      7265656D 
 1641      70746162 
 1641      6C65506F 
 1642              	.LASF132:
 1643 062f 74784C65 		.ascii	"txLeftToTransmit\000"
 1643      6674546F 
 1643      5472616E 
 1643      736D6974 
 1643      00
 1644              	.LASF22:
 1645 0640 75646242 		.ascii	"udbBase\000"
 1645      61736500 
 1646              	.LASF148:
 1647 0648 73746172 		.ascii	"startInputMode\000"
 1647      74496E70 
 1647      75744D6F 
 1647      646500
 1648              	.LASF1:
 1649 0657 756E7369 		.ascii	"unsigned char\000"
 1649      676E6564 
 1649      20636861 
 1649      7200
 1650              	.LASF65:
 1651 0665 666C6173 		.ascii	"flashCtlMainWs4Freq\000"
 1651      6843746C 
 1651      4D61696E 
 1651      57733446 
 1651      72657100 
 1652              	.LASF0:
 1653 0679 73686F72 		.ascii	"short int\000"
 1653      7420696E 
 1653      7400
 1654              	.LASF76:
 1655 0683 70657269 		.ascii	"periDivCmdDivSelMsk\000"
 1655      44697643 
 1655      6D644469 
 1655      7653656C 
 1655      4D736B00 
 1656              	.LASF63:
 1657 0697 666C6173 		.ascii	"flashCtlMainWs2Freq\000"
 1657      6843746C 
 1657      4D61696E 
 1657      57733246 
 1657      72657100 
 1658              	.LASF139:
 1659 06ab 636F6D70 		.ascii	"compareOrCapture\000"
ARM GAS  C:\Users\Mahrukh\AppData\Local\Temp\ccCbAyPw.s 			page 37


 1659      6172654F 
 1659      72436170 
 1659      74757265 
 1659      00
 1660              	.LASF47:
 1661 06bc 73727373 		.ascii	"srssNumHfroot\000"
 1661      4E756D48 
 1661      66726F6F 
 1661      7400
 1662              	.LASF60:
 1663 06ca 666C6173 		.ascii	"flashEraseDelay\000"
 1663      68457261 
 1663      73654465 
 1663      6C617900 
 1664              	.LASF16:
 1665 06da 75696E74 		.ascii	"uint32_t\000"
 1665      33325F74 
 1665      00
 1666              	.LASF98:
 1667 06e3 63707573 		.ascii	"cpussCm4NmiCtlOffset\000"
 1667      73436D34 
 1667      4E6D6943 
 1667      746C4F66 
 1667      66736574 
 1668              	.LASF161:
 1669 06f8 474E5520 		.ascii	"GNU C11 5.4.1 20160609 (release) [ARM/embedded-5-br"
 1669      43313120 
 1669      352E342E 
 1669      31203230 
 1669      31363036 
 1670 072b 616E6368 		.ascii	"anch revision 237715] -mcpu=cortex-m0plus -mthumb -"
 1670      20726576 
 1670      6973696F 
 1670      6E203233 
 1670      37373135 
 1671 075e 67202D4F 		.ascii	"g -Og -ffunction-sections -ffat-lto-objects\000"
 1671      67202D66 
 1671      66756E63 
 1671      74696F6E 
 1671      2D736563 
 1672              	.LASF111:
 1673 078a 5F426F6F 		.ascii	"_Bool\000"
 1673      6C00
 1674              	.LASF18:
 1675 0790 6C6F6E67 		.ascii	"long double\000"
 1675      20646F75 
 1675      626C6500 
 1676              	.LASF106:
 1677 079c 63686172 		.ascii	"char\000"
 1677      00
 1678              	.LASF153:
 1679 07a1 636F756E 		.ascii	"countInput\000"
 1679      74496E70 
 1679      757400
 1680              	.LASF37:
 1681 07ac 70726F74 		.ascii	"protVersion\000"
 1681      56657273 
ARM GAS  C:\Users\Mahrukh\AppData\Local\Temp\ccCbAyPw.s 			page 38


 1681      696F6E00 
 1682              	.LASF100:
 1683 07b8 63707573 		.ascii	"cpussRam0Ctl0\000"
 1683      7352616D 
 1683      3043746C 
 1683      3000
 1684              	.LASF5:
 1685 07c6 5F5F7569 		.ascii	"__uint16_t\000"
 1685      6E743136 
 1685      5F7400
 1686              	.LASF81:
 1687 07d1 70657269 		.ascii	"periDiv16CtlOffset\000"
 1687      44697631 
 1687      3643746C 
 1687      4F666673 
 1687      657400
 1688              	.LASF110:
 1689 07e4 43595F53 		.ascii	"CY_SYSPM_WAIT_FOR_EVENT\000"
 1689      5953504D 
 1689      5F574149 
 1689      545F464F 
 1689      525F4556 
 1690              	.LASF34:
 1691 07fc 6873696F 		.ascii	"hsiomVersion\000"
 1691      6D566572 
 1691      73696F6E 
 1691      00
 1692              	.LASF59:
 1693 0809 666C6173 		.ascii	"flashProgramDelay\000"
 1693      6850726F 
 1693      6772616D 
 1693      44656C61 
 1693      7900
 1694              	.LASF129:
 1695 081b 72785269 		.ascii	"rxRingBufSize\000"
 1695      6E674275 
 1695      6653697A 
 1695      6500
 1696              	.LASF147:
 1697 0829 72656C6F 		.ascii	"reloadInput\000"
 1697      6164496E 
 1697      70757400 
 1698              	.LASF6:
 1699 0835 73686F72 		.ascii	"short unsigned int\000"
 1699      7420756E 
 1699      7369676E 
 1699      65642069 
 1699      6E7400
 1700              	.LASF67:
 1701 0848 64774368 		.ascii	"dwChSize\000"
 1701      53697A65 
 1701      00
 1702              	.LASF151:
 1703 0851 73746F70 		.ascii	"stopInput\000"
 1703      496E7075 
 1703      7400
 1704              	.LASF109:
ARM GAS  C:\Users\Mahrukh\AppData\Local\Temp\ccCbAyPw.s 			page 39


 1705 085b 43595F53 		.ascii	"CY_SYSPM_WAIT_FOR_INTERRUPT\000"
 1705      5953504D 
 1705      5F574149 
 1705      545F464F 
 1705      525F494E 
 1706              	.LASF42:
 1707 0877 63707573 		.ascii	"cpussIpc0Irq\000"
 1707      73497063 
 1707      30497271 
 1707      00
 1708              	.LASF140:
 1709 0884 636F6D70 		.ascii	"compare0\000"
 1709      61726530 
 1709      00
 1710              	.LASF156:
 1711 088d 43595F45 		.ascii	"CY_EINK_SPIM_context\000"
 1711      494E4B5F 
 1711      5350494D 
 1711      5F636F6E 
 1711      74657874 
 1712              	.LASF141:
 1713 08a2 636F6D70 		.ascii	"compare1\000"
 1713      61726531 
 1713      00
 1714              	.LASF89:
 1715 08ab 63707573 		.ascii	"cpussCm0ClockCtlOffset\000"
 1715      73436D30 
 1715      436C6F63 
 1715      6B43746C 
 1715      4F666673 
 1716              	.LASF85:
 1717 08c2 6770696F 		.ascii	"gpioPrtCfgOffset\000"
 1717      50727443 
 1717      66674F66 
 1717      66736574 
 1717      00
 1718              	.LASF121:
 1719 08d3 696E6974 		.ascii	"initKey\000"
 1719      4B657900 
 1720              	.LASF114:
 1721 08db 72784275 		.ascii	"rxBuf\000"
 1721      6600
 1722              	.LASF2:
 1723 08e1 7369676E 		.ascii	"signed char\000"
 1723      65642063 
 1723      68617200 
 1724              	.LASF133:
 1725 08ed 63795F73 		.ascii	"cy_stc_scb_uart_context_t\000"
 1725      74635F73 
 1725      63625F75 
 1725      6172745F 
 1725      636F6E74 
 1726              	.LASF113:
 1727 0907 73746174 		.ascii	"status\000"
 1727      757300
 1728              	.LASF44:
 1729 090e 63707573 		.ascii	"cpussNotConnectedIrq\000"
ARM GAS  C:\Users\Mahrukh\AppData\Local\Temp\ccCbAyPw.s 			page 40


 1729      734E6F74 
 1729      436F6E6E 
 1729      65637465 
 1729      64497271 
 1730              	.LASF58:
 1731 0923 666C6173 		.ascii	"flashWriteDelay\000"
 1731      68577269 
 1731      74654465 
 1731      6C617900 
 1732              	.LASF13:
 1733 0933 75696E74 		.ascii	"uint8_t\000"
 1733      385F7400 
 1734              	.LASF157:
 1735 093b 43595F45 		.ascii	"CY_EINK_Timer_config\000"
 1735      494E4B5F 
 1735      54696D65 
 1735      725F636F 
 1735      6E666967 
 1736              	.LASF91:
 1737 0950 63707573 		.ascii	"cpussCm4StatusOffset\000"
 1737      73436D34 
 1737      53746174 
 1737      75734F66 
 1737      66736574 
 1738              	.LASF84:
 1739 0965 6770696F 		.ascii	"gpioPrtIntrCfgOffset\000"
 1739      50727449 
 1739      6E747243 
 1739      66674F66 
 1739      66736574 
 1740              	.LASF146:
 1741 097a 72656C6F 		.ascii	"reloadInputMode\000"
 1741      6164496E 
 1741      7075744D 
 1741      6F646500 
 1742              	.LASF131:
 1743 098a 72785269 		.ascii	"rxRingBufTail\000"
 1743      6E674275 
 1743      66546169 
 1743      6C00
 1744              	.LASF95:
 1745 0998 63707573 		.ascii	"cpussTrimRomCtlOffset\000"
 1745      73547269 
 1745      6D526F6D 
 1745      43746C4F 
 1745      66667365 
 1746              	.LASF152:
 1747 09ae 636F756E 		.ascii	"countInputMode\000"
 1747      74496E70 
 1747      75744D6F 
 1747      646500
 1748              	.LASF31:
 1749 09bd 64775665 		.ascii	"dwVersion\000"
 1749      7273696F 
 1749      6E00
 1750              	.LASF27:
 1751 09c7 69706342 		.ascii	"ipcBase\000"
ARM GAS  C:\Users\Mahrukh\AppData\Local\Temp\ccCbAyPw.s 			page 41


 1751      61736500 
 1752              	.LASF78:
 1753 09cf 70657269 		.ascii	"periDivCmdPaDivSelPos\000"
 1753      44697643 
 1753      6D645061 
 1753      44697653 
 1753      656C506F 
 1754              	.LASF125:
 1755 09e5 63795F73 		.ascii	"cy_stc_scb_uart_context\000"
 1755      74635F73 
 1755      63625F75 
 1755      6172745F 
 1755      636F6E74 
 1756              	.LASF163:
 1757 09fd 433A5C55 		.ascii	"C:\\Users\\Mahrukh\\OneDrive\\Documents\\ESSAI_3\\L"
 1757      73657273 
 1757      5C4D6168 
 1757      72756B68 
 1757      5C4F6E65 
 1758 0a2a 61626F72 		.ascii	"aboratoire3.cydsn\000"
 1758      61746F69 
 1758      7265332E 
 1758      63796473 
 1758      6E00
 1759              	.LASF56:
 1760 0a3c 666C6173 		.ascii	"flashRwwRequired\000"
 1760      68527777 
 1760      52657175 
 1760      69726564 
 1760      00
 1761              	.LASF119:
 1762 0a4d 74784275 		.ascii	"txBufIdx\000"
 1762      66496478 
 1762      00
 1763              		.ident	"GCC: (GNU Tools for ARM Embedded Processors) 5.4.1 20160609 (release) [ARM/embedded-5-bran
